CRITICAL - 2023-03-22 00:58:21 --> syntax error, unexpected token ","
in APPPATH\Views\dashboards.php on line 34.
 1 SYSTEMPATH\View\View.php(216): CodeIgniter\View\View->CodeIgniter\View\{closure}()
 2 SYSTEMPATH\Common.php(1135): CodeIgniter\View\View->render('dashboards', [], true)
 3 APPPATH\Controllers\Dashboards.php(28): view('dashboards', [...])
 4 SYSTEMPATH\CodeIgniter.php(925): App\Controllers\Dashboards->index()
 5 SYSTEMPATH\CodeIgniter.php(480): CodeIgniter\CodeIgniter->runController(Object(App\Controllers\Dashboards))
 6 SYSTEMPATH\CodeIgniter.php(349): CodeIgniter\CodeIgniter->handleRequest(null, Object(Config\Cache), false)
 7 FCPATH\index.php(67): CodeIgniter\CodeIgniter->run()
CRITICAL - 2023-03-22 00:59:18 --> syntax error, unexpected token ",", expecting "->" or "?->" or "{" or "["
in APPPATH\Views\dashboards.php on line 34.
 1 SYSTEMPATH\View\View.php(216): CodeIgniter\View\View->CodeIgniter\View\{closure}()
 2 SYSTEMPATH\Common.php(1135): CodeIgniter\View\View->render('dashboards', [], true)
 3 APPPATH\Controllers\Dashboards.php(28): view('dashboards', [...])
 4 SYSTEMPATH\CodeIgniter.php(925): App\Controllers\Dashboards->index()
 5 SYSTEMPATH\CodeIgniter.php(480): CodeIgniter\CodeIgniter->runController(Object(App\Controllers\Dashboards))
 6 SYSTEMPATH\CodeIgniter.php(349): CodeIgniter\CodeIgniter->handleRequest(null, Object(Config\Cache), false)
 7 FCPATH\index.php(67): CodeIgniter\CodeIgniter->run()
CRITICAL - 2023-03-22 00:59:19 --> syntax error, unexpected token ",", expecting "->" or "?->" or "{" or "["
in APPPATH\Views\dashboards.php on line 34.
 1 SYSTEMPATH\View\View.php(216): CodeIgniter\View\View->CodeIgniter\View\{closure}()
 2 SYSTEMPATH\Common.php(1135): CodeIgniter\View\View->render('dashboards', [], true)
 3 APPPATH\Controllers\Dashboards.php(28): view('dashboards', [...])
 4 SYSTEMPATH\CodeIgniter.php(925): App\Controllers\Dashboards->index()
 5 SYSTEMPATH\CodeIgniter.php(480): CodeIgniter\CodeIgniter->runController(Object(App\Controllers\Dashboards))
 6 SYSTEMPATH\CodeIgniter.php(349): CodeIgniter\CodeIgniter->handleRequest(null, Object(Config\Cache), false)
 7 FCPATH\index.php(67): CodeIgniter\CodeIgniter->run()
CRITICAL - 2023-03-22 00:59:50 --> syntax error, unexpected token "as", expecting "->" or "?->" or "{" or "["
in APPPATH\Views\dashboards.php on line 34.
 1 SYSTEMPATH\View\View.php(216): CodeIgniter\View\View->CodeIgniter\View\{closure}()
 2 SYSTEMPATH\Common.php(1135): CodeIgniter\View\View->render('dashboards', [], true)
 3 APPPATH\Controllers\Dashboards.php(28): view('dashboards', [...])
 4 SYSTEMPATH\CodeIgniter.php(925): App\Controllers\Dashboards->index()
 5 SYSTEMPATH\CodeIgniter.php(480): CodeIgniter\CodeIgniter->runController(Object(App\Controllers\Dashboards))
 6 SYSTEMPATH\CodeIgniter.php(349): CodeIgniter\CodeIgniter->handleRequest(null, Object(Config\Cache), false)
 7 FCPATH\index.php(67): CodeIgniter\CodeIgniter->run()
CRITICAL - 2023-03-22 00:59:51 --> syntax error, unexpected token "as", expecting "->" or "?->" or "{" or "["
in APPPATH\Views\dashboards.php on line 34.
 1 SYSTEMPATH\View\View.php(216): CodeIgniter\View\View->CodeIgniter\View\{closure}()
 2 SYSTEMPATH\Common.php(1135): CodeIgniter\View\View->render('dashboards', [], true)
 3 APPPATH\Controllers\Dashboards.php(28): view('dashboards', [...])
 4 SYSTEMPATH\CodeIgniter.php(925): App\Controllers\Dashboards->index()
 5 SYSTEMPATH\CodeIgniter.php(480): CodeIgniter\CodeIgniter->runController(Object(App\Controllers\Dashboards))
 6 SYSTEMPATH\CodeIgniter.php(349): CodeIgniter\CodeIgniter->handleRequest(null, Object(Config\Cache), false)
 7 FCPATH\index.php(67): CodeIgniter\CodeIgniter->run()
CRITICAL - 2023-03-22 00:59:52 --> syntax error, unexpected token "as", expecting "->" or "?->" or "{" or "["
in APPPATH\Views\dashboards.php on line 34.
 1 SYSTEMPATH\View\View.php(216): CodeIgniter\View\View->CodeIgniter\View\{closure}()
 2 SYSTEMPATH\Common.php(1135): CodeIgniter\View\View->render('dashboards', [], true)
 3 APPPATH\Controllers\Dashboards.php(28): view('dashboards', [...])
 4 SYSTEMPATH\CodeIgniter.php(925): App\Controllers\Dashboards->index()
 5 SYSTEMPATH\CodeIgniter.php(480): CodeIgniter\CodeIgniter->runController(Object(App\Controllers\Dashboards))
 6 SYSTEMPATH\CodeIgniter.php(349): CodeIgniter\CodeIgniter->handleRequest(null, Object(Config\Cache), false)
 7 FCPATH\index.php(67): CodeIgniter\CodeIgniter->run()
CRITICAL - 2023-03-22 00:59:52 --> syntax error, unexpected token "as", expecting "->" or "?->" or "{" or "["
in APPPATH\Views\dashboards.php on line 34.
 1 SYSTEMPATH\View\View.php(216): CodeIgniter\View\View->CodeIgniter\View\{closure}()
 2 SYSTEMPATH\Common.php(1135): CodeIgniter\View\View->render('dashboards', [], true)
 3 APPPATH\Controllers\Dashboards.php(28): view('dashboards', [...])
 4 SYSTEMPATH\CodeIgniter.php(925): App\Controllers\Dashboards->index()
 5 SYSTEMPATH\CodeIgniter.php(480): CodeIgniter\CodeIgniter->runController(Object(App\Controllers\Dashboards))
 6 SYSTEMPATH\CodeIgniter.php(349): CodeIgniter\CodeIgniter->handleRequest(null, Object(Config\Cache), false)
 7 FCPATH\index.php(67): CodeIgniter\CodeIgniter->run()
CRITICAL - 2023-03-22 00:59:53 --> syntax error, unexpected token "as", expecting "->" or "?->" or "{" or "["
in APPPATH\Views\dashboards.php on line 34.
 1 SYSTEMPATH\View\View.php(216): CodeIgniter\View\View->CodeIgniter\View\{closure}()
 2 SYSTEMPATH\Common.php(1135): CodeIgniter\View\View->render('dashboards', [], true)
 3 APPPATH\Controllers\Dashboards.php(28): view('dashboards', [...])
 4 SYSTEMPATH\CodeIgniter.php(925): App\Controllers\Dashboards->index()
 5 SYSTEMPATH\CodeIgniter.php(480): CodeIgniter\CodeIgniter->runController(Object(App\Controllers\Dashboards))
 6 SYSTEMPATH\CodeIgniter.php(349): CodeIgniter\CodeIgniter->handleRequest(null, Object(Config\Cache), false)
 7 FCPATH\index.php(67): CodeIgniter\CodeIgniter->run()
CRITICAL - 2023-03-22 00:59:53 --> syntax error, unexpected token "as", expecting "->" or "?->" or "{" or "["
in APPPATH\Views\dashboards.php on line 34.
 1 SYSTEMPATH\View\View.php(216): CodeIgniter\View\View->CodeIgniter\View\{closure}()
 2 SYSTEMPATH\Common.php(1135): CodeIgniter\View\View->render('dashboards', [], true)
 3 APPPATH\Controllers\Dashboards.php(28): view('dashboards', [...])
 4 SYSTEMPATH\CodeIgniter.php(925): App\Controllers\Dashboards->index()
 5 SYSTEMPATH\CodeIgniter.php(480): CodeIgniter\CodeIgniter->runController(Object(App\Controllers\Dashboards))
 6 SYSTEMPATH\CodeIgniter.php(349): CodeIgniter\CodeIgniter->handleRequest(null, Object(Config\Cache), false)
 7 FCPATH\index.php(67): CodeIgniter\CodeIgniter->run()
CRITICAL - 2023-03-22 01:21:22 --> syntax error, unexpected token "as", expecting "->" or "?->" or "{" or "["
in APPPATH\Views\dashboards.php on line 34.
 1 SYSTEMPATH\View\View.php(216): CodeIgniter\View\View->CodeIgniter\View\{closure}()
 2 SYSTEMPATH\Common.php(1135): CodeIgniter\View\View->render('dashboards', [], true)
 3 APPPATH\Controllers\Dashboards.php(28): view('dashboards', [...])
 4 SYSTEMPATH\CodeIgniter.php(925): App\Controllers\Dashboards->index()
 5 SYSTEMPATH\CodeIgniter.php(480): CodeIgniter\CodeIgniter->runController(Object(App\Controllers\Dashboards))
 6 SYSTEMPATH\CodeIgniter.php(349): CodeIgniter\CodeIgniter->handleRequest(null, Object(Config\Cache), false)
 7 FCPATH\index.php(67): CodeIgniter\CodeIgniter->run()
CRITICAL - 2023-03-22 01:55:43 --> syntax error, unexpected end of file
in APPPATH\Views\dashboards.php on line 115.
 1 SYSTEMPATH\View\View.php(216): CodeIgniter\View\View->CodeIgniter\View\{closure}()
 2 SYSTEMPATH\Common.php(1135): CodeIgniter\View\View->render('dashboards', [], true)
 3 APPPATH\Controllers\Dashboards.php(28): view('dashboards', [...])
 4 SYSTEMPATH\CodeIgniter.php(925): App\Controllers\Dashboards->index()
 5 SYSTEMPATH\CodeIgniter.php(480): CodeIgniter\CodeIgniter->runController(Object(App\Controllers\Dashboards))
 6 SYSTEMPATH\CodeIgniter.php(349): CodeIgniter\CodeIgniter->handleRequest(null, Object(Config\Cache), false)
 7 FCPATH\index.php(67): CodeIgniter\CodeIgniter->run()
CRITICAL - 2023-03-22 01:56:43 --> Undefined variable $Cbookm
in APPPATH\Views\dashboards.php on line 36.
 1 APPPATH\Views\dashboards.php(36): CodeIgniter\Debug\Exceptions->errorHandler(2, 'Undefined variable $Cbookm', 'APPPATH\\Views\\dashboards.php', 36)
 2 SYSTEMPATH\View\View.php(213): include('APPPATH\\Views\\dashboards.php')
 3 SYSTEMPATH\View\View.php(216): CodeIgniter\View\View->CodeIgniter\View\{closure}()
 4 SYSTEMPATH\Common.php(1135): CodeIgniter\View\View->render('dashboards', [], true)
 5 APPPATH\Controllers\Dashboards.php(28): view('dashboards', [...])
 6 SYSTEMPATH\CodeIgniter.php(925): App\Controllers\Dashboards->index()
 7 SYSTEMPATH\CodeIgniter.php(480): CodeIgniter\CodeIgniter->runController(Object(App\Controllers\Dashboards))
 8 SYSTEMPATH\CodeIgniter.php(349): CodeIgniter\CodeIgniter->handleRequest(null, Object(Config\Cache), false)
 9 FCPATH\index.php(67): CodeIgniter\CodeIgniter->run()
CRITICAL - 2023-03-22 01:56:49 --> Undefined variable $Cbookm
in APPPATH\Views\dashboards.php on line 36.
 1 APPPATH\Views\dashboards.php(36): CodeIgniter\Debug\Exceptions->errorHandler(2, 'Undefined variable $Cbookm', 'APPPATH\\Views\\dashboards.php', 36)
 2 SYSTEMPATH\View\View.php(213): include('APPPATH\\Views\\dashboards.php')
 3 SYSTEMPATH\View\View.php(216): CodeIgniter\View\View->CodeIgniter\View\{closure}()
 4 SYSTEMPATH\Common.php(1135): CodeIgniter\View\View->render('dashboards', [], true)
 5 APPPATH\Controllers\Dashboards.php(28): view('dashboards', [...])
 6 SYSTEMPATH\CodeIgniter.php(925): App\Controllers\Dashboards->index()
 7 SYSTEMPATH\CodeIgniter.php(480): CodeIgniter\CodeIgniter->runController(Object(App\Controllers\Dashboards))
 8 SYSTEMPATH\CodeIgniter.php(349): CodeIgniter\CodeIgniter->handleRequest(null, Object(Config\Cache), false)
 9 FCPATH\index.php(67): CodeIgniter\CodeIgniter->run()
CRITICAL - 2023-03-22 01:56:49 --> Undefined variable $Cbookm
in APPPATH\Views\dashboards.php on line 36.
 1 APPPATH\Views\dashboards.php(36): CodeIgniter\Debug\Exceptions->errorHandler(2, 'Undefined variable $Cbookm', 'APPPATH\\Views\\dashboards.php', 36)
 2 SYSTEMPATH\View\View.php(213): include('APPPATH\\Views\\dashboards.php')
 3 SYSTEMPATH\View\View.php(216): CodeIgniter\View\View->CodeIgniter\View\{closure}()
 4 SYSTEMPATH\Common.php(1135): CodeIgniter\View\View->render('dashboards', [], true)
 5 APPPATH\Controllers\Dashboards.php(28): view('dashboards', [...])
 6 SYSTEMPATH\CodeIgniter.php(925): App\Controllers\Dashboards->index()
 7 SYSTEMPATH\CodeIgniter.php(480): CodeIgniter\CodeIgniter->runController(Object(App\Controllers\Dashboards))
 8 SYSTEMPATH\CodeIgniter.php(349): CodeIgniter\CodeIgniter->handleRequest(null, Object(Config\Cache), false)
 9 FCPATH\index.php(67): CodeIgniter\CodeIgniter->run()
CRITICAL - 2023-03-22 01:56:49 --> Undefined variable $Cbookm
in APPPATH\Views\dashboards.php on line 36.
 1 APPPATH\Views\dashboards.php(36): CodeIgniter\Debug\Exceptions->errorHandler(2, 'Undefined variable $Cbookm', 'APPPATH\\Views\\dashboards.php', 36)
 2 SYSTEMPATH\View\View.php(213): include('APPPATH\\Views\\dashboards.php')
 3 SYSTEMPATH\View\View.php(216): CodeIgniter\View\View->CodeIgniter\View\{closure}()
 4 SYSTEMPATH\Common.php(1135): CodeIgniter\View\View->render('dashboards', [], true)
 5 APPPATH\Controllers\Dashboards.php(28): view('dashboards', [...])
 6 SYSTEMPATH\CodeIgniter.php(925): App\Controllers\Dashboards->index()
 7 SYSTEMPATH\CodeIgniter.php(480): CodeIgniter\CodeIgniter->runController(Object(App\Controllers\Dashboards))
 8 SYSTEMPATH\CodeIgniter.php(349): CodeIgniter\CodeIgniter->handleRequest(null, Object(Config\Cache), false)
 9 FCPATH\index.php(67): CodeIgniter\CodeIgniter->run()
CRITICAL - 2023-03-22 01:56:50 --> Undefined variable $Cbookm
in APPPATH\Views\dashboards.php on line 36.
 1 APPPATH\Views\dashboards.php(36): CodeIgniter\Debug\Exceptions->errorHandler(2, 'Undefined variable $Cbookm', 'APPPATH\\Views\\dashboards.php', 36)
 2 SYSTEMPATH\View\View.php(213): include('APPPATH\\Views\\dashboards.php')
 3 SYSTEMPATH\View\View.php(216): CodeIgniter\View\View->CodeIgniter\View\{closure}()
 4 SYSTEMPATH\Common.php(1135): CodeIgniter\View\View->render('dashboards', [], true)
 5 APPPATH\Controllers\Dashboards.php(28): view('dashboards', [...])
 6 SYSTEMPATH\CodeIgniter.php(925): App\Controllers\Dashboards->index()
 7 SYSTEMPATH\CodeIgniter.php(480): CodeIgniter\CodeIgniter->runController(Object(App\Controllers\Dashboards))
 8 SYSTEMPATH\CodeIgniter.php(349): CodeIgniter\CodeIgniter->handleRequest(null, Object(Config\Cache), false)
 9 FCPATH\index.php(67): CodeIgniter\CodeIgniter->run()
CRITICAL - 2023-03-22 01:56:50 --> Undefined variable $Cbookm
in APPPATH\Views\dashboards.php on line 36.
 1 APPPATH\Views\dashboards.php(36): CodeIgniter\Debug\Exceptions->errorHandler(2, 'Undefined variable $Cbookm', 'APPPATH\\Views\\dashboards.php', 36)
 2 SYSTEMPATH\View\View.php(213): include('APPPATH\\Views\\dashboards.php')
 3 SYSTEMPATH\View\View.php(216): CodeIgniter\View\View->CodeIgniter\View\{closure}()
 4 SYSTEMPATH\Common.php(1135): CodeIgniter\View\View->render('dashboards', [], true)
 5 APPPATH\Controllers\Dashboards.php(28): view('dashboards', [...])
 6 SYSTEMPATH\CodeIgniter.php(925): App\Controllers\Dashboards->index()
 7 SYSTEMPATH\CodeIgniter.php(480): CodeIgniter\CodeIgniter->runController(Object(App\Controllers\Dashboards))
 8 SYSTEMPATH\CodeIgniter.php(349): CodeIgniter\CodeIgniter->handleRequest(null, Object(Config\Cache), false)
 9 FCPATH\index.php(67): CodeIgniter\CodeIgniter->run()
CRITICAL - 2023-03-22 01:56:50 --> Undefined variable $Cbookm
in APPPATH\Views\dashboards.php on line 36.
 1 APPPATH\Views\dashboards.php(36): CodeIgniter\Debug\Exceptions->errorHandler(2, 'Undefined variable $Cbookm', 'APPPATH\\Views\\dashboards.php', 36)
 2 SYSTEMPATH\View\View.php(213): include('APPPATH\\Views\\dashboards.php')
 3 SYSTEMPATH\View\View.php(216): CodeIgniter\View\View->CodeIgniter\View\{closure}()
 4 SYSTEMPATH\Common.php(1135): CodeIgniter\View\View->render('dashboards', [], true)
 5 APPPATH\Controllers\Dashboards.php(28): view('dashboards', [...])
 6 SYSTEMPATH\CodeIgniter.php(925): App\Controllers\Dashboards->index()
 7 SYSTEMPATH\CodeIgniter.php(480): CodeIgniter\CodeIgniter->runController(Object(App\Controllers\Dashboards))
 8 SYSTEMPATH\CodeIgniter.php(349): CodeIgniter\CodeIgniter->handleRequest(null, Object(Config\Cache), false)
 9 FCPATH\index.php(67): CodeIgniter\CodeIgniter->run()
CRITICAL - 2023-03-22 01:56:51 --> Undefined variable $Cbookm
in APPPATH\Views\dashboards.php on line 36.
 1 APPPATH\Views\dashboards.php(36): CodeIgniter\Debug\Exceptions->errorHandler(2, 'Undefined variable $Cbookm', 'APPPATH\\Views\\dashboards.php', 36)
 2 SYSTEMPATH\View\View.php(213): include('APPPATH\\Views\\dashboards.php')
 3 SYSTEMPATH\View\View.php(216): CodeIgniter\View\View->CodeIgniter\View\{closure}()
 4 SYSTEMPATH\Common.php(1135): CodeIgniter\View\View->render('dashboards', [], true)
 5 APPPATH\Controllers\Dashboards.php(28): view('dashboards', [...])
 6 SYSTEMPATH\CodeIgniter.php(925): App\Controllers\Dashboards->index()
 7 SYSTEMPATH\CodeIgniter.php(480): CodeIgniter\CodeIgniter->runController(Object(App\Controllers\Dashboards))
 8 SYSTEMPATH\CodeIgniter.php(349): CodeIgniter\CodeIgniter->handleRequest(null, Object(Config\Cache), false)
 9 FCPATH\index.php(67): CodeIgniter\CodeIgniter->run()
CRITICAL - 2023-03-22 01:56:52 --> Undefined variable $Cbookm
in APPPATH\Views\dashboards.php on line 36.
 1 APPPATH\Views\dashboards.php(36): CodeIgniter\Debug\Exceptions->errorHandler(2, 'Undefined variable $Cbookm', 'APPPATH\\Views\\dashboards.php', 36)
 2 SYSTEMPATH\View\View.php(213): include('APPPATH\\Views\\dashboards.php')
 3 SYSTEMPATH\View\View.php(216): CodeIgniter\View\View->CodeIgniter\View\{closure}()
 4 SYSTEMPATH\Common.php(1135): CodeIgniter\View\View->render('dashboards', [], true)
 5 APPPATH\Controllers\Dashboards.php(28): view('dashboards', [...])
 6 SYSTEMPATH\CodeIgniter.php(925): App\Controllers\Dashboards->index()
 7 SYSTEMPATH\CodeIgniter.php(480): CodeIgniter\CodeIgniter->runController(Object(App\Controllers\Dashboards))
 8 SYSTEMPATH\CodeIgniter.php(349): CodeIgniter\CodeIgniter->handleRequest(null, Object(Config\Cache), false)
 9 FCPATH\index.php(67): CodeIgniter\CodeIgniter->run()
CRITICAL - 2023-03-22 01:58:20 --> Undefined variable $Cbookm
in APPPATH\Views\dashboards.php on line 36.
 1 APPPATH\Views\dashboards.php(36): CodeIgniter\Debug\Exceptions->errorHandler(2, 'Undefined variable $Cbookm', 'APPPATH\\Views\\dashboards.php', 36)
 2 SYSTEMPATH\View\View.php(213): include('APPPATH\\Views\\dashboards.php')
 3 SYSTEMPATH\View\View.php(216): CodeIgniter\View\View->CodeIgniter\View\{closure}()
 4 SYSTEMPATH\Common.php(1135): CodeIgniter\View\View->render('dashboards', [], true)
 5 APPPATH\Controllers\Dashboards.php(28): view('dashboards', [...])
 6 SYSTEMPATH\CodeIgniter.php(925): App\Controllers\Dashboards->index()
 7 SYSTEMPATH\CodeIgniter.php(480): CodeIgniter\CodeIgniter->runController(Object(App\Controllers\Dashboards))
 8 SYSTEMPATH\CodeIgniter.php(349): CodeIgniter\CodeIgniter->handleRequest(null, Object(Config\Cache), false)
 9 FCPATH\index.php(67): CodeIgniter\CodeIgniter->run()
CRITICAL - 2023-03-22 01:58:21 --> Undefined variable $Cbookm
in APPPATH\Views\dashboards.php on line 36.
 1 APPPATH\Views\dashboards.php(36): CodeIgniter\Debug\Exceptions->errorHandler(2, 'Undefined variable $Cbookm', 'APPPATH\\Views\\dashboards.php', 36)
 2 SYSTEMPATH\View\View.php(213): include('APPPATH\\Views\\dashboards.php')
 3 SYSTEMPATH\View\View.php(216): CodeIgniter\View\View->CodeIgniter\View\{closure}()
 4 SYSTEMPATH\Common.php(1135): CodeIgniter\View\View->render('dashboards', [], true)
 5 APPPATH\Controllers\Dashboards.php(28): view('dashboards', [...])
 6 SYSTEMPATH\CodeIgniter.php(925): App\Controllers\Dashboards->index()
 7 SYSTEMPATH\CodeIgniter.php(480): CodeIgniter\CodeIgniter->runController(Object(App\Controllers\Dashboards))
 8 SYSTEMPATH\CodeIgniter.php(349): CodeIgniter\CodeIgniter->handleRequest(null, Object(Config\Cache), false)
 9 FCPATH\index.php(67): CodeIgniter\CodeIgniter->run()
CRITICAL - 2023-03-22 01:58:22 --> Undefined variable $Cbookm
in APPPATH\Views\dashboards.php on line 36.
 1 APPPATH\Views\dashboards.php(36): CodeIgniter\Debug\Exceptions->errorHandler(2, 'Undefined variable $Cbookm', 'APPPATH\\Views\\dashboards.php', 36)
 2 SYSTEMPATH\View\View.php(213): include('APPPATH\\Views\\dashboards.php')
 3 SYSTEMPATH\View\View.php(216): CodeIgniter\View\View->CodeIgniter\View\{closure}()
 4 SYSTEMPATH\Common.php(1135): CodeIgniter\View\View->render('dashboards', [], true)
 5 APPPATH\Controllers\Dashboards.php(28): view('dashboards', [...])
 6 SYSTEMPATH\CodeIgniter.php(925): App\Controllers\Dashboards->index()
 7 SYSTEMPATH\CodeIgniter.php(480): CodeIgniter\CodeIgniter->runController(Object(App\Controllers\Dashboards))
 8 SYSTEMPATH\CodeIgniter.php(349): CodeIgniter\CodeIgniter->handleRequest(null, Object(Config\Cache), false)
 9 FCPATH\index.php(67): CodeIgniter\CodeIgniter->run()
CRITICAL - 2023-03-22 01:58:22 --> Undefined variable $Cbookm
in APPPATH\Views\dashboards.php on line 36.
 1 APPPATH\Views\dashboards.php(36): CodeIgniter\Debug\Exceptions->errorHandler(2, 'Undefined variable $Cbookm', 'APPPATH\\Views\\dashboards.php', 36)
 2 SYSTEMPATH\View\View.php(213): include('APPPATH\\Views\\dashboards.php')
 3 SYSTEMPATH\View\View.php(216): CodeIgniter\View\View->CodeIgniter\View\{closure}()
 4 SYSTEMPATH\Common.php(1135): CodeIgniter\View\View->render('dashboards', [], true)
 5 APPPATH\Controllers\Dashboards.php(28): view('dashboards', [...])
 6 SYSTEMPATH\CodeIgniter.php(925): App\Controllers\Dashboards->index()
 7 SYSTEMPATH\CodeIgniter.php(480): CodeIgniter\CodeIgniter->runController(Object(App\Controllers\Dashboards))
 8 SYSTEMPATH\CodeIgniter.php(349): CodeIgniter\CodeIgniter->handleRequest(null, Object(Config\Cache), false)
 9 FCPATH\index.php(67): CodeIgniter\CodeIgniter->run()
CRITICAL - 2023-03-22 01:58:22 --> Undefined variable $Cbookm
in APPPATH\Views\dashboards.php on line 36.
 1 APPPATH\Views\dashboards.php(36): CodeIgniter\Debug\Exceptions->errorHandler(2, 'Undefined variable $Cbookm', 'APPPATH\\Views\\dashboards.php', 36)
 2 SYSTEMPATH\View\View.php(213): include('APPPATH\\Views\\dashboards.php')
 3 SYSTEMPATH\View\View.php(216): CodeIgniter\View\View->CodeIgniter\View\{closure}()
 4 SYSTEMPATH\Common.php(1135): CodeIgniter\View\View->render('dashboards', [], true)
 5 APPPATH\Controllers\Dashboards.php(28): view('dashboards', [...])
 6 SYSTEMPATH\CodeIgniter.php(925): App\Controllers\Dashboards->index()
 7 SYSTEMPATH\CodeIgniter.php(480): CodeIgniter\CodeIgniter->runController(Object(App\Controllers\Dashboards))
 8 SYSTEMPATH\CodeIgniter.php(349): CodeIgniter\CodeIgniter->handleRequest(null, Object(Config\Cache), false)
 9 FCPATH\index.php(67): CodeIgniter\CodeIgniter->run()
CRITICAL - 2023-03-22 01:58:23 --> Undefined variable $Cbookm
in APPPATH\Views\dashboards.php on line 36.
 1 APPPATH\Views\dashboards.php(36): CodeIgniter\Debug\Exceptions->errorHandler(2, 'Undefined variable $Cbookm', 'APPPATH\\Views\\dashboards.php', 36)
 2 SYSTEMPATH\View\View.php(213): include('APPPATH\\Views\\dashboards.php')
 3 SYSTEMPATH\View\View.php(216): CodeIgniter\View\View->CodeIgniter\View\{closure}()
 4 SYSTEMPATH\Common.php(1135): CodeIgniter\View\View->render('dashboards', [], true)
 5 APPPATH\Controllers\Dashboards.php(28): view('dashboards', [...])
 6 SYSTEMPATH\CodeIgniter.php(925): App\Controllers\Dashboards->index()
 7 SYSTEMPATH\CodeIgniter.php(480): CodeIgniter\CodeIgniter->runController(Object(App\Controllers\Dashboards))
 8 SYSTEMPATH\CodeIgniter.php(349): CodeIgniter\CodeIgniter->handleRequest(null, Object(Config\Cache), false)
 9 FCPATH\index.php(67): CodeIgniter\CodeIgniter->run()
CRITICAL - 2023-03-22 01:58:23 --> Undefined variable $Cbookm
in APPPATH\Views\dashboards.php on line 36.
 1 APPPATH\Views\dashboards.php(36): CodeIgniter\Debug\Exceptions->errorHandler(2, 'Undefined variable $Cbookm', 'APPPATH\\Views\\dashboards.php', 36)
 2 SYSTEMPATH\View\View.php(213): include('APPPATH\\Views\\dashboards.php')
 3 SYSTEMPATH\View\View.php(216): CodeIgniter\View\View->CodeIgniter\View\{closure}()
 4 SYSTEMPATH\Common.php(1135): CodeIgniter\View\View->render('dashboards', [], true)
 5 APPPATH\Controllers\Dashboards.php(28): view('dashboards', [...])
 6 SYSTEMPATH\CodeIgniter.php(925): App\Controllers\Dashboards->index()
 7 SYSTEMPATH\CodeIgniter.php(480): CodeIgniter\CodeIgniter->runController(Object(App\Controllers\Dashboards))
 8 SYSTEMPATH\CodeIgniter.php(349): CodeIgniter\CodeIgniter->handleRequest(null, Object(Config\Cache), false)
 9 FCPATH\index.php(67): CodeIgniter\CodeIgniter->run()
CRITICAL - 2023-03-22 01:58:23 --> Undefined variable $Cbookm
in APPPATH\Views\dashboards.php on line 36.
 1 APPPATH\Views\dashboards.php(36): CodeIgniter\Debug\Exceptions->errorHandler(2, 'Undefined variable $Cbookm', 'APPPATH\\Views\\dashboards.php', 36)
 2 SYSTEMPATH\View\View.php(213): include('APPPATH\\Views\\dashboards.php')
 3 SYSTEMPATH\View\View.php(216): CodeIgniter\View\View->CodeIgniter\View\{closure}()
 4 SYSTEMPATH\Common.php(1135): CodeIgniter\View\View->render('dashboards', [], true)
 5 APPPATH\Controllers\Dashboards.php(28): view('dashboards', [...])
 6 SYSTEMPATH\CodeIgniter.php(925): App\Controllers\Dashboards->index()
 7 SYSTEMPATH\CodeIgniter.php(480): CodeIgniter\CodeIgniter->runController(Object(App\Controllers\Dashboards))
 8 SYSTEMPATH\CodeIgniter.php(349): CodeIgniter\CodeIgniter->handleRequest(null, Object(Config\Cache), false)
 9 FCPATH\index.php(67): CodeIgniter\CodeIgniter->run()
CRITICAL - 2023-03-22 01:58:24 --> Undefined variable $Cbookm
in APPPATH\Views\dashboards.php on line 36.
 1 APPPATH\Views\dashboards.php(36): CodeIgniter\Debug\Exceptions->errorHandler(2, 'Undefined variable $Cbookm', 'APPPATH\\Views\\dashboards.php', 36)
 2 SYSTEMPATH\View\View.php(213): include('APPPATH\\Views\\dashboards.php')
 3 SYSTEMPATH\View\View.php(216): CodeIgniter\View\View->CodeIgniter\View\{closure}()
 4 SYSTEMPATH\Common.php(1135): CodeIgniter\View\View->render('dashboards', [], true)
 5 APPPATH\Controllers\Dashboards.php(28): view('dashboards', [...])
 6 SYSTEMPATH\CodeIgniter.php(925): App\Controllers\Dashboards->index()
 7 SYSTEMPATH\CodeIgniter.php(480): CodeIgniter\CodeIgniter->runController(Object(App\Controllers\Dashboards))
 8 SYSTEMPATH\CodeIgniter.php(349): CodeIgniter\CodeIgniter->handleRequest(null, Object(Config\Cache), false)
 9 FCPATH\index.php(67): CodeIgniter\CodeIgniter->run()
CRITICAL - 2023-03-22 02:23:51 --> syntax error, unexpected end of file
in APPPATH\Views\dashboards.php on line 111.
 1 SYSTEMPATH\View\View.php(216): CodeIgniter\View\View->CodeIgniter\View\{closure}()
 2 SYSTEMPATH\Common.php(1135): CodeIgniter\View\View->render('dashboards', [], true)
 3 APPPATH\Controllers\Dashboards.php(28): view('dashboards', [...])
 4 SYSTEMPATH\CodeIgniter.php(925): App\Controllers\Dashboards->index()
 5 SYSTEMPATH\CodeIgniter.php(480): CodeIgniter\CodeIgniter->runController(Object(App\Controllers\Dashboards))
 6 SYSTEMPATH\CodeIgniter.php(349): CodeIgniter\CodeIgniter->handleRequest(null, Object(Config\Cache), false)
 7 FCPATH\index.php(67): CodeIgniter\CodeIgniter->run()
CRITICAL - 2023-03-22 02:23:53 --> syntax error, unexpected end of file
in APPPATH\Views\dashboards.php on line 111.
 1 SYSTEMPATH\View\View.php(216): CodeIgniter\View\View->CodeIgniter\View\{closure}()
 2 SYSTEMPATH\Common.php(1135): CodeIgniter\View\View->render('dashboards', [], true)
 3 APPPATH\Controllers\Dashboards.php(28): view('dashboards', [...])
 4 SYSTEMPATH\CodeIgniter.php(925): App\Controllers\Dashboards->index()
 5 SYSTEMPATH\CodeIgniter.php(480): CodeIgniter\CodeIgniter->runController(Object(App\Controllers\Dashboards))
 6 SYSTEMPATH\CodeIgniter.php(349): CodeIgniter\CodeIgniter->handleRequest(null, Object(Config\Cache), false)
 7 FCPATH\index.php(67): CodeIgniter\CodeIgniter->run()
CRITICAL - 2023-03-22 02:30:53 --> Undefined variable $Cbookm
in APPPATH\Views\dashboards.php on line 35.
 1 APPPATH\Views\dashboards.php(35): CodeIgniter\Debug\Exceptions->errorHandler(2, 'Undefined variable $Cbookm', 'APPPATH\\Views\\dashboards.php', 35)
 2 SYSTEMPATH\View\View.php(213): include('APPPATH\\Views\\dashboards.php')
 3 SYSTEMPATH\View\View.php(216): CodeIgniter\View\View->CodeIgniter\View\{closure}()
 4 SYSTEMPATH\Common.php(1135): CodeIgniter\View\View->render('dashboards', [], true)
 5 APPPATH\Controllers\Dashboards.php(28): view('dashboards', [...])
 6 SYSTEMPATH\CodeIgniter.php(925): App\Controllers\Dashboards->index()
 7 SYSTEMPATH\CodeIgniter.php(480): CodeIgniter\CodeIgniter->runController(Object(App\Controllers\Dashboards))
 8 SYSTEMPATH\CodeIgniter.php(349): CodeIgniter\CodeIgniter->handleRequest(null, Object(Config\Cache), false)
 9 FCPATH\index.php(67): CodeIgniter\CodeIgniter->run()
CRITICAL - 2023-03-22 02:30:55 --> Undefined variable $Cbookm
in APPPATH\Views\dashboards.php on line 35.
 1 APPPATH\Views\dashboards.php(35): CodeIgniter\Debug\Exceptions->errorHandler(2, 'Undefined variable $Cbookm', 'APPPATH\\Views\\dashboards.php', 35)
 2 SYSTEMPATH\View\View.php(213): include('APPPATH\\Views\\dashboards.php')
 3 SYSTEMPATH\View\View.php(216): CodeIgniter\View\View->CodeIgniter\View\{closure}()
 4 SYSTEMPATH\Common.php(1135): CodeIgniter\View\View->render('dashboards', [], true)
 5 APPPATH\Controllers\Dashboards.php(28): view('dashboards', [...])
 6 SYSTEMPATH\CodeIgniter.php(925): App\Controllers\Dashboards->index()
 7 SYSTEMPATH\CodeIgniter.php(480): CodeIgniter\CodeIgniter->runController(Object(App\Controllers\Dashboards))
 8 SYSTEMPATH\CodeIgniter.php(349): CodeIgniter\CodeIgniter->handleRequest(null, Object(Config\Cache), false)
 9 FCPATH\index.php(67): CodeIgniter\CodeIgniter->run()
CRITICAL - 2023-03-22 02:34:15 --> Cannot redeclare App\Controllers\Dashboards::index()
in APPPATH\Controllers\Dashboards.php on line 30.
 1 [internal function]: CodeIgniter\Debug\Exceptions->shutdownHandler()
CRITICAL - 2023-03-22 02:34:16 --> Cannot redeclare App\Controllers\Dashboards::index()
in APPPATH\Controllers\Dashboards.php on line 30.
 1 [internal function]: CodeIgniter\Debug\Exceptions->shutdownHandler()
CRITICAL - 2023-03-22 02:34:17 --> Cannot redeclare App\Controllers\Dashboards::index()
in APPPATH\Controllers\Dashboards.php on line 30.
 1 [internal function]: CodeIgniter\Debug\Exceptions->shutdownHandler()
CRITICAL - 2023-03-22 02:34:56 --> Undefined variable $Cbookm
in APPPATH\Views\dashboards.php on line 35.
 1 APPPATH\Views\dashboards.php(35): CodeIgniter\Debug\Exceptions->errorHandler(2, 'Undefined variable $Cbookm', 'APPPATH\\Views\\dashboards.php', 35)
 2 SYSTEMPATH\View\View.php(213): include('APPPATH\\Views\\dashboards.php')
 3 SYSTEMPATH\View\View.php(216): CodeIgniter\View\View->CodeIgniter\View\{closure}()
 4 SYSTEMPATH\Common.php(1135): CodeIgniter\View\View->render('dashboards', [], true)
 5 APPPATH\Controllers\Dashboards.php(28): view('dashboards', [...])
 6 SYSTEMPATH\CodeIgniter.php(925): App\Controllers\Dashboards->index()
 7 SYSTEMPATH\CodeIgniter.php(480): CodeIgniter\CodeIgniter->runController(Object(App\Controllers\Dashboards))
 8 SYSTEMPATH\CodeIgniter.php(349): CodeIgniter\CodeIgniter->handleRequest(null, Object(Config\Cache), false)
 9 FCPATH\index.php(67): CodeIgniter\CodeIgniter->run()
CRITICAL - 2023-03-22 02:34:56 --> Undefined variable $Cbookm
in APPPATH\Views\dashboards.php on line 35.
 1 APPPATH\Views\dashboards.php(35): CodeIgniter\Debug\Exceptions->errorHandler(2, 'Undefined variable $Cbookm', 'APPPATH\\Views\\dashboards.php', 35)
 2 SYSTEMPATH\View\View.php(213): include('APPPATH\\Views\\dashboards.php')
 3 SYSTEMPATH\View\View.php(216): CodeIgniter\View\View->CodeIgniter\View\{closure}()
 4 SYSTEMPATH\Common.php(1135): CodeIgniter\View\View->render('dashboards', [], true)
 5 APPPATH\Controllers\Dashboards.php(28): view('dashboards', [...])
 6 SYSTEMPATH\CodeIgniter.php(925): App\Controllers\Dashboards->index()
 7 SYSTEMPATH\CodeIgniter.php(480): CodeIgniter\CodeIgniter->runController(Object(App\Controllers\Dashboards))
 8 SYSTEMPATH\CodeIgniter.php(349): CodeIgniter\CodeIgniter->handleRequest(null, Object(Config\Cache), false)
 9 FCPATH\index.php(67): CodeIgniter\CodeIgniter->run()
CRITICAL - 2023-03-22 02:34:56 --> Undefined variable $Cbookm
in APPPATH\Views\dashboards.php on line 35.
 1 APPPATH\Views\dashboards.php(35): CodeIgniter\Debug\Exceptions->errorHandler(2, 'Undefined variable $Cbookm', 'APPPATH\\Views\\dashboards.php', 35)
 2 SYSTEMPATH\View\View.php(213): include('APPPATH\\Views\\dashboards.php')
 3 SYSTEMPATH\View\View.php(216): CodeIgniter\View\View->CodeIgniter\View\{closure}()
 4 SYSTEMPATH\Common.php(1135): CodeIgniter\View\View->render('dashboards', [], true)
 5 APPPATH\Controllers\Dashboards.php(28): view('dashboards', [...])
 6 SYSTEMPATH\CodeIgniter.php(925): App\Controllers\Dashboards->index()
 7 SYSTEMPATH\CodeIgniter.php(480): CodeIgniter\CodeIgniter->runController(Object(App\Controllers\Dashboards))
 8 SYSTEMPATH\CodeIgniter.php(349): CodeIgniter\CodeIgniter->handleRequest(null, Object(Config\Cache), false)
 9 FCPATH\index.php(67): CodeIgniter\CodeIgniter->run()
CRITICAL - 2023-03-22 02:34:57 --> Undefined variable $Cbookm
in APPPATH\Views\dashboards.php on line 35.
 1 APPPATH\Views\dashboards.php(35): CodeIgniter\Debug\Exceptions->errorHandler(2, 'Undefined variable $Cbookm', 'APPPATH\\Views\\dashboards.php', 35)
 2 SYSTEMPATH\View\View.php(213): include('APPPATH\\Views\\dashboards.php')
 3 SYSTEMPATH\View\View.php(216): CodeIgniter\View\View->CodeIgniter\View\{closure}()
 4 SYSTEMPATH\Common.php(1135): CodeIgniter\View\View->render('dashboards', [], true)
 5 APPPATH\Controllers\Dashboards.php(28): view('dashboards', [...])
 6 SYSTEMPATH\CodeIgniter.php(925): App\Controllers\Dashboards->index()
 7 SYSTEMPATH\CodeIgniter.php(480): CodeIgniter\CodeIgniter->runController(Object(App\Controllers\Dashboards))
 8 SYSTEMPATH\CodeIgniter.php(349): CodeIgniter\CodeIgniter->handleRequest(null, Object(Config\Cache), false)
 9 FCPATH\index.php(67): CodeIgniter\CodeIgniter->run()
CRITICAL - 2023-03-22 02:34:58 --> Undefined variable $Cbookm
in APPPATH\Views\dashboards.php on line 35.
 1 APPPATH\Views\dashboards.php(35): CodeIgniter\Debug\Exceptions->errorHandler(2, 'Undefined variable $Cbookm', 'APPPATH\\Views\\dashboards.php', 35)
 2 SYSTEMPATH\View\View.php(213): include('APPPATH\\Views\\dashboards.php')
 3 SYSTEMPATH\View\View.php(216): CodeIgniter\View\View->CodeIgniter\View\{closure}()
 4 SYSTEMPATH\Common.php(1135): CodeIgniter\View\View->render('dashboards', [], true)
 5 APPPATH\Controllers\Dashboards.php(28): view('dashboards', [...])
 6 SYSTEMPATH\CodeIgniter.php(925): App\Controllers\Dashboards->index()
 7 SYSTEMPATH\CodeIgniter.php(480): CodeIgniter\CodeIgniter->runController(Object(App\Controllers\Dashboards))
 8 SYSTEMPATH\CodeIgniter.php(349): CodeIgniter\CodeIgniter->handleRequest(null, Object(Config\Cache), false)
 9 FCPATH\index.php(67): CodeIgniter\CodeIgniter->run()
CRITICAL - 2023-03-22 02:34:59 --> Undefined variable $Cbookm
in APPPATH\Views\dashboards.php on line 35.
 1 APPPATH\Views\dashboards.php(35): CodeIgniter\Debug\Exceptions->errorHandler(2, 'Undefined variable $Cbookm', 'APPPATH\\Views\\dashboards.php', 35)
 2 SYSTEMPATH\View\View.php(213): include('APPPATH\\Views\\dashboards.php')
 3 SYSTEMPATH\View\View.php(216): CodeIgniter\View\View->CodeIgniter\View\{closure}()
 4 SYSTEMPATH\Common.php(1135): CodeIgniter\View\View->render('dashboards', [], true)
 5 APPPATH\Controllers\Dashboards.php(28): view('dashboards', [...])
 6 SYSTEMPATH\CodeIgniter.php(925): App\Controllers\Dashboards->index()
 7 SYSTEMPATH\CodeIgniter.php(480): CodeIgniter\CodeIgniter->runController(Object(App\Controllers\Dashboards))
 8 SYSTEMPATH\CodeIgniter.php(349): CodeIgniter\CodeIgniter->handleRequest(null, Object(Config\Cache), false)
 9 FCPATH\index.php(67): CodeIgniter\CodeIgniter->run()
CRITICAL - 2023-03-22 02:34:59 --> Undefined variable $Cbookm
in APPPATH\Views\dashboards.php on line 35.
 1 APPPATH\Views\dashboards.php(35): CodeIgniter\Debug\Exceptions->errorHandler(2, 'Undefined variable $Cbookm', 'APPPATH\\Views\\dashboards.php', 35)
 2 SYSTEMPATH\View\View.php(213): include('APPPATH\\Views\\dashboards.php')
 3 SYSTEMPATH\View\View.php(216): CodeIgniter\View\View->CodeIgniter\View\{closure}()
 4 SYSTEMPATH\Common.php(1135): CodeIgniter\View\View->render('dashboards', [], true)
 5 APPPATH\Controllers\Dashboards.php(28): view('dashboards', [...])
 6 SYSTEMPATH\CodeIgniter.php(925): App\Controllers\Dashboards->index()
 7 SYSTEMPATH\CodeIgniter.php(480): CodeIgniter\CodeIgniter->runController(Object(App\Controllers\Dashboards))
 8 SYSTEMPATH\CodeIgniter.php(349): CodeIgniter\CodeIgniter->handleRequest(null, Object(Config\Cache), false)
 9 FCPATH\index.php(67): CodeIgniter\CodeIgniter->run()
CRITICAL - 2023-03-22 02:35:00 --> Undefined variable $Cbookm
in APPPATH\Views\dashboards.php on line 35.
 1 APPPATH\Views\dashboards.php(35): CodeIgniter\Debug\Exceptions->errorHandler(2, 'Undefined variable $Cbookm', 'APPPATH\\Views\\dashboards.php', 35)
 2 SYSTEMPATH\View\View.php(213): include('APPPATH\\Views\\dashboards.php')
 3 SYSTEMPATH\View\View.php(216): CodeIgniter\View\View->CodeIgniter\View\{closure}()
 4 SYSTEMPATH\Common.php(1135): CodeIgniter\View\View->render('dashboards', [], true)
 5 APPPATH\Controllers\Dashboards.php(28): view('dashboards', [...])
 6 SYSTEMPATH\CodeIgniter.php(925): App\Controllers\Dashboards->index()
 7 SYSTEMPATH\CodeIgniter.php(480): CodeIgniter\CodeIgniter->runController(Object(App\Controllers\Dashboards))
 8 SYSTEMPATH\CodeIgniter.php(349): CodeIgniter\CodeIgniter->handleRequest(null, Object(Config\Cache), false)
 9 FCPATH\index.php(67): CodeIgniter\CodeIgniter->run()
CRITICAL - 2023-03-22 02:35:47 --> Undefined variable $Cbookm
in APPPATH\Views\dashboards.php on line 36.
 1 APPPATH\Views\dashboards.php(36): CodeIgniter\Debug\Exceptions->errorHandler(2, 'Undefined variable $Cbookm', 'APPPATH\\Views\\dashboards.php', 36)
 2 SYSTEMPATH\View\View.php(213): include('APPPATH\\Views\\dashboards.php')
 3 SYSTEMPATH\View\View.php(216): CodeIgniter\View\View->CodeIgniter\View\{closure}()
 4 SYSTEMPATH\Common.php(1135): CodeIgniter\View\View->render('dashboards', [], true)
 5 APPPATH\Controllers\Dashboards.php(28): view('dashboards', [...])
 6 SYSTEMPATH\CodeIgniter.php(925): App\Controllers\Dashboards->index()
 7 SYSTEMPATH\CodeIgniter.php(480): CodeIgniter\CodeIgniter->runController(Object(App\Controllers\Dashboards))
 8 SYSTEMPATH\CodeIgniter.php(349): CodeIgniter\CodeIgniter->handleRequest(null, Object(Config\Cache), false)
 9 FCPATH\index.php(67): CodeIgniter\CodeIgniter->run()
CRITICAL - 2023-03-22 02:35:48 --> Undefined variable $Cbookm
in APPPATH\Views\dashboards.php on line 36.
 1 APPPATH\Views\dashboards.php(36): CodeIgniter\Debug\Exceptions->errorHandler(2, 'Undefined variable $Cbookm', 'APPPATH\\Views\\dashboards.php', 36)
 2 SYSTEMPATH\View\View.php(213): include('APPPATH\\Views\\dashboards.php')
 3 SYSTEMPATH\View\View.php(216): CodeIgniter\View\View->CodeIgniter\View\{closure}()
 4 SYSTEMPATH\Common.php(1135): CodeIgniter\View\View->render('dashboards', [], true)
 5 APPPATH\Controllers\Dashboards.php(28): view('dashboards', [...])
 6 SYSTEMPATH\CodeIgniter.php(925): App\Controllers\Dashboards->index()
 7 SYSTEMPATH\CodeIgniter.php(480): CodeIgniter\CodeIgniter->runController(Object(App\Controllers\Dashboards))
 8 SYSTEMPATH\CodeIgniter.php(349): CodeIgniter\CodeIgniter->handleRequest(null, Object(Config\Cache), false)
 9 FCPATH\index.php(67): CodeIgniter\CodeIgniter->run()
CRITICAL - 2023-03-22 02:35:49 --> Undefined variable $Cbookm
in APPPATH\Views\dashboards.php on line 36.
 1 APPPATH\Views\dashboards.php(36): CodeIgniter\Debug\Exceptions->errorHandler(2, 'Undefined variable $Cbookm', 'APPPATH\\Views\\dashboards.php', 36)
 2 SYSTEMPATH\View\View.php(213): include('APPPATH\\Views\\dashboards.php')
 3 SYSTEMPATH\View\View.php(216): CodeIgniter\View\View->CodeIgniter\View\{closure}()
 4 SYSTEMPATH\Common.php(1135): CodeIgniter\View\View->render('dashboards', [], true)
 5 APPPATH\Controllers\Dashboards.php(28): view('dashboards', [...])
 6 SYSTEMPATH\CodeIgniter.php(925): App\Controllers\Dashboards->index()
 7 SYSTEMPATH\CodeIgniter.php(480): CodeIgniter\CodeIgniter->runController(Object(App\Controllers\Dashboards))
 8 SYSTEMPATH\CodeIgniter.php(349): CodeIgniter\CodeIgniter->handleRequest(null, Object(Config\Cache), false)
 9 FCPATH\index.php(67): CodeIgniter\CodeIgniter->run()
CRITICAL - 2023-03-22 02:35:49 --> Undefined variable $Cbookm
in APPPATH\Views\dashboards.php on line 36.
 1 APPPATH\Views\dashboards.php(36): CodeIgniter\Debug\Exceptions->errorHandler(2, 'Undefined variable $Cbookm', 'APPPATH\\Views\\dashboards.php', 36)
 2 SYSTEMPATH\View\View.php(213): include('APPPATH\\Views\\dashboards.php')
 3 SYSTEMPATH\View\View.php(216): CodeIgniter\View\View->CodeIgniter\View\{closure}()
 4 SYSTEMPATH\Common.php(1135): CodeIgniter\View\View->render('dashboards', [], true)
 5 APPPATH\Controllers\Dashboards.php(28): view('dashboards', [...])
 6 SYSTEMPATH\CodeIgniter.php(925): App\Controllers\Dashboards->index()
 7 SYSTEMPATH\CodeIgniter.php(480): CodeIgniter\CodeIgniter->runController(Object(App\Controllers\Dashboards))
 8 SYSTEMPATH\CodeIgniter.php(349): CodeIgniter\CodeIgniter->handleRequest(null, Object(Config\Cache), false)
 9 FCPATH\index.php(67): CodeIgniter\CodeIgniter->run()
CRITICAL - 2023-03-22 02:35:49 --> Undefined variable $Cbookm
in APPPATH\Views\dashboards.php on line 36.
 1 APPPATH\Views\dashboards.php(36): CodeIgniter\Debug\Exceptions->errorHandler(2, 'Undefined variable $Cbookm', 'APPPATH\\Views\\dashboards.php', 36)
 2 SYSTEMPATH\View\View.php(213): include('APPPATH\\Views\\dashboards.php')
 3 SYSTEMPATH\View\View.php(216): CodeIgniter\View\View->CodeIgniter\View\{closure}()
 4 SYSTEMPATH\Common.php(1135): CodeIgniter\View\View->render('dashboards', [], true)
 5 APPPATH\Controllers\Dashboards.php(28): view('dashboards', [...])
 6 SYSTEMPATH\CodeIgniter.php(925): App\Controllers\Dashboards->index()
 7 SYSTEMPATH\CodeIgniter.php(480): CodeIgniter\CodeIgniter->runController(Object(App\Controllers\Dashboards))
 8 SYSTEMPATH\CodeIgniter.php(349): CodeIgniter\CodeIgniter->handleRequest(null, Object(Config\Cache), false)
 9 FCPATH\index.php(67): CodeIgniter\CodeIgniter->run()
CRITICAL - 2023-03-22 02:35:50 --> Undefined variable $Cbookm
in APPPATH\Views\dashboards.php on line 36.
 1 APPPATH\Views\dashboards.php(36): CodeIgniter\Debug\Exceptions->errorHandler(2, 'Undefined variable $Cbookm', 'APPPATH\\Views\\dashboards.php', 36)
 2 SYSTEMPATH\View\View.php(213): include('APPPATH\\Views\\dashboards.php')
 3 SYSTEMPATH\View\View.php(216): CodeIgniter\View\View->CodeIgniter\View\{closure}()
 4 SYSTEMPATH\Common.php(1135): CodeIgniter\View\View->render('dashboards', [], true)
 5 APPPATH\Controllers\Dashboards.php(28): view('dashboards', [...])
 6 SYSTEMPATH\CodeIgniter.php(925): App\Controllers\Dashboards->index()
 7 SYSTEMPATH\CodeIgniter.php(480): CodeIgniter\CodeIgniter->runController(Object(App\Controllers\Dashboards))
 8 SYSTEMPATH\CodeIgniter.php(349): CodeIgniter\CodeIgniter->handleRequest(null, Object(Config\Cache), false)
 9 FCPATH\index.php(67): CodeIgniter\CodeIgniter->run()
CRITICAL - 2023-03-22 02:35:51 --> Undefined variable $Cbookm
in APPPATH\Views\dashboards.php on line 36.
 1 APPPATH\Views\dashboards.php(36): CodeIgniter\Debug\Exceptions->errorHandler(2, 'Undefined variable $Cbookm', 'APPPATH\\Views\\dashboards.php', 36)
 2 SYSTEMPATH\View\View.php(213): include('APPPATH\\Views\\dashboards.php')
 3 SYSTEMPATH\View\View.php(216): CodeIgniter\View\View->CodeIgniter\View\{closure}()
 4 SYSTEMPATH\Common.php(1135): CodeIgniter\View\View->render('dashboards', [], true)
 5 APPPATH\Controllers\Dashboards.php(28): view('dashboards', [...])
 6 SYSTEMPATH\CodeIgniter.php(925): App\Controllers\Dashboards->index()
 7 SYSTEMPATH\CodeIgniter.php(480): CodeIgniter\CodeIgniter->runController(Object(App\Controllers\Dashboards))
 8 SYSTEMPATH\CodeIgniter.php(349): CodeIgniter\CodeIgniter->handleRequest(null, Object(Config\Cache), false)
 9 FCPATH\index.php(67): CodeIgniter\CodeIgniter->run()
CRITICAL - 2023-03-22 02:35:51 --> Undefined variable $Cbookm
in APPPATH\Views\dashboards.php on line 36.
 1 APPPATH\Views\dashboards.php(36): CodeIgniter\Debug\Exceptions->errorHandler(2, 'Undefined variable $Cbookm', 'APPPATH\\Views\\dashboards.php', 36)
 2 SYSTEMPATH\View\View.php(213): include('APPPATH\\Views\\dashboards.php')
 3 SYSTEMPATH\View\View.php(216): CodeIgniter\View\View->CodeIgniter\View\{closure}()
 4 SYSTEMPATH\Common.php(1135): CodeIgniter\View\View->render('dashboards', [], true)
 5 APPPATH\Controllers\Dashboards.php(28): view('dashboards', [...])
 6 SYSTEMPATH\CodeIgniter.php(925): App\Controllers\Dashboards->index()
 7 SYSTEMPATH\CodeIgniter.php(480): CodeIgniter\CodeIgniter->runController(Object(App\Controllers\Dashboards))
 8 SYSTEMPATH\CodeIgniter.php(349): CodeIgniter\CodeIgniter->handleRequest(null, Object(Config\Cache), false)
 9 FCPATH\index.php(67): CodeIgniter\CodeIgniter->run()
CRITICAL - 2023-03-22 02:35:52 --> Undefined variable $Cbookm
in APPPATH\Views\dashboards.php on line 36.
 1 APPPATH\Views\dashboards.php(36): CodeIgniter\Debug\Exceptions->errorHandler(2, 'Undefined variable $Cbookm', 'APPPATH\\Views\\dashboards.php', 36)
 2 SYSTEMPATH\View\View.php(213): include('APPPATH\\Views\\dashboards.php')
 3 SYSTEMPATH\View\View.php(216): CodeIgniter\View\View->CodeIgniter\View\{closure}()
 4 SYSTEMPATH\Common.php(1135): CodeIgniter\View\View->render('dashboards', [], true)
 5 APPPATH\Controllers\Dashboards.php(28): view('dashboards', [...])
 6 SYSTEMPATH\CodeIgniter.php(925): App\Controllers\Dashboards->index()
 7 SYSTEMPATH\CodeIgniter.php(480): CodeIgniter\CodeIgniter->runController(Object(App\Controllers\Dashboards))
 8 SYSTEMPATH\CodeIgniter.php(349): CodeIgniter\CodeIgniter->handleRequest(null, Object(Config\Cache), false)
 9 FCPATH\index.php(67): CodeIgniter\CodeIgniter->run()
CRITICAL - 2023-03-22 02:35:52 --> Undefined variable $Cbookm
in APPPATH\Views\dashboards.php on line 36.
 1 APPPATH\Views\dashboards.php(36): CodeIgniter\Debug\Exceptions->errorHandler(2, 'Undefined variable $Cbookm', 'APPPATH\\Views\\dashboards.php', 36)
 2 SYSTEMPATH\View\View.php(213): include('APPPATH\\Views\\dashboards.php')
 3 SYSTEMPATH\View\View.php(216): CodeIgniter\View\View->CodeIgniter\View\{closure}()
 4 SYSTEMPATH\Common.php(1135): CodeIgniter\View\View->render('dashboards', [], true)
 5 APPPATH\Controllers\Dashboards.php(28): view('dashboards', [...])
 6 SYSTEMPATH\CodeIgniter.php(925): App\Controllers\Dashboards->index()
 7 SYSTEMPATH\CodeIgniter.php(480): CodeIgniter\CodeIgniter->runController(Object(App\Controllers\Dashboards))
 8 SYSTEMPATH\CodeIgniter.php(349): CodeIgniter\CodeIgniter->handleRequest(null, Object(Config\Cache), false)
 9 FCPATH\index.php(67): CodeIgniter\CodeIgniter->run()
CRITICAL - 2023-03-22 02:35:52 --> Undefined variable $Cbookm
in APPPATH\Views\dashboards.php on line 36.
 1 APPPATH\Views\dashboards.php(36): CodeIgniter\Debug\Exceptions->errorHandler(2, 'Undefined variable $Cbookm', 'APPPATH\\Views\\dashboards.php', 36)
 2 SYSTEMPATH\View\View.php(213): include('APPPATH\\Views\\dashboards.php')
 3 SYSTEMPATH\View\View.php(216): CodeIgniter\View\View->CodeIgniter\View\{closure}()
 4 SYSTEMPATH\Common.php(1135): CodeIgniter\View\View->render('dashboards', [], true)
 5 APPPATH\Controllers\Dashboards.php(28): view('dashboards', [...])
 6 SYSTEMPATH\CodeIgniter.php(925): App\Controllers\Dashboards->index()
 7 SYSTEMPATH\CodeIgniter.php(480): CodeIgniter\CodeIgniter->runController(Object(App\Controllers\Dashboards))
 8 SYSTEMPATH\CodeIgniter.php(349): CodeIgniter\CodeIgniter->handleRequest(null, Object(Config\Cache), false)
 9 FCPATH\index.php(67): CodeIgniter\CodeIgniter->run()
CRITICAL - 2023-03-22 03:54:40 --> syntax error, unexpected token "->"
in APPPATH\Controllers\Dashboards.php on line 79.
 1 SYSTEMPATH\Autoloader\Autoloader.php(260): CodeIgniter\Autoloader\Autoloader->includeFile('APPPATH\\Controllers\\Dashboards.php')
 2 SYSTEMPATH\Autoloader\Autoloader.php(238): CodeIgniter\Autoloader\Autoloader->loadInNamespace('App\\Controllers\\Dashboards')
 3 [internal function]: CodeIgniter\Autoloader\Autoloader->loadClass('App\\Controllers\\Dashboards')
 4 SYSTEMPATH\CodeIgniter.php(875): class_exists('\\App\\Controllers\\Dashboards', true)
 5 SYSTEMPATH\CodeIgniter.php(467): CodeIgniter\CodeIgniter->startController()
 6 SYSTEMPATH\CodeIgniter.php(349): CodeIgniter\CodeIgniter->handleRequest(null, Object(Config\Cache), false)
 7 FCPATH\index.php(67): CodeIgniter\CodeIgniter->run()
CRITICAL - 2023-03-22 03:54:56 --> syntax error, unexpected token "->"
in APPPATH\Controllers\Dashboards.php on line 79.
 1 SYSTEMPATH\Autoloader\Autoloader.php(260): CodeIgniter\Autoloader\Autoloader->includeFile('APPPATH\\Controllers\\Dashboards.php')
 2 SYSTEMPATH\Autoloader\Autoloader.php(238): CodeIgniter\Autoloader\Autoloader->loadInNamespace('App\\Controllers\\Dashboards')
 3 [internal function]: CodeIgniter\Autoloader\Autoloader->loadClass('App\\Controllers\\Dashboards')
 4 SYSTEMPATH\CodeIgniter.php(875): class_exists('\\App\\Controllers\\Dashboards', true)
 5 SYSTEMPATH\CodeIgniter.php(467): CodeIgniter\CodeIgniter->startController()
 6 SYSTEMPATH\CodeIgniter.php(349): CodeIgniter\CodeIgniter->handleRequest(null, Object(Config\Cache), false)
 7 FCPATH\index.php(67): CodeIgniter\CodeIgniter->run()
CRITICAL - 2023-03-22 04:28:07 --> Object of class CodeIgniter\HTTP\Response could not be converted to string
in APPPATH\Controllers\Dashboards.php on line 85.
 1 SYSTEMPATH\CodeIgniter.php(925): App\Controllers\Dashboards->delete('15')
 2 SYSTEMPATH\CodeIgniter.php(480): CodeIgniter\CodeIgniter->runController(Object(App\Controllers\Dashboards))
 3 SYSTEMPATH\CodeIgniter.php(349): CodeIgniter\CodeIgniter->handleRequest(null, Object(Config\Cache), false)
 4 FCPATH\index.php(67): CodeIgniter\CodeIgniter->run()
CRITICAL - 2023-03-22 04:47:42 --> Undefined array key "name"
in APPPATH\Views\dashboards.php on line 41.
 1 APPPATH\Views\dashboards.php(41): CodeIgniter\Debug\Exceptions->errorHandler(2, 'Undefined array key "name"', 'APPPATH\\Views\\dashboards.php', 41)
 2 SYSTEMPATH\View\View.php(213): include('APPPATH\\Views\\dashboards.php')
 3 SYSTEMPATH\View\View.php(216): CodeIgniter\View\View->CodeIgniter\View\{closure}()
 4 SYSTEMPATH\Common.php(1135): CodeIgniter\View\View->render('dashboards', [], true)
 5 APPPATH\Controllers\Dashboards.php(28): view('dashboards', [...])
 6 SYSTEMPATH\CodeIgniter.php(925): App\Controllers\Dashboards->index()
 7 SYSTEMPATH\CodeIgniter.php(480): CodeIgniter\CodeIgniter->runController(Object(App\Controllers\Dashboards))
 8 SYSTEMPATH\CodeIgniter.php(349): CodeIgniter\CodeIgniter->handleRequest(null, Object(Config\Cache), false)
 9 FCPATH\index.php(67): CodeIgniter\CodeIgniter->run()
CRITICAL - 2023-03-22 04:47:59 --> Undefined array key "name"
in APPPATH\Views\dashboards.php on line 41.
 1 APPPATH\Views\dashboards.php(41): CodeIgniter\Debug\Exceptions->errorHandler(2, 'Undefined array key "name"', 'APPPATH\\Views\\dashboards.php', 41)
 2 SYSTEMPATH\View\View.php(213): include('APPPATH\\Views\\dashboards.php')
 3 SYSTEMPATH\View\View.php(216): CodeIgniter\View\View->CodeIgniter\View\{closure}()
 4 SYSTEMPATH\Common.php(1135): CodeIgniter\View\View->render('dashboards', [], true)
 5 APPPATH\Controllers\Dashboards.php(28): view('dashboards', [...])
 6 SYSTEMPATH\CodeIgniter.php(925): App\Controllers\Dashboards->index()
 7 SYSTEMPATH\CodeIgniter.php(480): CodeIgniter\CodeIgniter->runController(Object(App\Controllers\Dashboards))
 8 SYSTEMPATH\CodeIgniter.php(349): CodeIgniter\CodeIgniter->handleRequest(null, Object(Config\Cache), false)
 9 FCPATH\index.php(67): CodeIgniter\CodeIgniter->run()
CRITICAL - 2023-03-22 04:48:01 --> Undefined array key "name"
in APPPATH\Views\dashboards.php on line 41.
 1 APPPATH\Views\dashboards.php(41): CodeIgniter\Debug\Exceptions->errorHandler(2, 'Undefined array key "name"', 'APPPATH\\Views\\dashboards.php', 41)
 2 SYSTEMPATH\View\View.php(213): include('APPPATH\\Views\\dashboards.php')
 3 SYSTEMPATH\View\View.php(216): CodeIgniter\View\View->CodeIgniter\View\{closure}()
 4 SYSTEMPATH\Common.php(1135): CodeIgniter\View\View->render('dashboards', [], true)
 5 APPPATH\Controllers\Dashboards.php(28): view('dashboards', [...])
 6 SYSTEMPATH\CodeIgniter.php(925): App\Controllers\Dashboards->index()
 7 SYSTEMPATH\CodeIgniter.php(480): CodeIgniter\CodeIgniter->runController(Object(App\Controllers\Dashboards))
 8 SYSTEMPATH\CodeIgniter.php(349): CodeIgniter\CodeIgniter->handleRequest(null, Object(Config\Cache), false)
 9 FCPATH\index.php(67): CodeIgniter\CodeIgniter->run()
CRITICAL - 2023-03-22 04:48:03 --> Undefined array key "name"
in APPPATH\Views\dashboards.php on line 41.
 1 APPPATH\Views\dashboards.php(41): CodeIgniter\Debug\Exceptions->errorHandler(2, 'Undefined array key "name"', 'APPPATH\\Views\\dashboards.php', 41)
 2 SYSTEMPATH\View\View.php(213): include('APPPATH\\Views\\dashboards.php')
 3 SYSTEMPATH\View\View.php(216): CodeIgniter\View\View->CodeIgniter\View\{closure}()
 4 SYSTEMPATH\Common.php(1135): CodeIgniter\View\View->render('dashboards', [], true)
 5 APPPATH\Controllers\Dashboards.php(28): view('dashboards', [...])
 6 SYSTEMPATH\CodeIgniter.php(925): App\Controllers\Dashboards->index()
 7 SYSTEMPATH\CodeIgniter.php(480): CodeIgniter\CodeIgniter->runController(Object(App\Controllers\Dashboards))
 8 SYSTEMPATH\CodeIgniter.php(349): CodeIgniter\CodeIgniter->handleRequest(null, Object(Config\Cache), false)
 9 FCPATH\index.php(67): CodeIgniter\CodeIgniter->run()
CRITICAL - 2023-03-22 06:03:20 --> Object of class CodeIgniter\HTTP\Response could not be converted to string
in APPPATH\Controllers\Dashboards.php on line 85.
 1 SYSTEMPATH\CodeIgniter.php(925): App\Controllers\Dashboards->delete('16')
 2 SYSTEMPATH\CodeIgniter.php(480): CodeIgniter\CodeIgniter->runController(Object(App\Controllers\Dashboards))
 3 SYSTEMPATH\CodeIgniter.php(349): CodeIgniter\CodeIgniter->handleRequest(null, Object(Config\Cache), false)
 4 FCPATH\index.php(67): CodeIgniter\CodeIgniter->run()
