CRITICAL - 2023-03-08 00:07:48 --> Undefined constant "App\Controllers\Book"
in APPPATH\Controllers\Cbook.php on line 5.
 1 SYSTEMPATH\Autoloader\Autoloader.php(283): include_once()
 2 SYSTEMPATH\Autoloader\Autoloader.php(260): CodeIgniter\Autoloader\Autoloader->includeFile('APPPATH\\Controllers\\Cbook.php')
 3 SYSTEMPATH\Autoloader\Autoloader.php(238): CodeIgniter\Autoloader\Autoloader->loadInNamespace('App\\Controllers\\cbook')
 4 [internal function]: CodeIgniter\Autoloader\Autoloader->loadClass('App\\Controllers\\cbook')
 5 SYSTEMPATH\CodeIgniter.php(875): class_exists('\\App\\Controllers\\cbook', true)
 6 SYSTEMPATH\CodeIgniter.php(467): CodeIgniter\CodeIgniter->startController()
 7 SYSTEMPATH\CodeIgniter.php(349): CodeIgniter\CodeIgniter->handleRequest(null, Object(Config\Cache), false)
 8 FCPATH\index.php(67): CodeIgniter\CodeIgniter->run()
CRITICAL - 2023-03-08 00:07:49 --> Undefined constant "App\Controllers\Book"
in APPPATH\Controllers\Cbook.php on line 5.
 1 SYSTEMPATH\Autoloader\Autoloader.php(283): include_once()
 2 SYSTEMPATH\Autoloader\Autoloader.php(260): CodeIgniter\Autoloader\Autoloader->includeFile('APPPATH\\Controllers\\Cbook.php')
 3 SYSTEMPATH\Autoloader\Autoloader.php(238): CodeIgniter\Autoloader\Autoloader->loadInNamespace('App\\Controllers\\cbook')
 4 [internal function]: CodeIgniter\Autoloader\Autoloader->loadClass('App\\Controllers\\cbook')
 5 SYSTEMPATH\CodeIgniter.php(875): class_exists('\\App\\Controllers\\cbook', true)
 6 SYSTEMPATH\CodeIgniter.php(467): CodeIgniter\CodeIgniter->startController()
 7 SYSTEMPATH\CodeIgniter.php(349): CodeIgniter\CodeIgniter->handleRequest(null, Object(Config\Cache), false)
 8 FCPATH\index.php(67): CodeIgniter\CodeIgniter->run()
CRITICAL - 2023-03-08 00:07:50 --> Undefined constant "App\Controllers\Book"
in APPPATH\Controllers\Cbook.php on line 5.
 1 SYSTEMPATH\Autoloader\Autoloader.php(283): include_once()
 2 SYSTEMPATH\Autoloader\Autoloader.php(260): CodeIgniter\Autoloader\Autoloader->includeFile('APPPATH\\Controllers\\Cbook.php')
 3 SYSTEMPATH\Autoloader\Autoloader.php(238): CodeIgniter\Autoloader\Autoloader->loadInNamespace('App\\Controllers\\cbook')
 4 [internal function]: CodeIgniter\Autoloader\Autoloader->loadClass('App\\Controllers\\cbook')
 5 SYSTEMPATH\CodeIgniter.php(875): class_exists('\\App\\Controllers\\cbook', true)
 6 SYSTEMPATH\CodeIgniter.php(467): CodeIgniter\CodeIgniter->startController()
 7 SYSTEMPATH\CodeIgniter.php(349): CodeIgniter\CodeIgniter->handleRequest(null, Object(Config\Cache), false)
 8 FCPATH\index.php(67): CodeIgniter\CodeIgniter->run()
CRITICAL - 2023-03-08 00:07:50 --> Undefined constant "App\Controllers\Book"
in APPPATH\Controllers\Cbook.php on line 5.
 1 SYSTEMPATH\Autoloader\Autoloader.php(283): include_once()
 2 SYSTEMPATH\Autoloader\Autoloader.php(260): CodeIgniter\Autoloader\Autoloader->includeFile('APPPATH\\Controllers\\Cbook.php')
 3 SYSTEMPATH\Autoloader\Autoloader.php(238): CodeIgniter\Autoloader\Autoloader->loadInNamespace('App\\Controllers\\cbook')
 4 [internal function]: CodeIgniter\Autoloader\Autoloader->loadClass('App\\Controllers\\cbook')
 5 SYSTEMPATH\CodeIgniter.php(875): class_exists('\\App\\Controllers\\cbook', true)
 6 SYSTEMPATH\CodeIgniter.php(467): CodeIgniter\CodeIgniter->startController()
 7 SYSTEMPATH\CodeIgniter.php(349): CodeIgniter\CodeIgniter->handleRequest(null, Object(Config\Cache), false)
 8 FCPATH\index.php(67): CodeIgniter\CodeIgniter->run()
CRITICAL - 2023-03-08 00:07:50 --> Undefined constant "App\Controllers\Book"
in APPPATH\Controllers\Cbook.php on line 5.
 1 SYSTEMPATH\Autoloader\Autoloader.php(283): include_once()
 2 SYSTEMPATH\Autoloader\Autoloader.php(260): CodeIgniter\Autoloader\Autoloader->includeFile('APPPATH\\Controllers\\Cbook.php')
 3 SYSTEMPATH\Autoloader\Autoloader.php(238): CodeIgniter\Autoloader\Autoloader->loadInNamespace('App\\Controllers\\cbook')
 4 [internal function]: CodeIgniter\Autoloader\Autoloader->loadClass('App\\Controllers\\cbook')
 5 SYSTEMPATH\CodeIgniter.php(875): class_exists('\\App\\Controllers\\cbook', true)
 6 SYSTEMPATH\CodeIgniter.php(467): CodeIgniter\CodeIgniter->startController()
 7 SYSTEMPATH\CodeIgniter.php(349): CodeIgniter\CodeIgniter->handleRequest(null, Object(Config\Cache), false)
 8 FCPATH\index.php(67): CodeIgniter\CodeIgniter->run()
CRITICAL - 2023-03-08 00:07:51 --> Undefined constant "App\Controllers\Book"
in APPPATH\Controllers\Cbook.php on line 5.
 1 SYSTEMPATH\Autoloader\Autoloader.php(283): include_once()
 2 SYSTEMPATH\Autoloader\Autoloader.php(260): CodeIgniter\Autoloader\Autoloader->includeFile('APPPATH\\Controllers\\Cbook.php')
 3 SYSTEMPATH\Autoloader\Autoloader.php(238): CodeIgniter\Autoloader\Autoloader->loadInNamespace('App\\Controllers\\cbook')
 4 [internal function]: CodeIgniter\Autoloader\Autoloader->loadClass('App\\Controllers\\cbook')
 5 SYSTEMPATH\CodeIgniter.php(875): class_exists('\\App\\Controllers\\cbook', true)
 6 SYSTEMPATH\CodeIgniter.php(467): CodeIgniter\CodeIgniter->startController()
 7 SYSTEMPATH\CodeIgniter.php(349): CodeIgniter\CodeIgniter->handleRequest(null, Object(Config\Cache), false)
 8 FCPATH\index.php(67): CodeIgniter\CodeIgniter->run()
CRITICAL - 2023-03-08 00:07:51 --> Undefined constant "App\Controllers\Book"
in APPPATH\Controllers\Cbook.php on line 5.
 1 SYSTEMPATH\Autoloader\Autoloader.php(283): include_once()
 2 SYSTEMPATH\Autoloader\Autoloader.php(260): CodeIgniter\Autoloader\Autoloader->includeFile('APPPATH\\Controllers\\Cbook.php')
 3 SYSTEMPATH\Autoloader\Autoloader.php(238): CodeIgniter\Autoloader\Autoloader->loadInNamespace('App\\Controllers\\cbook')
 4 [internal function]: CodeIgniter\Autoloader\Autoloader->loadClass('App\\Controllers\\cbook')
 5 SYSTEMPATH\CodeIgniter.php(875): class_exists('\\App\\Controllers\\cbook', true)
 6 SYSTEMPATH\CodeIgniter.php(467): CodeIgniter\CodeIgniter->startController()
 7 SYSTEMPATH\CodeIgniter.php(349): CodeIgniter\CodeIgniter->handleRequest(null, Object(Config\Cache), false)
 8 FCPATH\index.php(67): CodeIgniter\CodeIgniter->run()
CRITICAL - 2023-03-08 00:07:51 --> Undefined constant "App\Controllers\Book"
in APPPATH\Controllers\Cbook.php on line 5.
 1 SYSTEMPATH\Autoloader\Autoloader.php(283): include_once()
 2 SYSTEMPATH\Autoloader\Autoloader.php(260): CodeIgniter\Autoloader\Autoloader->includeFile('APPPATH\\Controllers\\Cbook.php')
 3 SYSTEMPATH\Autoloader\Autoloader.php(238): CodeIgniter\Autoloader\Autoloader->loadInNamespace('App\\Controllers\\cbook')
 4 [internal function]: CodeIgniter\Autoloader\Autoloader->loadClass('App\\Controllers\\cbook')
 5 SYSTEMPATH\CodeIgniter.php(875): class_exists('\\App\\Controllers\\cbook', true)
 6 SYSTEMPATH\CodeIgniter.php(467): CodeIgniter\CodeIgniter->startController()
 7 SYSTEMPATH\CodeIgniter.php(349): CodeIgniter\CodeIgniter->handleRequest(null, Object(Config\Cache), false)
 8 FCPATH\index.php(67): CodeIgniter\CodeIgniter->run()
CRITICAL - 2023-03-08 00:07:51 --> Undefined constant "App\Controllers\Book"
in APPPATH\Controllers\Cbook.php on line 5.
 1 SYSTEMPATH\Autoloader\Autoloader.php(283): include_once()
 2 SYSTEMPATH\Autoloader\Autoloader.php(260): CodeIgniter\Autoloader\Autoloader->includeFile('APPPATH\\Controllers\\Cbook.php')
 3 SYSTEMPATH\Autoloader\Autoloader.php(238): CodeIgniter\Autoloader\Autoloader->loadInNamespace('App\\Controllers\\cbook')
 4 [internal function]: CodeIgniter\Autoloader\Autoloader->loadClass('App\\Controllers\\cbook')
 5 SYSTEMPATH\CodeIgniter.php(875): class_exists('\\App\\Controllers\\cbook', true)
 6 SYSTEMPATH\CodeIgniter.php(467): CodeIgniter\CodeIgniter->startController()
 7 SYSTEMPATH\CodeIgniter.php(349): CodeIgniter\CodeIgniter->handleRequest(null, Object(Config\Cache), false)
 8 FCPATH\index.php(67): CodeIgniter\CodeIgniter->run()
CRITICAL - 2023-03-08 00:07:52 --> Undefined constant "App\Controllers\Book"
in APPPATH\Controllers\Cbook.php on line 5.
 1 SYSTEMPATH\Autoloader\Autoloader.php(283): include_once()
 2 SYSTEMPATH\Autoloader\Autoloader.php(260): CodeIgniter\Autoloader\Autoloader->includeFile('APPPATH\\Controllers\\Cbook.php')
 3 SYSTEMPATH\Autoloader\Autoloader.php(238): CodeIgniter\Autoloader\Autoloader->loadInNamespace('App\\Controllers\\cbook')
 4 [internal function]: CodeIgniter\Autoloader\Autoloader->loadClass('App\\Controllers\\cbook')
 5 SYSTEMPATH\CodeIgniter.php(875): class_exists('\\App\\Controllers\\cbook', true)
 6 SYSTEMPATH\CodeIgniter.php(467): CodeIgniter\CodeIgniter->startController()
 7 SYSTEMPATH\CodeIgniter.php(349): CodeIgniter\CodeIgniter->handleRequest(null, Object(Config\Cache), false)
 8 FCPATH\index.php(67): CodeIgniter\CodeIgniter->run()
CRITICAL - 2023-03-08 00:07:52 --> Undefined constant "App\Controllers\Book"
in APPPATH\Controllers\Cbook.php on line 5.
 1 SYSTEMPATH\Autoloader\Autoloader.php(283): include_once()
 2 SYSTEMPATH\Autoloader\Autoloader.php(260): CodeIgniter\Autoloader\Autoloader->includeFile('APPPATH\\Controllers\\Cbook.php')
 3 SYSTEMPATH\Autoloader\Autoloader.php(238): CodeIgniter\Autoloader\Autoloader->loadInNamespace('App\\Controllers\\cbook')
 4 [internal function]: CodeIgniter\Autoloader\Autoloader->loadClass('App\\Controllers\\cbook')
 5 SYSTEMPATH\CodeIgniter.php(875): class_exists('\\App\\Controllers\\cbook', true)
 6 SYSTEMPATH\CodeIgniter.php(467): CodeIgniter\CodeIgniter->startController()
 7 SYSTEMPATH\CodeIgniter.php(349): CodeIgniter\CodeIgniter->handleRequest(null, Object(Config\Cache), false)
 8 FCPATH\index.php(67): CodeIgniter\CodeIgniter->run()
CRITICAL - 2023-03-08 00:07:52 --> Undefined constant "App\Controllers\Book"
in APPPATH\Controllers\Cbook.php on line 5.
 1 SYSTEMPATH\Autoloader\Autoloader.php(283): include_once()
 2 SYSTEMPATH\Autoloader\Autoloader.php(260): CodeIgniter\Autoloader\Autoloader->includeFile('APPPATH\\Controllers\\Cbook.php')
 3 SYSTEMPATH\Autoloader\Autoloader.php(238): CodeIgniter\Autoloader\Autoloader->loadInNamespace('App\\Controllers\\cbook')
 4 [internal function]: CodeIgniter\Autoloader\Autoloader->loadClass('App\\Controllers\\cbook')
 5 SYSTEMPATH\CodeIgniter.php(875): class_exists('\\App\\Controllers\\cbook', true)
 6 SYSTEMPATH\CodeIgniter.php(467): CodeIgniter\CodeIgniter->startController()
 7 SYSTEMPATH\CodeIgniter.php(349): CodeIgniter\CodeIgniter->handleRequest(null, Object(Config\Cache), false)
 8 FCPATH\index.php(67): CodeIgniter\CodeIgniter->run()
CRITICAL - 2023-03-08 00:08:31 --> Undefined property: App\Controllers\Cbook::$load
in APPPATH\Controllers\Cbook.php on line 28.
 1 APPPATH\Controllers\Cbook.php(28): CodeIgniter\Debug\Exceptions->errorHandler(2, 'Undefined property: App\\Controllers\\Cbook::$load', 'APPPATH\\Controllers\\Cbook.php', 28)
 2 SYSTEMPATH\CodeIgniter.php(925): App\Controllers\Cbook->store()
 3 SYSTEMPATH\CodeIgniter.php(480): CodeIgniter\CodeIgniter->runController(Object(App\Controllers\Cbook))
 4 SYSTEMPATH\CodeIgniter.php(349): CodeIgniter\CodeIgniter->handleRequest(null, Object(Config\Cache), false)
 5 FCPATH\index.php(67): CodeIgniter\CodeIgniter->run()
CRITICAL - 2023-03-08 00:43:21 --> include(C:\xampp\htdocs\booking\app\path/to/Book.php): Failed to open stream: No such file or directory
in APPPATH\Controllers\Cbook.php on line 5.
 1 APPPATH\Controllers\Cbook.php(5): CodeIgniter\Debug\Exceptions->errorHandler(2, 'include(C:\\xampp\\htdocs\\booking\\app\\path/to/Book.php): Failed to open stream: No such file or directory', 'APPPATH\\Controllers\\Cbook.php', 5)
 2 APPPATH\Controllers\Cbook.php(5): include()
 3 SYSTEMPATH\Autoloader\Autoloader.php(283): include_once('APPPATH\\Controllers\\Cbook.php')
 4 SYSTEMPATH\Autoloader\Autoloader.php(260): CodeIgniter\Autoloader\Autoloader->includeFile('APPPATH\\Controllers\\Cbook.php')
 5 SYSTEMPATH\Autoloader\Autoloader.php(238): CodeIgniter\Autoloader\Autoloader->loadInNamespace('App\\Controllers\\cbook')
 6 [internal function]: CodeIgniter\Autoloader\Autoloader->loadClass('App\\Controllers\\cbook')
 7 SYSTEMPATH\CodeIgniter.php(875): class_exists('\\App\\Controllers\\cbook', true)
 8 SYSTEMPATH\CodeIgniter.php(467): CodeIgniter\CodeIgniter->startController()
 9 SYSTEMPATH\CodeIgniter.php(349): CodeIgniter\CodeIgniter->handleRequest(null, Object(Config\Cache), false)
10 FCPATH\index.php(67): CodeIgniter\CodeIgniter->run()
CRITICAL - 2023-03-08 01:19:03 --> syntax error, unexpected variable "$_POST"
in APPPATH\Controllers\Cbook.php on line 75.
 1 SYSTEMPATH\Autoloader\Autoloader.php(260): CodeIgniter\Autoloader\Autoloader->includeFile('APPPATH\\Controllers\\Cbook.php')
 2 SYSTEMPATH\Autoloader\Autoloader.php(238): CodeIgniter\Autoloader\Autoloader->loadInNamespace('App\\Controllers\\cbook')
 3 [internal function]: CodeIgniter\Autoloader\Autoloader->loadClass('App\\Controllers\\cbook')
 4 SYSTEMPATH\CodeIgniter.php(875): class_exists('\\App\\Controllers\\cbook', true)
 5 SYSTEMPATH\CodeIgniter.php(467): CodeIgniter\CodeIgniter->startController()
 6 SYSTEMPATH\CodeIgniter.php(349): CodeIgniter\CodeIgniter->handleRequest(null, Object(Config\Cache), false)
 7 FCPATH\index.php(67): CodeIgniter\CodeIgniter->run()
CRITICAL - 2023-03-08 01:19:05 --> syntax error, unexpected variable "$_POST"
in APPPATH\Controllers\Cbook.php on line 75.
 1 SYSTEMPATH\Autoloader\Autoloader.php(260): CodeIgniter\Autoloader\Autoloader->includeFile('APPPATH\\Controllers\\Cbook.php')
 2 SYSTEMPATH\Autoloader\Autoloader.php(238): CodeIgniter\Autoloader\Autoloader->loadInNamespace('App\\Controllers\\cbook')
 3 [internal function]: CodeIgniter\Autoloader\Autoloader->loadClass('App\\Controllers\\cbook')
 4 SYSTEMPATH\CodeIgniter.php(875): class_exists('\\App\\Controllers\\cbook', true)
 5 SYSTEMPATH\CodeIgniter.php(467): CodeIgniter\CodeIgniter->startController()
 6 SYSTEMPATH\CodeIgniter.php(349): CodeIgniter\CodeIgniter->handleRequest(null, Object(Config\Cache), false)
 7 FCPATH\index.php(67): CodeIgniter\CodeIgniter->run()
CRITICAL - 2023-03-08 01:19:06 --> syntax error, unexpected variable "$_POST"
in APPPATH\Controllers\Cbook.php on line 75.
 1 SYSTEMPATH\Autoloader\Autoloader.php(260): CodeIgniter\Autoloader\Autoloader->includeFile('APPPATH\\Controllers\\Cbook.php')
 2 SYSTEMPATH\Autoloader\Autoloader.php(238): CodeIgniter\Autoloader\Autoloader->loadInNamespace('App\\Controllers\\cbook')
 3 [internal function]: CodeIgniter\Autoloader\Autoloader->loadClass('App\\Controllers\\cbook')
 4 SYSTEMPATH\CodeIgniter.php(875): class_exists('\\App\\Controllers\\cbook', true)
 5 SYSTEMPATH\CodeIgniter.php(467): CodeIgniter\CodeIgniter->startController()
 6 SYSTEMPATH\CodeIgniter.php(349): CodeIgniter\CodeIgniter->handleRequest(null, Object(Config\Cache), false)
 7 FCPATH\index.php(67): CodeIgniter\CodeIgniter->run()
CRITICAL - 2023-03-08 01:19:06 --> syntax error, unexpected variable "$_POST"
in APPPATH\Controllers\Cbook.php on line 75.
 1 SYSTEMPATH\Autoloader\Autoloader.php(260): CodeIgniter\Autoloader\Autoloader->includeFile('APPPATH\\Controllers\\Cbook.php')
 2 SYSTEMPATH\Autoloader\Autoloader.php(238): CodeIgniter\Autoloader\Autoloader->loadInNamespace('App\\Controllers\\cbook')
 3 [internal function]: CodeIgniter\Autoloader\Autoloader->loadClass('App\\Controllers\\cbook')
 4 SYSTEMPATH\CodeIgniter.php(875): class_exists('\\App\\Controllers\\cbook', true)
 5 SYSTEMPATH\CodeIgniter.php(467): CodeIgniter\CodeIgniter->startController()
 6 SYSTEMPATH\CodeIgniter.php(349): CodeIgniter\CodeIgniter->handleRequest(null, Object(Config\Cache), false)
 7 FCPATH\index.php(67): CodeIgniter\CodeIgniter->run()
CRITICAL - 2023-03-08 01:19:59 --> syntax error, unexpected variable "$_POST"
in APPPATH\Controllers\Cbook.php on line 75.
 1 SYSTEMPATH\Autoloader\Autoloader.php(260): CodeIgniter\Autoloader\Autoloader->includeFile('APPPATH\\Controllers\\Cbook.php')
 2 SYSTEMPATH\Autoloader\Autoloader.php(238): CodeIgniter\Autoloader\Autoloader->loadInNamespace('App\\Controllers\\cbook')
 3 [internal function]: CodeIgniter\Autoloader\Autoloader->loadClass('App\\Controllers\\cbook')
 4 SYSTEMPATH\CodeIgniter.php(875): class_exists('\\App\\Controllers\\cbook', true)
 5 SYSTEMPATH\CodeIgniter.php(467): CodeIgniter\CodeIgniter->startController()
 6 SYSTEMPATH\CodeIgniter.php(349): CodeIgniter\CodeIgniter->handleRequest(null, Object(Config\Cache), false)
 7 FCPATH\index.php(67): CodeIgniter\CodeIgniter->run()
CRITICAL - 2023-03-08 01:20:00 --> syntax error, unexpected variable "$_POST"
in APPPATH\Controllers\Cbook.php on line 75.
 1 SYSTEMPATH\Autoloader\Autoloader.php(260): CodeIgniter\Autoloader\Autoloader->includeFile('APPPATH\\Controllers\\Cbook.php')
 2 SYSTEMPATH\Autoloader\Autoloader.php(238): CodeIgniter\Autoloader\Autoloader->loadInNamespace('App\\Controllers\\cbook')
 3 [internal function]: CodeIgniter\Autoloader\Autoloader->loadClass('App\\Controllers\\cbook')
 4 SYSTEMPATH\CodeIgniter.php(875): class_exists('\\App\\Controllers\\cbook', true)
 5 SYSTEMPATH\CodeIgniter.php(467): CodeIgniter\CodeIgniter->startController()
 6 SYSTEMPATH\CodeIgniter.php(349): CodeIgniter\CodeIgniter->handleRequest(null, Object(Config\Cache), false)
 7 FCPATH\index.php(67): CodeIgniter\CodeIgniter->run()
CRITICAL - 2023-03-08 01:20:01 --> syntax error, unexpected variable "$_POST"
in APPPATH\Controllers\Cbook.php on line 75.
 1 SYSTEMPATH\Autoloader\Autoloader.php(260): CodeIgniter\Autoloader\Autoloader->includeFile('APPPATH\\Controllers\\Cbook.php')
 2 SYSTEMPATH\Autoloader\Autoloader.php(238): CodeIgniter\Autoloader\Autoloader->loadInNamespace('App\\Controllers\\cbook')
 3 [internal function]: CodeIgniter\Autoloader\Autoloader->loadClass('App\\Controllers\\cbook')
 4 SYSTEMPATH\CodeIgniter.php(875): class_exists('\\App\\Controllers\\cbook', true)
 5 SYSTEMPATH\CodeIgniter.php(467): CodeIgniter\CodeIgniter->startController()
 6 SYSTEMPATH\CodeIgniter.php(349): CodeIgniter\CodeIgniter->handleRequest(null, Object(Config\Cache), false)
 7 FCPATH\index.php(67): CodeIgniter\CodeIgniter->run()
CRITICAL - 2023-03-08 01:20:01 --> syntax error, unexpected variable "$_POST"
in APPPATH\Controllers\Cbook.php on line 75.
 1 SYSTEMPATH\Autoloader\Autoloader.php(260): CodeIgniter\Autoloader\Autoloader->includeFile('APPPATH\\Controllers\\Cbook.php')
 2 SYSTEMPATH\Autoloader\Autoloader.php(238): CodeIgniter\Autoloader\Autoloader->loadInNamespace('App\\Controllers\\cbook')
 3 [internal function]: CodeIgniter\Autoloader\Autoloader->loadClass('App\\Controllers\\cbook')
 4 SYSTEMPATH\CodeIgniter.php(875): class_exists('\\App\\Controllers\\cbook', true)
 5 SYSTEMPATH\CodeIgniter.php(467): CodeIgniter\CodeIgniter->startController()
 6 SYSTEMPATH\CodeIgniter.php(349): CodeIgniter\CodeIgniter->handleRequest(null, Object(Config\Cache), false)
 7 FCPATH\index.php(67): CodeIgniter\CodeIgniter->run()
CRITICAL - 2023-03-08 01:20:01 --> syntax error, unexpected variable "$_POST"
in APPPATH\Controllers\Cbook.php on line 75.
 1 SYSTEMPATH\Autoloader\Autoloader.php(260): CodeIgniter\Autoloader\Autoloader->includeFile('APPPATH\\Controllers\\Cbook.php')
 2 SYSTEMPATH\Autoloader\Autoloader.php(238): CodeIgniter\Autoloader\Autoloader->loadInNamespace('App\\Controllers\\cbook')
 3 [internal function]: CodeIgniter\Autoloader\Autoloader->loadClass('App\\Controllers\\cbook')
 4 SYSTEMPATH\CodeIgniter.php(875): class_exists('\\App\\Controllers\\cbook', true)
 5 SYSTEMPATH\CodeIgniter.php(467): CodeIgniter\CodeIgniter->startController()
 6 SYSTEMPATH\CodeIgniter.php(349): CodeIgniter\CodeIgniter->handleRequest(null, Object(Config\Cache), false)
 7 FCPATH\index.php(67): CodeIgniter\CodeIgniter->run()
CRITICAL - 2023-03-08 01:20:02 --> syntax error, unexpected variable "$_POST"
in APPPATH\Controllers\Cbook.php on line 75.
 1 SYSTEMPATH\Autoloader\Autoloader.php(260): CodeIgniter\Autoloader\Autoloader->includeFile('APPPATH\\Controllers\\Cbook.php')
 2 SYSTEMPATH\Autoloader\Autoloader.php(238): CodeIgniter\Autoloader\Autoloader->loadInNamespace('App\\Controllers\\cbook')
 3 [internal function]: CodeIgniter\Autoloader\Autoloader->loadClass('App\\Controllers\\cbook')
 4 SYSTEMPATH\CodeIgniter.php(875): class_exists('\\App\\Controllers\\cbook', true)
 5 SYSTEMPATH\CodeIgniter.php(467): CodeIgniter\CodeIgniter->startController()
 6 SYSTEMPATH\CodeIgniter.php(349): CodeIgniter\CodeIgniter->handleRequest(null, Object(Config\Cache), false)
 7 FCPATH\index.php(67): CodeIgniter\CodeIgniter->run()
CRITICAL - 2023-03-08 01:20:02 --> syntax error, unexpected variable "$_POST"
in APPPATH\Controllers\Cbook.php on line 75.
 1 SYSTEMPATH\Autoloader\Autoloader.php(260): CodeIgniter\Autoloader\Autoloader->includeFile('APPPATH\\Controllers\\Cbook.php')
 2 SYSTEMPATH\Autoloader\Autoloader.php(238): CodeIgniter\Autoloader\Autoloader->loadInNamespace('App\\Controllers\\cbook')
 3 [internal function]: CodeIgniter\Autoloader\Autoloader->loadClass('App\\Controllers\\cbook')
 4 SYSTEMPATH\CodeIgniter.php(875): class_exists('\\App\\Controllers\\cbook', true)
 5 SYSTEMPATH\CodeIgniter.php(467): CodeIgniter\CodeIgniter->startController()
 6 SYSTEMPATH\CodeIgniter.php(349): CodeIgniter\CodeIgniter->handleRequest(null, Object(Config\Cache), false)
 7 FCPATH\index.php(67): CodeIgniter\CodeIgniter->run()
CRITICAL - 2023-03-08 01:20:03 --> syntax error, unexpected variable "$_POST"
in APPPATH\Controllers\Cbook.php on line 75.
 1 SYSTEMPATH\Autoloader\Autoloader.php(260): CodeIgniter\Autoloader\Autoloader->includeFile('APPPATH\\Controllers\\Cbook.php')
 2 SYSTEMPATH\Autoloader\Autoloader.php(238): CodeIgniter\Autoloader\Autoloader->loadInNamespace('App\\Controllers\\cbook')
 3 [internal function]: CodeIgniter\Autoloader\Autoloader->loadClass('App\\Controllers\\cbook')
 4 SYSTEMPATH\CodeIgniter.php(875): class_exists('\\App\\Controllers\\cbook', true)
 5 SYSTEMPATH\CodeIgniter.php(467): CodeIgniter\CodeIgniter->startController()
 6 SYSTEMPATH\CodeIgniter.php(349): CodeIgniter\CodeIgniter->handleRequest(null, Object(Config\Cache), false)
 7 FCPATH\index.php(67): CodeIgniter\CodeIgniter->run()
CRITICAL - 2023-03-08 01:20:03 --> syntax error, unexpected variable "$_POST"
in APPPATH\Controllers\Cbook.php on line 75.
 1 SYSTEMPATH\Autoloader\Autoloader.php(260): CodeIgniter\Autoloader\Autoloader->includeFile('APPPATH\\Controllers\\Cbook.php')
 2 SYSTEMPATH\Autoloader\Autoloader.php(238): CodeIgniter\Autoloader\Autoloader->loadInNamespace('App\\Controllers\\cbook')
 3 [internal function]: CodeIgniter\Autoloader\Autoloader->loadClass('App\\Controllers\\cbook')
 4 SYSTEMPATH\CodeIgniter.php(875): class_exists('\\App\\Controllers\\cbook', true)
 5 SYSTEMPATH\CodeIgniter.php(467): CodeIgniter\CodeIgniter->startController()
 6 SYSTEMPATH\CodeIgniter.php(349): CodeIgniter\CodeIgniter->handleRequest(null, Object(Config\Cache), false)
 7 FCPATH\index.php(67): CodeIgniter\CodeIgniter->run()
CRITICAL - 2023-03-08 01:20:03 --> syntax error, unexpected variable "$_POST"
in APPPATH\Controllers\Cbook.php on line 75.
 1 SYSTEMPATH\Autoloader\Autoloader.php(260): CodeIgniter\Autoloader\Autoloader->includeFile('APPPATH\\Controllers\\Cbook.php')
 2 SYSTEMPATH\Autoloader\Autoloader.php(238): CodeIgniter\Autoloader\Autoloader->loadInNamespace('App\\Controllers\\cbook')
 3 [internal function]: CodeIgniter\Autoloader\Autoloader->loadClass('App\\Controllers\\cbook')
 4 SYSTEMPATH\CodeIgniter.php(875): class_exists('\\App\\Controllers\\cbook', true)
 5 SYSTEMPATH\CodeIgniter.php(467): CodeIgniter\CodeIgniter->startController()
 6 SYSTEMPATH\CodeIgniter.php(349): CodeIgniter\CodeIgniter->handleRequest(null, Object(Config\Cache), false)
 7 FCPATH\index.php(67): CodeIgniter\CodeIgniter->run()
CRITICAL - 2023-03-08 01:20:04 --> syntax error, unexpected variable "$_POST"
in APPPATH\Controllers\Cbook.php on line 75.
 1 SYSTEMPATH\Autoloader\Autoloader.php(260): CodeIgniter\Autoloader\Autoloader->includeFile('APPPATH\\Controllers\\Cbook.php')
 2 SYSTEMPATH\Autoloader\Autoloader.php(238): CodeIgniter\Autoloader\Autoloader->loadInNamespace('App\\Controllers\\cbook')
 3 [internal function]: CodeIgniter\Autoloader\Autoloader->loadClass('App\\Controllers\\cbook')
 4 SYSTEMPATH\CodeIgniter.php(875): class_exists('\\App\\Controllers\\cbook', true)
 5 SYSTEMPATH\CodeIgniter.php(467): CodeIgniter\CodeIgniter->startController()
 6 SYSTEMPATH\CodeIgniter.php(349): CodeIgniter\CodeIgniter->handleRequest(null, Object(Config\Cache), false)
 7 FCPATH\index.php(67): CodeIgniter\CodeIgniter->run()
CRITICAL - 2023-03-08 01:20:04 --> syntax error, unexpected variable "$_POST"
in APPPATH\Controllers\Cbook.php on line 75.
 1 SYSTEMPATH\Autoloader\Autoloader.php(260): CodeIgniter\Autoloader\Autoloader->includeFile('APPPATH\\Controllers\\Cbook.php')
 2 SYSTEMPATH\Autoloader\Autoloader.php(238): CodeIgniter\Autoloader\Autoloader->loadInNamespace('App\\Controllers\\cbook')
 3 [internal function]: CodeIgniter\Autoloader\Autoloader->loadClass('App\\Controllers\\cbook')
 4 SYSTEMPATH\CodeIgniter.php(875): class_exists('\\App\\Controllers\\cbook', true)
 5 SYSTEMPATH\CodeIgniter.php(467): CodeIgniter\CodeIgniter->startController()
 6 SYSTEMPATH\CodeIgniter.php(349): CodeIgniter\CodeIgniter->handleRequest(null, Object(Config\Cache), false)
 7 FCPATH\index.php(67): CodeIgniter\CodeIgniter->run()
CRITICAL - 2023-03-08 01:20:04 --> syntax error, unexpected variable "$_POST"
in APPPATH\Controllers\Cbook.php on line 75.
 1 SYSTEMPATH\Autoloader\Autoloader.php(260): CodeIgniter\Autoloader\Autoloader->includeFile('APPPATH\\Controllers\\Cbook.php')
 2 SYSTEMPATH\Autoloader\Autoloader.php(238): CodeIgniter\Autoloader\Autoloader->loadInNamespace('App\\Controllers\\cbook')
 3 [internal function]: CodeIgniter\Autoloader\Autoloader->loadClass('App\\Controllers\\cbook')
 4 SYSTEMPATH\CodeIgniter.php(875): class_exists('\\App\\Controllers\\cbook', true)
 5 SYSTEMPATH\CodeIgniter.php(467): CodeIgniter\CodeIgniter->startController()
 6 SYSTEMPATH\CodeIgniter.php(349): CodeIgniter\CodeIgniter->handleRequest(null, Object(Config\Cache), false)
 7 FCPATH\index.php(67): CodeIgniter\CodeIgniter->run()
CRITICAL - 2023-03-08 01:20:05 --> syntax error, unexpected variable "$_POST"
in APPPATH\Controllers\Cbook.php on line 75.
 1 SYSTEMPATH\Autoloader\Autoloader.php(260): CodeIgniter\Autoloader\Autoloader->includeFile('APPPATH\\Controllers\\Cbook.php')
 2 SYSTEMPATH\Autoloader\Autoloader.php(238): CodeIgniter\Autoloader\Autoloader->loadInNamespace('App\\Controllers\\cbook')
 3 [internal function]: CodeIgniter\Autoloader\Autoloader->loadClass('App\\Controllers\\cbook')
 4 SYSTEMPATH\CodeIgniter.php(875): class_exists('\\App\\Controllers\\cbook', true)
 5 SYSTEMPATH\CodeIgniter.php(467): CodeIgniter\CodeIgniter->startController()
 6 SYSTEMPATH\CodeIgniter.php(349): CodeIgniter\CodeIgniter->handleRequest(null, Object(Config\Cache), false)
 7 FCPATH\index.php(67): CodeIgniter\CodeIgniter->run()
CRITICAL - 2023-03-08 01:20:05 --> syntax error, unexpected variable "$_POST"
in APPPATH\Controllers\Cbook.php on line 75.
 1 SYSTEMPATH\Autoloader\Autoloader.php(260): CodeIgniter\Autoloader\Autoloader->includeFile('APPPATH\\Controllers\\Cbook.php')
 2 SYSTEMPATH\Autoloader\Autoloader.php(238): CodeIgniter\Autoloader\Autoloader->loadInNamespace('App\\Controllers\\cbook')
 3 [internal function]: CodeIgniter\Autoloader\Autoloader->loadClass('App\\Controllers\\cbook')
 4 SYSTEMPATH\CodeIgniter.php(875): class_exists('\\App\\Controllers\\cbook', true)
 5 SYSTEMPATH\CodeIgniter.php(467): CodeIgniter\CodeIgniter->startController()
 6 SYSTEMPATH\CodeIgniter.php(349): CodeIgniter\CodeIgniter->handleRequest(null, Object(Config\Cache), false)
 7 FCPATH\index.php(67): CodeIgniter\CodeIgniter->run()
CRITICAL - 2023-03-08 01:20:08 --> syntax error, unexpected variable "$_POST"
in APPPATH\Controllers\Cbook.php on line 75.
 1 SYSTEMPATH\Autoloader\Autoloader.php(260): CodeIgniter\Autoloader\Autoloader->includeFile('APPPATH\\Controllers\\Cbook.php')
 2 SYSTEMPATH\Autoloader\Autoloader.php(238): CodeIgniter\Autoloader\Autoloader->loadInNamespace('App\\Controllers\\cbook')
 3 [internal function]: CodeIgniter\Autoloader\Autoloader->loadClass('App\\Controllers\\cbook')
 4 SYSTEMPATH\CodeIgniter.php(875): class_exists('\\App\\Controllers\\cbook', true)
 5 SYSTEMPATH\CodeIgniter.php(467): CodeIgniter\CodeIgniter->startController()
 6 SYSTEMPATH\CodeIgniter.php(349): CodeIgniter\CodeIgniter->handleRequest(null, Object(Config\Cache), false)
 7 FCPATH\index.php(67): CodeIgniter\CodeIgniter->run()
CRITICAL - 2023-03-08 01:20:08 --> syntax error, unexpected variable "$_POST"
in APPPATH\Controllers\Cbook.php on line 75.
 1 SYSTEMPATH\Autoloader\Autoloader.php(260): CodeIgniter\Autoloader\Autoloader->includeFile('APPPATH\\Controllers\\Cbook.php')
 2 SYSTEMPATH\Autoloader\Autoloader.php(238): CodeIgniter\Autoloader\Autoloader->loadInNamespace('App\\Controllers\\cbook')
 3 [internal function]: CodeIgniter\Autoloader\Autoloader->loadClass('App\\Controllers\\cbook')
 4 SYSTEMPATH\CodeIgniter.php(875): class_exists('\\App\\Controllers\\cbook', true)
 5 SYSTEMPATH\CodeIgniter.php(467): CodeIgniter\CodeIgniter->startController()
 6 SYSTEMPATH\CodeIgniter.php(349): CodeIgniter\CodeIgniter->handleRequest(null, Object(Config\Cache), false)
 7 FCPATH\index.php(67): CodeIgniter\CodeIgniter->run()
CRITICAL - 2023-03-08 01:20:09 --> syntax error, unexpected variable "$_POST"
in APPPATH\Controllers\Cbook.php on line 75.
 1 SYSTEMPATH\Autoloader\Autoloader.php(260): CodeIgniter\Autoloader\Autoloader->includeFile('APPPATH\\Controllers\\Cbook.php')
 2 SYSTEMPATH\Autoloader\Autoloader.php(238): CodeIgniter\Autoloader\Autoloader->loadInNamespace('App\\Controllers\\cbook')
 3 [internal function]: CodeIgniter\Autoloader\Autoloader->loadClass('App\\Controllers\\cbook')
 4 SYSTEMPATH\CodeIgniter.php(875): class_exists('\\App\\Controllers\\cbook', true)
 5 SYSTEMPATH\CodeIgniter.php(467): CodeIgniter\CodeIgniter->startController()
 6 SYSTEMPATH\CodeIgniter.php(349): CodeIgniter\CodeIgniter->handleRequest(null, Object(Config\Cache), false)
 7 FCPATH\index.php(67): CodeIgniter\CodeIgniter->run()
CRITICAL - 2023-03-08 01:20:09 --> syntax error, unexpected variable "$_POST"
in APPPATH\Controllers\Cbook.php on line 75.
 1 SYSTEMPATH\Autoloader\Autoloader.php(260): CodeIgniter\Autoloader\Autoloader->includeFile('APPPATH\\Controllers\\Cbook.php')
 2 SYSTEMPATH\Autoloader\Autoloader.php(238): CodeIgniter\Autoloader\Autoloader->loadInNamespace('App\\Controllers\\cbook')
 3 [internal function]: CodeIgniter\Autoloader\Autoloader->loadClass('App\\Controllers\\cbook')
 4 SYSTEMPATH\CodeIgniter.php(875): class_exists('\\App\\Controllers\\cbook', true)
 5 SYSTEMPATH\CodeIgniter.php(467): CodeIgniter\CodeIgniter->startController()
 6 SYSTEMPATH\CodeIgniter.php(349): CodeIgniter\CodeIgniter->handleRequest(null, Object(Config\Cache), false)
 7 FCPATH\index.php(67): CodeIgniter\CodeIgniter->run()
CRITICAL - 2023-03-08 01:20:09 --> syntax error, unexpected variable "$_POST"
in APPPATH\Controllers\Cbook.php on line 75.
 1 SYSTEMPATH\Autoloader\Autoloader.php(260): CodeIgniter\Autoloader\Autoloader->includeFile('APPPATH\\Controllers\\Cbook.php')
 2 SYSTEMPATH\Autoloader\Autoloader.php(238): CodeIgniter\Autoloader\Autoloader->loadInNamespace('App\\Controllers\\cbook')
 3 [internal function]: CodeIgniter\Autoloader\Autoloader->loadClass('App\\Controllers\\cbook')
 4 SYSTEMPATH\CodeIgniter.php(875): class_exists('\\App\\Controllers\\cbook', true)
 5 SYSTEMPATH\CodeIgniter.php(467): CodeIgniter\CodeIgniter->startController()
 6 SYSTEMPATH\CodeIgniter.php(349): CodeIgniter\CodeIgniter->handleRequest(null, Object(Config\Cache), false)
 7 FCPATH\index.php(67): CodeIgniter\CodeIgniter->run()
CRITICAL - 2023-03-08 01:20:53 --> syntax error, unexpected variable "$_POST"
in APPPATH\Controllers\Cbook.php on line 75.
 1 SYSTEMPATH\Autoloader\Autoloader.php(260): CodeIgniter\Autoloader\Autoloader->includeFile('APPPATH\\Controllers\\Cbook.php')
 2 SYSTEMPATH\Autoloader\Autoloader.php(238): CodeIgniter\Autoloader\Autoloader->loadInNamespace('App\\Controllers\\cbook')
 3 [internal function]: CodeIgniter\Autoloader\Autoloader->loadClass('App\\Controllers\\cbook')
 4 SYSTEMPATH\CodeIgniter.php(875): class_exists('\\App\\Controllers\\cbook', true)
 5 SYSTEMPATH\CodeIgniter.php(467): CodeIgniter\CodeIgniter->startController()
 6 SYSTEMPATH\CodeIgniter.php(349): CodeIgniter\CodeIgniter->handleRequest(null, Object(Config\Cache), false)
 7 FCPATH\index.php(67): CodeIgniter\CodeIgniter->run()
CRITICAL - 2023-03-08 01:20:54 --> syntax error, unexpected variable "$_POST"
in APPPATH\Controllers\Cbook.php on line 75.
 1 SYSTEMPATH\Autoloader\Autoloader.php(260): CodeIgniter\Autoloader\Autoloader->includeFile('APPPATH\\Controllers\\Cbook.php')
 2 SYSTEMPATH\Autoloader\Autoloader.php(238): CodeIgniter\Autoloader\Autoloader->loadInNamespace('App\\Controllers\\cbook')
 3 [internal function]: CodeIgniter\Autoloader\Autoloader->loadClass('App\\Controllers\\cbook')
 4 SYSTEMPATH\CodeIgniter.php(875): class_exists('\\App\\Controllers\\cbook', true)
 5 SYSTEMPATH\CodeIgniter.php(467): CodeIgniter\CodeIgniter->startController()
 6 SYSTEMPATH\CodeIgniter.php(349): CodeIgniter\CodeIgniter->handleRequest(null, Object(Config\Cache), false)
 7 FCPATH\index.php(67): CodeIgniter\CodeIgniter->run()
CRITICAL - 2023-03-08 01:20:55 --> syntax error, unexpected variable "$_POST"
in APPPATH\Controllers\Cbook.php on line 75.
 1 SYSTEMPATH\Autoloader\Autoloader.php(260): CodeIgniter\Autoloader\Autoloader->includeFile('APPPATH\\Controllers\\Cbook.php')
 2 SYSTEMPATH\Autoloader\Autoloader.php(238): CodeIgniter\Autoloader\Autoloader->loadInNamespace('App\\Controllers\\cbook')
 3 [internal function]: CodeIgniter\Autoloader\Autoloader->loadClass('App\\Controllers\\cbook')
 4 SYSTEMPATH\CodeIgniter.php(875): class_exists('\\App\\Controllers\\cbook', true)
 5 SYSTEMPATH\CodeIgniter.php(467): CodeIgniter\CodeIgniter->startController()
 6 SYSTEMPATH\CodeIgniter.php(349): CodeIgniter\CodeIgniter->handleRequest(null, Object(Config\Cache), false)
 7 FCPATH\index.php(67): CodeIgniter\CodeIgniter->run()
CRITICAL - 2023-03-08 01:20:55 --> syntax error, unexpected variable "$_POST"
in APPPATH\Controllers\Cbook.php on line 75.
 1 SYSTEMPATH\Autoloader\Autoloader.php(260): CodeIgniter\Autoloader\Autoloader->includeFile('APPPATH\\Controllers\\Cbook.php')
 2 SYSTEMPATH\Autoloader\Autoloader.php(238): CodeIgniter\Autoloader\Autoloader->loadInNamespace('App\\Controllers\\cbook')
 3 [internal function]: CodeIgniter\Autoloader\Autoloader->loadClass('App\\Controllers\\cbook')
 4 SYSTEMPATH\CodeIgniter.php(875): class_exists('\\App\\Controllers\\cbook', true)
 5 SYSTEMPATH\CodeIgniter.php(467): CodeIgniter\CodeIgniter->startController()
 6 SYSTEMPATH\CodeIgniter.php(349): CodeIgniter\CodeIgniter->handleRequest(null, Object(Config\Cache), false)
 7 FCPATH\index.php(67): CodeIgniter\CodeIgniter->run()
CRITICAL - 2023-03-08 01:20:55 --> syntax error, unexpected variable "$_POST"
in APPPATH\Controllers\Cbook.php on line 75.
 1 SYSTEMPATH\Autoloader\Autoloader.php(260): CodeIgniter\Autoloader\Autoloader->includeFile('APPPATH\\Controllers\\Cbook.php')
 2 SYSTEMPATH\Autoloader\Autoloader.php(238): CodeIgniter\Autoloader\Autoloader->loadInNamespace('App\\Controllers\\cbook')
 3 [internal function]: CodeIgniter\Autoloader\Autoloader->loadClass('App\\Controllers\\cbook')
 4 SYSTEMPATH\CodeIgniter.php(875): class_exists('\\App\\Controllers\\cbook', true)
 5 SYSTEMPATH\CodeIgniter.php(467): CodeIgniter\CodeIgniter->startController()
 6 SYSTEMPATH\CodeIgniter.php(349): CodeIgniter\CodeIgniter->handleRequest(null, Object(Config\Cache), false)
 7 FCPATH\index.php(67): CodeIgniter\CodeIgniter->run()
CRITICAL - 2023-03-08 01:20:57 --> syntax error, unexpected variable "$_POST"
in APPPATH\Controllers\Cbook.php on line 75.
 1 SYSTEMPATH\Autoloader\Autoloader.php(260): CodeIgniter\Autoloader\Autoloader->includeFile('APPPATH\\Controllers\\Cbook.php')
 2 SYSTEMPATH\Autoloader\Autoloader.php(238): CodeIgniter\Autoloader\Autoloader->loadInNamespace('App\\Controllers\\cbook')
 3 [internal function]: CodeIgniter\Autoloader\Autoloader->loadClass('App\\Controllers\\cbook')
 4 SYSTEMPATH\CodeIgniter.php(875): class_exists('\\App\\Controllers\\cbook', true)
 5 SYSTEMPATH\CodeIgniter.php(467): CodeIgniter\CodeIgniter->startController()
 6 SYSTEMPATH\CodeIgniter.php(349): CodeIgniter\CodeIgniter->handleRequest(null, Object(Config\Cache), false)
 7 FCPATH\index.php(67): CodeIgniter\CodeIgniter->run()
CRITICAL - 2023-03-08 01:20:57 --> syntax error, unexpected variable "$_POST"
in APPPATH\Controllers\Cbook.php on line 75.
 1 SYSTEMPATH\Autoloader\Autoloader.php(260): CodeIgniter\Autoloader\Autoloader->includeFile('APPPATH\\Controllers\\Cbook.php')
 2 SYSTEMPATH\Autoloader\Autoloader.php(238): CodeIgniter\Autoloader\Autoloader->loadInNamespace('App\\Controllers\\cbook')
 3 [internal function]: CodeIgniter\Autoloader\Autoloader->loadClass('App\\Controllers\\cbook')
 4 SYSTEMPATH\CodeIgniter.php(875): class_exists('\\App\\Controllers\\cbook', true)
 5 SYSTEMPATH\CodeIgniter.php(467): CodeIgniter\CodeIgniter->startController()
 6 SYSTEMPATH\CodeIgniter.php(349): CodeIgniter\CodeIgniter->handleRequest(null, Object(Config\Cache), false)
 7 FCPATH\index.php(67): CodeIgniter\CodeIgniter->run()
CRITICAL - 2023-03-08 01:20:58 --> syntax error, unexpected variable "$_POST"
in APPPATH\Controllers\Cbook.php on line 75.
 1 SYSTEMPATH\Autoloader\Autoloader.php(260): CodeIgniter\Autoloader\Autoloader->includeFile('APPPATH\\Controllers\\Cbook.php')
 2 SYSTEMPATH\Autoloader\Autoloader.php(238): CodeIgniter\Autoloader\Autoloader->loadInNamespace('App\\Controllers\\cbook')
 3 [internal function]: CodeIgniter\Autoloader\Autoloader->loadClass('App\\Controllers\\cbook')
 4 SYSTEMPATH\CodeIgniter.php(875): class_exists('\\App\\Controllers\\cbook', true)
 5 SYSTEMPATH\CodeIgniter.php(467): CodeIgniter\CodeIgniter->startController()
 6 SYSTEMPATH\CodeIgniter.php(349): CodeIgniter\CodeIgniter->handleRequest(null, Object(Config\Cache), false)
 7 FCPATH\index.php(67): CodeIgniter\CodeIgniter->run()
CRITICAL - 2023-03-08 01:20:58 --> syntax error, unexpected variable "$_POST"
in APPPATH\Controllers\Cbook.php on line 75.
 1 SYSTEMPATH\Autoloader\Autoloader.php(260): CodeIgniter\Autoloader\Autoloader->includeFile('APPPATH\\Controllers\\Cbook.php')
 2 SYSTEMPATH\Autoloader\Autoloader.php(238): CodeIgniter\Autoloader\Autoloader->loadInNamespace('App\\Controllers\\cbook')
 3 [internal function]: CodeIgniter\Autoloader\Autoloader->loadClass('App\\Controllers\\cbook')
 4 SYSTEMPATH\CodeIgniter.php(875): class_exists('\\App\\Controllers\\cbook', true)
 5 SYSTEMPATH\CodeIgniter.php(467): CodeIgniter\CodeIgniter->startController()
 6 SYSTEMPATH\CodeIgniter.php(349): CodeIgniter\CodeIgniter->handleRequest(null, Object(Config\Cache), false)
 7 FCPATH\index.php(67): CodeIgniter\CodeIgniter->run()
CRITICAL - 2023-03-08 01:21:47 --> syntax error, unexpected variable "$_POST"
in APPPATH\Controllers\Cbook.php on line 76.
 1 SYSTEMPATH\Autoloader\Autoloader.php(260): CodeIgniter\Autoloader\Autoloader->includeFile('APPPATH\\Controllers\\Cbook.php')
 2 SYSTEMPATH\Autoloader\Autoloader.php(238): CodeIgniter\Autoloader\Autoloader->loadInNamespace('App\\Controllers\\cbook')
 3 [internal function]: CodeIgniter\Autoloader\Autoloader->loadClass('App\\Controllers\\cbook')
 4 SYSTEMPATH\CodeIgniter.php(875): class_exists('\\App\\Controllers\\cbook', true)
 5 SYSTEMPATH\CodeIgniter.php(467): CodeIgniter\CodeIgniter->startController()
 6 SYSTEMPATH\CodeIgniter.php(349): CodeIgniter\CodeIgniter->handleRequest(null, Object(Config\Cache), false)
 7 FCPATH\index.php(67): CodeIgniter\CodeIgniter->run()
CRITICAL - 2023-03-08 01:21:52 --> syntax error, unexpected variable "$_POST"
in APPPATH\Controllers\Cbook.php on line 76.
 1 SYSTEMPATH\Autoloader\Autoloader.php(260): CodeIgniter\Autoloader\Autoloader->includeFile('APPPATH\\Controllers\\Cbook.php')
 2 SYSTEMPATH\Autoloader\Autoloader.php(238): CodeIgniter\Autoloader\Autoloader->loadInNamespace('App\\Controllers\\cbook')
 3 [internal function]: CodeIgniter\Autoloader\Autoloader->loadClass('App\\Controllers\\cbook')
 4 SYSTEMPATH\CodeIgniter.php(875): class_exists('\\App\\Controllers\\cbook', true)
 5 SYSTEMPATH\CodeIgniter.php(467): CodeIgniter\CodeIgniter->startController()
 6 SYSTEMPATH\CodeIgniter.php(349): CodeIgniter\CodeIgniter->handleRequest(null, Object(Config\Cache), false)
 7 FCPATH\index.php(67): CodeIgniter\CodeIgniter->run()
CRITICAL - 2023-03-08 02:17:30 --> syntax error, unexpected variable "$_POST"
in APPPATH\Controllers\Cbook.php on line 76.
 1 SYSTEMPATH\Autoloader\Autoloader.php(260): CodeIgniter\Autoloader\Autoloader->includeFile('APPPATH\\Controllers\\Cbook.php')
 2 SYSTEMPATH\Autoloader\Autoloader.php(238): CodeIgniter\Autoloader\Autoloader->loadInNamespace('App\\Controllers\\cbook')
 3 [internal function]: CodeIgniter\Autoloader\Autoloader->loadClass('App\\Controllers\\cbook')
 4 SYSTEMPATH\CodeIgniter.php(875): class_exists('\\App\\Controllers\\cbook', true)
 5 SYSTEMPATH\CodeIgniter.php(467): CodeIgniter\CodeIgniter->startController()
 6 SYSTEMPATH\CodeIgniter.php(349): CodeIgniter\CodeIgniter->handleRequest(null, Object(Config\Cache), false)
 7 FCPATH\index.php(67): CodeIgniter\CodeIgniter->run()
CRITICAL - 2023-03-08 02:17:55 --> syntax error, unexpected variable "$_POST"
in APPPATH\Controllers\Cbook.php on line 76.
 1 SYSTEMPATH\Autoloader\Autoloader.php(260): CodeIgniter\Autoloader\Autoloader->includeFile('APPPATH\\Controllers\\Cbook.php')
 2 SYSTEMPATH\Autoloader\Autoloader.php(238): CodeIgniter\Autoloader\Autoloader->loadInNamespace('App\\Controllers\\cbook')
 3 [internal function]: CodeIgniter\Autoloader\Autoloader->loadClass('App\\Controllers\\cbook')
 4 SYSTEMPATH\CodeIgniter.php(875): class_exists('\\App\\Controllers\\cbook', true)
 5 SYSTEMPATH\CodeIgniter.php(467): CodeIgniter\CodeIgniter->startController()
 6 SYSTEMPATH\CodeIgniter.php(349): CodeIgniter\CodeIgniter->handleRequest(null, Object(Config\Cache), false)
 7 FCPATH\index.php(67): CodeIgniter\CodeIgniter->run()
CRITICAL - 2023-03-08 02:17:56 --> syntax error, unexpected variable "$_POST"
in APPPATH\Controllers\Cbook.php on line 76.
 1 SYSTEMPATH\Autoloader\Autoloader.php(260): CodeIgniter\Autoloader\Autoloader->includeFile('APPPATH\\Controllers\\Cbook.php')
 2 SYSTEMPATH\Autoloader\Autoloader.php(238): CodeIgniter\Autoloader\Autoloader->loadInNamespace('App\\Controllers\\cbook')
 3 [internal function]: CodeIgniter\Autoloader\Autoloader->loadClass('App\\Controllers\\cbook')
 4 SYSTEMPATH\CodeIgniter.php(875): class_exists('\\App\\Controllers\\cbook', true)
 5 SYSTEMPATH\CodeIgniter.php(467): CodeIgniter\CodeIgniter->startController()
 6 SYSTEMPATH\CodeIgniter.php(349): CodeIgniter\CodeIgniter->handleRequest(null, Object(Config\Cache), false)
 7 FCPATH\index.php(67): CodeIgniter\CodeIgniter->run()
CRITICAL - 2023-03-08 02:17:56 --> syntax error, unexpected variable "$_POST"
in APPPATH\Controllers\Cbook.php on line 76.
 1 SYSTEMPATH\Autoloader\Autoloader.php(260): CodeIgniter\Autoloader\Autoloader->includeFile('APPPATH\\Controllers\\Cbook.php')
 2 SYSTEMPATH\Autoloader\Autoloader.php(238): CodeIgniter\Autoloader\Autoloader->loadInNamespace('App\\Controllers\\cbook')
 3 [internal function]: CodeIgniter\Autoloader\Autoloader->loadClass('App\\Controllers\\cbook')
 4 SYSTEMPATH\CodeIgniter.php(875): class_exists('\\App\\Controllers\\cbook', true)
 5 SYSTEMPATH\CodeIgniter.php(467): CodeIgniter\CodeIgniter->startController()
 6 SYSTEMPATH\CodeIgniter.php(349): CodeIgniter\CodeIgniter->handleRequest(null, Object(Config\Cache), false)
 7 FCPATH\index.php(67): CodeIgniter\CodeIgniter->run()
CRITICAL - 2023-03-08 02:17:56 --> syntax error, unexpected variable "$_POST"
in APPPATH\Controllers\Cbook.php on line 76.
 1 SYSTEMPATH\Autoloader\Autoloader.php(260): CodeIgniter\Autoloader\Autoloader->includeFile('APPPATH\\Controllers\\Cbook.php')
 2 SYSTEMPATH\Autoloader\Autoloader.php(238): CodeIgniter\Autoloader\Autoloader->loadInNamespace('App\\Controllers\\cbook')
 3 [internal function]: CodeIgniter\Autoloader\Autoloader->loadClass('App\\Controllers\\cbook')
 4 SYSTEMPATH\CodeIgniter.php(875): class_exists('\\App\\Controllers\\cbook', true)
 5 SYSTEMPATH\CodeIgniter.php(467): CodeIgniter\CodeIgniter->startController()
 6 SYSTEMPATH\CodeIgniter.php(349): CodeIgniter\CodeIgniter->handleRequest(null, Object(Config\Cache), false)
 7 FCPATH\index.php(67): CodeIgniter\CodeIgniter->run()
CRITICAL - 2023-03-08 02:17:57 --> syntax error, unexpected variable "$_POST"
in APPPATH\Controllers\Cbook.php on line 76.
 1 SYSTEMPATH\Autoloader\Autoloader.php(260): CodeIgniter\Autoloader\Autoloader->includeFile('APPPATH\\Controllers\\Cbook.php')
 2 SYSTEMPATH\Autoloader\Autoloader.php(238): CodeIgniter\Autoloader\Autoloader->loadInNamespace('App\\Controllers\\cbook')
 3 [internal function]: CodeIgniter\Autoloader\Autoloader->loadClass('App\\Controllers\\cbook')
 4 SYSTEMPATH\CodeIgniter.php(875): class_exists('\\App\\Controllers\\cbook', true)
 5 SYSTEMPATH\CodeIgniter.php(467): CodeIgniter\CodeIgniter->startController()
 6 SYSTEMPATH\CodeIgniter.php(349): CodeIgniter\CodeIgniter->handleRequest(null, Object(Config\Cache), false)
 7 FCPATH\index.php(67): CodeIgniter\CodeIgniter->run()
CRITICAL - 2023-03-08 02:17:57 --> syntax error, unexpected variable "$_POST"
in APPPATH\Controllers\Cbook.php on line 76.
 1 SYSTEMPATH\Autoloader\Autoloader.php(260): CodeIgniter\Autoloader\Autoloader->includeFile('APPPATH\\Controllers\\Cbook.php')
 2 SYSTEMPATH\Autoloader\Autoloader.php(238): CodeIgniter\Autoloader\Autoloader->loadInNamespace('App\\Controllers\\cbook')
 3 [internal function]: CodeIgniter\Autoloader\Autoloader->loadClass('App\\Controllers\\cbook')
 4 SYSTEMPATH\CodeIgniter.php(875): class_exists('\\App\\Controllers\\cbook', true)
 5 SYSTEMPATH\CodeIgniter.php(467): CodeIgniter\CodeIgniter->startController()
 6 SYSTEMPATH\CodeIgniter.php(349): CodeIgniter\CodeIgniter->handleRequest(null, Object(Config\Cache), false)
 7 FCPATH\index.php(67): CodeIgniter\CodeIgniter->run()
CRITICAL - 2023-03-08 02:17:57 --> syntax error, unexpected variable "$_POST"
in APPPATH\Controllers\Cbook.php on line 76.
 1 SYSTEMPATH\Autoloader\Autoloader.php(260): CodeIgniter\Autoloader\Autoloader->includeFile('APPPATH\\Controllers\\Cbook.php')
 2 SYSTEMPATH\Autoloader\Autoloader.php(238): CodeIgniter\Autoloader\Autoloader->loadInNamespace('App\\Controllers\\cbook')
 3 [internal function]: CodeIgniter\Autoloader\Autoloader->loadClass('App\\Controllers\\cbook')
 4 SYSTEMPATH\CodeIgniter.php(875): class_exists('\\App\\Controllers\\cbook', true)
 5 SYSTEMPATH\CodeIgniter.php(467): CodeIgniter\CodeIgniter->startController()
 6 SYSTEMPATH\CodeIgniter.php(349): CodeIgniter\CodeIgniter->handleRequest(null, Object(Config\Cache), false)
 7 FCPATH\index.php(67): CodeIgniter\CodeIgniter->run()
CRITICAL - 2023-03-08 02:17:57 --> syntax error, unexpected variable "$_POST"
in APPPATH\Controllers\Cbook.php on line 76.
 1 SYSTEMPATH\Autoloader\Autoloader.php(260): CodeIgniter\Autoloader\Autoloader->includeFile('APPPATH\\Controllers\\Cbook.php')
 2 SYSTEMPATH\Autoloader\Autoloader.php(238): CodeIgniter\Autoloader\Autoloader->loadInNamespace('App\\Controllers\\cbook')
 3 [internal function]: CodeIgniter\Autoloader\Autoloader->loadClass('App\\Controllers\\cbook')
 4 SYSTEMPATH\CodeIgniter.php(875): class_exists('\\App\\Controllers\\cbook', true)
 5 SYSTEMPATH\CodeIgniter.php(467): CodeIgniter\CodeIgniter->startController()
 6 SYSTEMPATH\CodeIgniter.php(349): CodeIgniter\CodeIgniter->handleRequest(null, Object(Config\Cache), false)
 7 FCPATH\index.php(67): CodeIgniter\CodeIgniter->run()
CRITICAL - 2023-03-08 02:17:58 --> syntax error, unexpected variable "$_POST"
in APPPATH\Controllers\Cbook.php on line 76.
 1 SYSTEMPATH\Autoloader\Autoloader.php(260): CodeIgniter\Autoloader\Autoloader->includeFile('APPPATH\\Controllers\\Cbook.php')
 2 SYSTEMPATH\Autoloader\Autoloader.php(238): CodeIgniter\Autoloader\Autoloader->loadInNamespace('App\\Controllers\\cbook')
 3 [internal function]: CodeIgniter\Autoloader\Autoloader->loadClass('App\\Controllers\\cbook')
 4 SYSTEMPATH\CodeIgniter.php(875): class_exists('\\App\\Controllers\\cbook', true)
 5 SYSTEMPATH\CodeIgniter.php(467): CodeIgniter\CodeIgniter->startController()
 6 SYSTEMPATH\CodeIgniter.php(349): CodeIgniter\CodeIgniter->handleRequest(null, Object(Config\Cache), false)
 7 FCPATH\index.php(67): CodeIgniter\CodeIgniter->run()
CRITICAL - 2023-03-08 02:17:58 --> syntax error, unexpected variable "$_POST"
in APPPATH\Controllers\Cbook.php on line 76.
 1 SYSTEMPATH\Autoloader\Autoloader.php(260): CodeIgniter\Autoloader\Autoloader->includeFile('APPPATH\\Controllers\\Cbook.php')
 2 SYSTEMPATH\Autoloader\Autoloader.php(238): CodeIgniter\Autoloader\Autoloader->loadInNamespace('App\\Controllers\\cbook')
 3 [internal function]: CodeIgniter\Autoloader\Autoloader->loadClass('App\\Controllers\\cbook')
 4 SYSTEMPATH\CodeIgniter.php(875): class_exists('\\App\\Controllers\\cbook', true)
 5 SYSTEMPATH\CodeIgniter.php(467): CodeIgniter\CodeIgniter->startController()
 6 SYSTEMPATH\CodeIgniter.php(349): CodeIgniter\CodeIgniter->handleRequest(null, Object(Config\Cache), false)
 7 FCPATH\index.php(67): CodeIgniter\CodeIgniter->run()
CRITICAL - 2023-03-08 02:17:58 --> syntax error, unexpected variable "$_POST"
in APPPATH\Controllers\Cbook.php on line 76.
 1 SYSTEMPATH\Autoloader\Autoloader.php(260): CodeIgniter\Autoloader\Autoloader->includeFile('APPPATH\\Controllers\\Cbook.php')
 2 SYSTEMPATH\Autoloader\Autoloader.php(238): CodeIgniter\Autoloader\Autoloader->loadInNamespace('App\\Controllers\\cbook')
 3 [internal function]: CodeIgniter\Autoloader\Autoloader->loadClass('App\\Controllers\\cbook')
 4 SYSTEMPATH\CodeIgniter.php(875): class_exists('\\App\\Controllers\\cbook', true)
 5 SYSTEMPATH\CodeIgniter.php(467): CodeIgniter\CodeIgniter->startController()
 6 SYSTEMPATH\CodeIgniter.php(349): CodeIgniter\CodeIgniter->handleRequest(null, Object(Config\Cache), false)
 7 FCPATH\index.php(67): CodeIgniter\CodeIgniter->run()
CRITICAL - 2023-03-08 02:17:59 --> syntax error, unexpected variable "$_POST"
in APPPATH\Controllers\Cbook.php on line 76.
 1 SYSTEMPATH\Autoloader\Autoloader.php(260): CodeIgniter\Autoloader\Autoloader->includeFile('APPPATH\\Controllers\\Cbook.php')
 2 SYSTEMPATH\Autoloader\Autoloader.php(238): CodeIgniter\Autoloader\Autoloader->loadInNamespace('App\\Controllers\\cbook')
 3 [internal function]: CodeIgniter\Autoloader\Autoloader->loadClass('App\\Controllers\\cbook')
 4 SYSTEMPATH\CodeIgniter.php(875): class_exists('\\App\\Controllers\\cbook', true)
 5 SYSTEMPATH\CodeIgniter.php(467): CodeIgniter\CodeIgniter->startController()
 6 SYSTEMPATH\CodeIgniter.php(349): CodeIgniter\CodeIgniter->handleRequest(null, Object(Config\Cache), false)
 7 FCPATH\index.php(67): CodeIgniter\CodeIgniter->run()
CRITICAL - 2023-03-08 02:17:59 --> syntax error, unexpected variable "$_POST"
in APPPATH\Controllers\Cbook.php on line 76.
 1 SYSTEMPATH\Autoloader\Autoloader.php(260): CodeIgniter\Autoloader\Autoloader->includeFile('APPPATH\\Controllers\\Cbook.php')
 2 SYSTEMPATH\Autoloader\Autoloader.php(238): CodeIgniter\Autoloader\Autoloader->loadInNamespace('App\\Controllers\\cbook')
 3 [internal function]: CodeIgniter\Autoloader\Autoloader->loadClass('App\\Controllers\\cbook')
 4 SYSTEMPATH\CodeIgniter.php(875): class_exists('\\App\\Controllers\\cbook', true)
 5 SYSTEMPATH\CodeIgniter.php(467): CodeIgniter\CodeIgniter->startController()
 6 SYSTEMPATH\CodeIgniter.php(349): CodeIgniter\CodeIgniter->handleRequest(null, Object(Config\Cache), false)
 7 FCPATH\index.php(67): CodeIgniter\CodeIgniter->run()
CRITICAL - 2023-03-08 02:17:59 --> syntax error, unexpected variable "$_POST"
in APPPATH\Controllers\Cbook.php on line 76.
 1 SYSTEMPATH\Autoloader\Autoloader.php(260): CodeIgniter\Autoloader\Autoloader->includeFile('APPPATH\\Controllers\\Cbook.php')
 2 SYSTEMPATH\Autoloader\Autoloader.php(238): CodeIgniter\Autoloader\Autoloader->loadInNamespace('App\\Controllers\\cbook')
 3 [internal function]: CodeIgniter\Autoloader\Autoloader->loadClass('App\\Controllers\\cbook')
 4 SYSTEMPATH\CodeIgniter.php(875): class_exists('\\App\\Controllers\\cbook', true)
 5 SYSTEMPATH\CodeIgniter.php(467): CodeIgniter\CodeIgniter->startController()
 6 SYSTEMPATH\CodeIgniter.php(349): CodeIgniter\CodeIgniter->handleRequest(null, Object(Config\Cache), false)
 7 FCPATH\index.php(67): CodeIgniter\CodeIgniter->run()
CRITICAL - 2023-03-08 02:20:38 --> include(C:\xampp\htdocs\booking\app\path/to/Book.php): Failed to open stream: No such file or directory
in APPPATH\Controllers\Cbook.php on line 8.
 1 APPPATH\Controllers\Cbook.php(8): CodeIgniter\Debug\Exceptions->errorHandler(2, 'include(C:\\xampp\\htdocs\\booking\\app\\path/to/Book.php): Failed to open stream: No such file or directory', 'APPPATH\\Controllers\\Cbook.php', 8)
 2 APPPATH\Controllers\Cbook.php(8): include()
 3 SYSTEMPATH\Autoloader\Autoloader.php(283): include_once('APPPATH\\Controllers\\Cbook.php')
 4 SYSTEMPATH\Autoloader\Autoloader.php(260): CodeIgniter\Autoloader\Autoloader->includeFile('APPPATH\\Controllers\\Cbook.php')
 5 SYSTEMPATH\Autoloader\Autoloader.php(238): CodeIgniter\Autoloader\Autoloader->loadInNamespace('App\\Controllers\\cbook')
 6 [internal function]: CodeIgniter\Autoloader\Autoloader->loadClass('App\\Controllers\\cbook')
 7 SYSTEMPATH\CodeIgniter.php(875): class_exists('\\App\\Controllers\\cbook', true)
 8 SYSTEMPATH\CodeIgniter.php(467): CodeIgniter\CodeIgniter->startController()
 9 SYSTEMPATH\CodeIgniter.php(349): CodeIgniter\CodeIgniter->handleRequest(null, Object(Config\Cache), false)
10 FCPATH\index.php(67): CodeIgniter\CodeIgniter->run()
CRITICAL - 2023-03-08 02:21:46 --> Undefined property: App\Controllers\Cbook::$load
in APPPATH\Controllers\Cbook.php on line 73.
 1 APPPATH\Controllers\Cbook.php(73): CodeIgniter\Debug\Exceptions->errorHandler(2, 'Undefined property: App\\Controllers\\Cbook::$load', 'APPPATH\\Controllers\\Cbook.php', 73)
 2 SYSTEMPATH\CodeIgniter.php(925): App\Controllers\Cbook->store()
 3 SYSTEMPATH\CodeIgniter.php(480): CodeIgniter\CodeIgniter->runController(Object(App\Controllers\Cbook))
 4 SYSTEMPATH\CodeIgniter.php(349): CodeIgniter\CodeIgniter->handleRequest(null, Object(Config\Cache), false)
 5 FCPATH\index.php(67): CodeIgniter\CodeIgniter->run()
CRITICAL - 2023-03-08 02:22:31 --> Undefined variable $load
in APPPATH\Controllers\Cbook.php on line 73.
 1 APPPATH\Controllers\Cbook.php(73): CodeIgniter\Debug\Exceptions->errorHandler(2, 'Undefined variable $load', 'APPPATH\\Controllers\\Cbook.php', 73)
 2 SYSTEMPATH\CodeIgniter.php(925): App\Controllers\Cbook->store()
 3 SYSTEMPATH\CodeIgniter.php(480): CodeIgniter\CodeIgniter->runController(Object(App\Controllers\Cbook))
 4 SYSTEMPATH\CodeIgniter.php(349): CodeIgniter\CodeIgniter->handleRequest(null, Object(Config\Cache), false)
 5 FCPATH\index.php(67): CodeIgniter\CodeIgniter->run()
CRITICAL - 2023-03-08 03:04:13 --> include(inc/book.php): Failed to open stream: No such file or directory
in APPPATH\Controllers\Cbook.php on line 9.
 1 APPPATH\Controllers\Cbook.php(9): CodeIgniter\Debug\Exceptions->errorHandler(2, 'include(inc/book.php): Failed to open stream: No such file or directory', 'APPPATH\\Controllers\\Cbook.php', 9)
 2 APPPATH\Controllers\Cbook.php(9): include()
 3 SYSTEMPATH\Autoloader\Autoloader.php(283): include_once('APPPATH\\Controllers\\Cbook.php')
 4 SYSTEMPATH\Autoloader\Autoloader.php(260): CodeIgniter\Autoloader\Autoloader->includeFile('APPPATH\\Controllers\\Cbook.php')
 5 SYSTEMPATH\Autoloader\Autoloader.php(238): CodeIgniter\Autoloader\Autoloader->loadInNamespace('App\\Controllers\\cbook')
 6 [internal function]: CodeIgniter\Autoloader\Autoloader->loadClass('App\\Controllers\\cbook')
 7 SYSTEMPATH\CodeIgniter.php(875): class_exists('\\App\\Controllers\\cbook', true)
 8 SYSTEMPATH\CodeIgniter.php(467): CodeIgniter\CodeIgniter->startController()
 9 SYSTEMPATH\CodeIgniter.php(349): CodeIgniter\CodeIgniter->handleRequest(null, Object(Config\Cache), false)
10 FCPATH\index.php(67): CodeIgniter\CodeIgniter->run()
CRITICAL - 2023-03-08 03:05:12 --> include(inc/Book.php): Failed to open stream: No such file or directory
in APPPATH\Controllers\Cbook.php on line 9.
 1 APPPATH\Controllers\Cbook.php(9): CodeIgniter\Debug\Exceptions->errorHandler(2, 'include(inc/Book.php): Failed to open stream: No such file or directory', 'APPPATH\\Controllers\\Cbook.php', 9)
 2 APPPATH\Controllers\Cbook.php(9): include()
 3 SYSTEMPATH\Autoloader\Autoloader.php(283): include_once('APPPATH\\Controllers\\Cbook.php')
 4 SYSTEMPATH\Autoloader\Autoloader.php(260): CodeIgniter\Autoloader\Autoloader->includeFile('APPPATH\\Controllers\\Cbook.php')
 5 SYSTEMPATH\Autoloader\Autoloader.php(238): CodeIgniter\Autoloader\Autoloader->loadInNamespace('App\\Controllers\\cbook')
 6 [internal function]: CodeIgniter\Autoloader\Autoloader->loadClass('App\\Controllers\\cbook')
 7 SYSTEMPATH\CodeIgniter.php(875): class_exists('\\App\\Controllers\\cbook', true)
 8 SYSTEMPATH\CodeIgniter.php(467): CodeIgniter\CodeIgniter->startController()
 9 SYSTEMPATH\CodeIgniter.php(349): CodeIgniter\CodeIgniter->handleRequest(null, Object(Config\Cache), false)
10 FCPATH\index.php(67): CodeIgniter\CodeIgniter->run()
CRITICAL - 2023-03-08 03:05:13 --> include(inc/Book.php): Failed to open stream: No such file or directory
in APPPATH\Controllers\Cbook.php on line 9.
 1 APPPATH\Controllers\Cbook.php(9): CodeIgniter\Debug\Exceptions->errorHandler(2, 'include(inc/Book.php): Failed to open stream: No such file or directory', 'APPPATH\\Controllers\\Cbook.php', 9)
 2 APPPATH\Controllers\Cbook.php(9): include()
 3 SYSTEMPATH\Autoloader\Autoloader.php(283): include_once('APPPATH\\Controllers\\Cbook.php')
 4 SYSTEMPATH\Autoloader\Autoloader.php(260): CodeIgniter\Autoloader\Autoloader->includeFile('APPPATH\\Controllers\\Cbook.php')
 5 SYSTEMPATH\Autoloader\Autoloader.php(238): CodeIgniter\Autoloader\Autoloader->loadInNamespace('App\\Controllers\\cbook')
 6 [internal function]: CodeIgniter\Autoloader\Autoloader->loadClass('App\\Controllers\\cbook')
 7 SYSTEMPATH\CodeIgniter.php(875): class_exists('\\App\\Controllers\\cbook', true)
 8 SYSTEMPATH\CodeIgniter.php(467): CodeIgniter\CodeIgniter->startController()
 9 SYSTEMPATH\CodeIgniter.php(349): CodeIgniter\CodeIgniter->handleRequest(null, Object(Config\Cache), false)
10 FCPATH\index.php(67): CodeIgniter\CodeIgniter->run()
CRITICAL - 2023-03-08 03:05:14 --> include(inc/Book.php): Failed to open stream: No such file or directory
in APPPATH\Controllers\Cbook.php on line 9.
 1 APPPATH\Controllers\Cbook.php(9): CodeIgniter\Debug\Exceptions->errorHandler(2, 'include(inc/Book.php): Failed to open stream: No such file or directory', 'APPPATH\\Controllers\\Cbook.php', 9)
 2 APPPATH\Controllers\Cbook.php(9): include()
 3 SYSTEMPATH\Autoloader\Autoloader.php(283): include_once('APPPATH\\Controllers\\Cbook.php')
 4 SYSTEMPATH\Autoloader\Autoloader.php(260): CodeIgniter\Autoloader\Autoloader->includeFile('APPPATH\\Controllers\\Cbook.php')
 5 SYSTEMPATH\Autoloader\Autoloader.php(238): CodeIgniter\Autoloader\Autoloader->loadInNamespace('App\\Controllers\\cbook')
 6 [internal function]: CodeIgniter\Autoloader\Autoloader->loadClass('App\\Controllers\\cbook')
 7 SYSTEMPATH\CodeIgniter.php(875): class_exists('\\App\\Controllers\\cbook', true)
 8 SYSTEMPATH\CodeIgniter.php(467): CodeIgniter\CodeIgniter->startController()
 9 SYSTEMPATH\CodeIgniter.php(349): CodeIgniter\CodeIgniter->handleRequest(null, Object(Config\Cache), false)
10 FCPATH\index.php(67): CodeIgniter\CodeIgniter->run()
CRITICAL - 2023-03-08 03:05:14 --> include(inc/Book.php): Failed to open stream: No such file or directory
in APPPATH\Controllers\Cbook.php on line 9.
 1 APPPATH\Controllers\Cbook.php(9): CodeIgniter\Debug\Exceptions->errorHandler(2, 'include(inc/Book.php): Failed to open stream: No such file or directory', 'APPPATH\\Controllers\\Cbook.php', 9)
 2 APPPATH\Controllers\Cbook.php(9): include()
 3 SYSTEMPATH\Autoloader\Autoloader.php(283): include_once('APPPATH\\Controllers\\Cbook.php')
 4 SYSTEMPATH\Autoloader\Autoloader.php(260): CodeIgniter\Autoloader\Autoloader->includeFile('APPPATH\\Controllers\\Cbook.php')
 5 SYSTEMPATH\Autoloader\Autoloader.php(238): CodeIgniter\Autoloader\Autoloader->loadInNamespace('App\\Controllers\\cbook')
 6 [internal function]: CodeIgniter\Autoloader\Autoloader->loadClass('App\\Controllers\\cbook')
 7 SYSTEMPATH\CodeIgniter.php(875): class_exists('\\App\\Controllers\\cbook', true)
 8 SYSTEMPATH\CodeIgniter.php(467): CodeIgniter\CodeIgniter->startController()
 9 SYSTEMPATH\CodeIgniter.php(349): CodeIgniter\CodeIgniter->handleRequest(null, Object(Config\Cache), false)
10 FCPATH\index.php(67): CodeIgniter\CodeIgniter->run()
CRITICAL - 2023-03-08 03:05:14 --> include(inc/Book.php): Failed to open stream: No such file or directory
in APPPATH\Controllers\Cbook.php on line 9.
 1 APPPATH\Controllers\Cbook.php(9): CodeIgniter\Debug\Exceptions->errorHandler(2, 'include(inc/Book.php): Failed to open stream: No such file or directory', 'APPPATH\\Controllers\\Cbook.php', 9)
 2 APPPATH\Controllers\Cbook.php(9): include()
 3 SYSTEMPATH\Autoloader\Autoloader.php(283): include_once('APPPATH\\Controllers\\Cbook.php')
 4 SYSTEMPATH\Autoloader\Autoloader.php(260): CodeIgniter\Autoloader\Autoloader->includeFile('APPPATH\\Controllers\\Cbook.php')
 5 SYSTEMPATH\Autoloader\Autoloader.php(238): CodeIgniter\Autoloader\Autoloader->loadInNamespace('App\\Controllers\\cbook')
 6 [internal function]: CodeIgniter\Autoloader\Autoloader->loadClass('App\\Controllers\\cbook')
 7 SYSTEMPATH\CodeIgniter.php(875): class_exists('\\App\\Controllers\\cbook', true)
 8 SYSTEMPATH\CodeIgniter.php(467): CodeIgniter\CodeIgniter->startController()
 9 SYSTEMPATH\CodeIgniter.php(349): CodeIgniter\CodeIgniter->handleRequest(null, Object(Config\Cache), false)
10 FCPATH\index.php(67): CodeIgniter\CodeIgniter->run()
CRITICAL - 2023-03-08 03:05:14 --> include(inc/Book.php): Failed to open stream: No such file or directory
in APPPATH\Controllers\Cbook.php on line 9.
 1 APPPATH\Controllers\Cbook.php(9): CodeIgniter\Debug\Exceptions->errorHandler(2, 'include(inc/Book.php): Failed to open stream: No such file or directory', 'APPPATH\\Controllers\\Cbook.php', 9)
 2 APPPATH\Controllers\Cbook.php(9): include()
 3 SYSTEMPATH\Autoloader\Autoloader.php(283): include_once('APPPATH\\Controllers\\Cbook.php')
 4 SYSTEMPATH\Autoloader\Autoloader.php(260): CodeIgniter\Autoloader\Autoloader->includeFile('APPPATH\\Controllers\\Cbook.php')
 5 SYSTEMPATH\Autoloader\Autoloader.php(238): CodeIgniter\Autoloader\Autoloader->loadInNamespace('App\\Controllers\\cbook')
 6 [internal function]: CodeIgniter\Autoloader\Autoloader->loadClass('App\\Controllers\\cbook')
 7 SYSTEMPATH\CodeIgniter.php(875): class_exists('\\App\\Controllers\\cbook', true)
 8 SYSTEMPATH\CodeIgniter.php(467): CodeIgniter\CodeIgniter->startController()
 9 SYSTEMPATH\CodeIgniter.php(349): CodeIgniter\CodeIgniter->handleRequest(null, Object(Config\Cache), false)
10 FCPATH\index.php(67): CodeIgniter\CodeIgniter->run()
CRITICAL - 2023-03-08 03:05:14 --> include(inc/Book.php): Failed to open stream: No such file or directory
in APPPATH\Controllers\Cbook.php on line 9.
 1 APPPATH\Controllers\Cbook.php(9): CodeIgniter\Debug\Exceptions->errorHandler(2, 'include(inc/Book.php): Failed to open stream: No such file or directory', 'APPPATH\\Controllers\\Cbook.php', 9)
 2 APPPATH\Controllers\Cbook.php(9): include()
 3 SYSTEMPATH\Autoloader\Autoloader.php(283): include_once('APPPATH\\Controllers\\Cbook.php')
 4 SYSTEMPATH\Autoloader\Autoloader.php(260): CodeIgniter\Autoloader\Autoloader->includeFile('APPPATH\\Controllers\\Cbook.php')
 5 SYSTEMPATH\Autoloader\Autoloader.php(238): CodeIgniter\Autoloader\Autoloader->loadInNamespace('App\\Controllers\\cbook')
 6 [internal function]: CodeIgniter\Autoloader\Autoloader->loadClass('App\\Controllers\\cbook')
 7 SYSTEMPATH\CodeIgniter.php(875): class_exists('\\App\\Controllers\\cbook', true)
 8 SYSTEMPATH\CodeIgniter.php(467): CodeIgniter\CodeIgniter->startController()
 9 SYSTEMPATH\CodeIgniter.php(349): CodeIgniter\CodeIgniter->handleRequest(null, Object(Config\Cache), false)
10 FCPATH\index.php(67): CodeIgniter\CodeIgniter->run()
CRITICAL - 2023-03-08 03:05:15 --> include(inc/Book.php): Failed to open stream: No such file or directory
in APPPATH\Controllers\Cbook.php on line 9.
 1 APPPATH\Controllers\Cbook.php(9): CodeIgniter\Debug\Exceptions->errorHandler(2, 'include(inc/Book.php): Failed to open stream: No such file or directory', 'APPPATH\\Controllers\\Cbook.php', 9)
 2 APPPATH\Controllers\Cbook.php(9): include()
 3 SYSTEMPATH\Autoloader\Autoloader.php(283): include_once('APPPATH\\Controllers\\Cbook.php')
 4 SYSTEMPATH\Autoloader\Autoloader.php(260): CodeIgniter\Autoloader\Autoloader->includeFile('APPPATH\\Controllers\\Cbook.php')
 5 SYSTEMPATH\Autoloader\Autoloader.php(238): CodeIgniter\Autoloader\Autoloader->loadInNamespace('App\\Controllers\\cbook')
 6 [internal function]: CodeIgniter\Autoloader\Autoloader->loadClass('App\\Controllers\\cbook')
 7 SYSTEMPATH\CodeIgniter.php(875): class_exists('\\App\\Controllers\\cbook', true)
 8 SYSTEMPATH\CodeIgniter.php(467): CodeIgniter\CodeIgniter->startController()
 9 SYSTEMPATH\CodeIgniter.php(349): CodeIgniter\CodeIgniter->handleRequest(null, Object(Config\Cache), false)
10 FCPATH\index.php(67): CodeIgniter\CodeIgniter->run()
CRITICAL - 2023-03-08 03:05:15 --> include(inc/Book.php): Failed to open stream: No such file or directory
in APPPATH\Controllers\Cbook.php on line 9.
 1 APPPATH\Controllers\Cbook.php(9): CodeIgniter\Debug\Exceptions->errorHandler(2, 'include(inc/Book.php): Failed to open stream: No such file or directory', 'APPPATH\\Controllers\\Cbook.php', 9)
 2 APPPATH\Controllers\Cbook.php(9): include()
 3 SYSTEMPATH\Autoloader\Autoloader.php(283): include_once('APPPATH\\Controllers\\Cbook.php')
 4 SYSTEMPATH\Autoloader\Autoloader.php(260): CodeIgniter\Autoloader\Autoloader->includeFile('APPPATH\\Controllers\\Cbook.php')
 5 SYSTEMPATH\Autoloader\Autoloader.php(238): CodeIgniter\Autoloader\Autoloader->loadInNamespace('App\\Controllers\\cbook')
 6 [internal function]: CodeIgniter\Autoloader\Autoloader->loadClass('App\\Controllers\\cbook')
 7 SYSTEMPATH\CodeIgniter.php(875): class_exists('\\App\\Controllers\\cbook', true)
 8 SYSTEMPATH\CodeIgniter.php(467): CodeIgniter\CodeIgniter->startController()
 9 SYSTEMPATH\CodeIgniter.php(349): CodeIgniter\CodeIgniter->handleRequest(null, Object(Config\Cache), false)
10 FCPATH\index.php(67): CodeIgniter\CodeIgniter->run()
CRITICAL - 2023-03-08 03:05:15 --> include(inc/Book.php): Failed to open stream: No such file or directory
in APPPATH\Controllers\Cbook.php on line 9.
 1 APPPATH\Controllers\Cbook.php(9): CodeIgniter\Debug\Exceptions->errorHandler(2, 'include(inc/Book.php): Failed to open stream: No such file or directory', 'APPPATH\\Controllers\\Cbook.php', 9)
 2 APPPATH\Controllers\Cbook.php(9): include()
 3 SYSTEMPATH\Autoloader\Autoloader.php(283): include_once('APPPATH\\Controllers\\Cbook.php')
 4 SYSTEMPATH\Autoloader\Autoloader.php(260): CodeIgniter\Autoloader\Autoloader->includeFile('APPPATH\\Controllers\\Cbook.php')
 5 SYSTEMPATH\Autoloader\Autoloader.php(238): CodeIgniter\Autoloader\Autoloader->loadInNamespace('App\\Controllers\\cbook')
 6 [internal function]: CodeIgniter\Autoloader\Autoloader->loadClass('App\\Controllers\\cbook')
 7 SYSTEMPATH\CodeIgniter.php(875): class_exists('\\App\\Controllers\\cbook', true)
 8 SYSTEMPATH\CodeIgniter.php(467): CodeIgniter\CodeIgniter->startController()
 9 SYSTEMPATH\CodeIgniter.php(349): CodeIgniter\CodeIgniter->handleRequest(null, Object(Config\Cache), false)
10 FCPATH\index.php(67): CodeIgniter\CodeIgniter->run()
CRITICAL - 2023-03-08 03:05:15 --> include(inc/Book.php): Failed to open stream: No such file or directory
in APPPATH\Controllers\Cbook.php on line 9.
 1 APPPATH\Controllers\Cbook.php(9): CodeIgniter\Debug\Exceptions->errorHandler(2, 'include(inc/Book.php): Failed to open stream: No such file or directory', 'APPPATH\\Controllers\\Cbook.php', 9)
 2 APPPATH\Controllers\Cbook.php(9): include()
 3 SYSTEMPATH\Autoloader\Autoloader.php(283): include_once('APPPATH\\Controllers\\Cbook.php')
 4 SYSTEMPATH\Autoloader\Autoloader.php(260): CodeIgniter\Autoloader\Autoloader->includeFile('APPPATH\\Controllers\\Cbook.php')
 5 SYSTEMPATH\Autoloader\Autoloader.php(238): CodeIgniter\Autoloader\Autoloader->loadInNamespace('App\\Controllers\\cbook')
 6 [internal function]: CodeIgniter\Autoloader\Autoloader->loadClass('App\\Controllers\\cbook')
 7 SYSTEMPATH\CodeIgniter.php(875): class_exists('\\App\\Controllers\\cbook', true)
 8 SYSTEMPATH\CodeIgniter.php(467): CodeIgniter\CodeIgniter->startController()
 9 SYSTEMPATH\CodeIgniter.php(349): CodeIgniter\CodeIgniter->handleRequest(null, Object(Config\Cache), false)
10 FCPATH\index.php(67): CodeIgniter\CodeIgniter->run()
CRITICAL - 2023-03-08 03:05:16 --> include(inc/Book.php): Failed to open stream: No such file or directory
in APPPATH\Controllers\Cbook.php on line 9.
 1 APPPATH\Controllers\Cbook.php(9): CodeIgniter\Debug\Exceptions->errorHandler(2, 'include(inc/Book.php): Failed to open stream: No such file or directory', 'APPPATH\\Controllers\\Cbook.php', 9)
 2 APPPATH\Controllers\Cbook.php(9): include()
 3 SYSTEMPATH\Autoloader\Autoloader.php(283): include_once('APPPATH\\Controllers\\Cbook.php')
 4 SYSTEMPATH\Autoloader\Autoloader.php(260): CodeIgniter\Autoloader\Autoloader->includeFile('APPPATH\\Controllers\\Cbook.php')
 5 SYSTEMPATH\Autoloader\Autoloader.php(238): CodeIgniter\Autoloader\Autoloader->loadInNamespace('App\\Controllers\\cbook')
 6 [internal function]: CodeIgniter\Autoloader\Autoloader->loadClass('App\\Controllers\\cbook')
 7 SYSTEMPATH\CodeIgniter.php(875): class_exists('\\App\\Controllers\\cbook', true)
 8 SYSTEMPATH\CodeIgniter.php(467): CodeIgniter\CodeIgniter->startController()
 9 SYSTEMPATH\CodeIgniter.php(349): CodeIgniter\CodeIgniter->handleRequest(null, Object(Config\Cache), false)
10 FCPATH\index.php(67): CodeIgniter\CodeIgniter->run()
CRITICAL - 2023-03-08 03:05:16 --> include(inc/Book.php): Failed to open stream: No such file or directory
in APPPATH\Controllers\Cbook.php on line 9.
 1 APPPATH\Controllers\Cbook.php(9): CodeIgniter\Debug\Exceptions->errorHandler(2, 'include(inc/Book.php): Failed to open stream: No such file or directory', 'APPPATH\\Controllers\\Cbook.php', 9)
 2 APPPATH\Controllers\Cbook.php(9): include()
 3 SYSTEMPATH\Autoloader\Autoloader.php(283): include_once('APPPATH\\Controllers\\Cbook.php')
 4 SYSTEMPATH\Autoloader\Autoloader.php(260): CodeIgniter\Autoloader\Autoloader->includeFile('APPPATH\\Controllers\\Cbook.php')
 5 SYSTEMPATH\Autoloader\Autoloader.php(238): CodeIgniter\Autoloader\Autoloader->loadInNamespace('App\\Controllers\\cbook')
 6 [internal function]: CodeIgniter\Autoloader\Autoloader->loadClass('App\\Controllers\\cbook')
 7 SYSTEMPATH\CodeIgniter.php(875): class_exists('\\App\\Controllers\\cbook', true)
 8 SYSTEMPATH\CodeIgniter.php(467): CodeIgniter\CodeIgniter->startController()
 9 SYSTEMPATH\CodeIgniter.php(349): CodeIgniter\CodeIgniter->handleRequest(null, Object(Config\Cache), false)
10 FCPATH\index.php(67): CodeIgniter\CodeIgniter->run()
CRITICAL - 2023-03-08 03:05:16 --> include(inc/Book.php): Failed to open stream: No such file or directory
in APPPATH\Controllers\Cbook.php on line 9.
 1 APPPATH\Controllers\Cbook.php(9): CodeIgniter\Debug\Exceptions->errorHandler(2, 'include(inc/Book.php): Failed to open stream: No such file or directory', 'APPPATH\\Controllers\\Cbook.php', 9)
 2 APPPATH\Controllers\Cbook.php(9): include()
 3 SYSTEMPATH\Autoloader\Autoloader.php(283): include_once('APPPATH\\Controllers\\Cbook.php')
 4 SYSTEMPATH\Autoloader\Autoloader.php(260): CodeIgniter\Autoloader\Autoloader->includeFile('APPPATH\\Controllers\\Cbook.php')
 5 SYSTEMPATH\Autoloader\Autoloader.php(238): CodeIgniter\Autoloader\Autoloader->loadInNamespace('App\\Controllers\\cbook')
 6 [internal function]: CodeIgniter\Autoloader\Autoloader->loadClass('App\\Controllers\\cbook')
 7 SYSTEMPATH\CodeIgniter.php(875): class_exists('\\App\\Controllers\\cbook', true)
 8 SYSTEMPATH\CodeIgniter.php(467): CodeIgniter\CodeIgniter->startController()
 9 SYSTEMPATH\CodeIgniter.php(349): CodeIgniter\CodeIgniter->handleRequest(null, Object(Config\Cache), false)
10 FCPATH\index.php(67): CodeIgniter\CodeIgniter->run()
CRITICAL - 2023-03-08 03:05:16 --> include(inc/Book.php): Failed to open stream: No such file or directory
in APPPATH\Controllers\Cbook.php on line 9.
 1 APPPATH\Controllers\Cbook.php(9): CodeIgniter\Debug\Exceptions->errorHandler(2, 'include(inc/Book.php): Failed to open stream: No such file or directory', 'APPPATH\\Controllers\\Cbook.php', 9)
 2 APPPATH\Controllers\Cbook.php(9): include()
 3 SYSTEMPATH\Autoloader\Autoloader.php(283): include_once('APPPATH\\Controllers\\Cbook.php')
 4 SYSTEMPATH\Autoloader\Autoloader.php(260): CodeIgniter\Autoloader\Autoloader->includeFile('APPPATH\\Controllers\\Cbook.php')
 5 SYSTEMPATH\Autoloader\Autoloader.php(238): CodeIgniter\Autoloader\Autoloader->loadInNamespace('App\\Controllers\\cbook')
 6 [internal function]: CodeIgniter\Autoloader\Autoloader->loadClass('App\\Controllers\\cbook')
 7 SYSTEMPATH\CodeIgniter.php(875): class_exists('\\App\\Controllers\\cbook', true)
 8 SYSTEMPATH\CodeIgniter.php(467): CodeIgniter\CodeIgniter->startController()
 9 SYSTEMPATH\CodeIgniter.php(349): CodeIgniter\CodeIgniter->handleRequest(null, Object(Config\Cache), false)
10 FCPATH\index.php(67): CodeIgniter\CodeIgniter->run()
CRITICAL - 2023-03-08 03:05:17 --> include(inc/Book.php): Failed to open stream: No such file or directory
in APPPATH\Controllers\Cbook.php on line 9.
 1 APPPATH\Controllers\Cbook.php(9): CodeIgniter\Debug\Exceptions->errorHandler(2, 'include(inc/Book.php): Failed to open stream: No such file or directory', 'APPPATH\\Controllers\\Cbook.php', 9)
 2 APPPATH\Controllers\Cbook.php(9): include()
 3 SYSTEMPATH\Autoloader\Autoloader.php(283): include_once('APPPATH\\Controllers\\Cbook.php')
 4 SYSTEMPATH\Autoloader\Autoloader.php(260): CodeIgniter\Autoloader\Autoloader->includeFile('APPPATH\\Controllers\\Cbook.php')
 5 SYSTEMPATH\Autoloader\Autoloader.php(238): CodeIgniter\Autoloader\Autoloader->loadInNamespace('App\\Controllers\\cbook')
 6 [internal function]: CodeIgniter\Autoloader\Autoloader->loadClass('App\\Controllers\\cbook')
 7 SYSTEMPATH\CodeIgniter.php(875): class_exists('\\App\\Controllers\\cbook', true)
 8 SYSTEMPATH\CodeIgniter.php(467): CodeIgniter\CodeIgniter->startController()
 9 SYSTEMPATH\CodeIgniter.php(349): CodeIgniter\CodeIgniter->handleRequest(null, Object(Config\Cache), false)
10 FCPATH\index.php(67): CodeIgniter\CodeIgniter->run()
CRITICAL - 2023-03-08 03:54:28 --> syntax error, unexpected token "...", expecting end of file
in APPPATH\Controllers\Cbook.php on line 11.
 1 SYSTEMPATH\Autoloader\Autoloader.php(260): CodeIgniter\Autoloader\Autoloader->includeFile('APPPATH\\Controllers\\Cbook.php')
 2 SYSTEMPATH\Autoloader\Autoloader.php(238): CodeIgniter\Autoloader\Autoloader->loadInNamespace('App\\Controllers\\cbook')
 3 [internal function]: CodeIgniter\Autoloader\Autoloader->loadClass('App\\Controllers\\cbook')
 4 SYSTEMPATH\CodeIgniter.php(875): class_exists('\\App\\Controllers\\cbook', true)
 5 SYSTEMPATH\CodeIgniter.php(467): CodeIgniter\CodeIgniter->startController()
 6 SYSTEMPATH\CodeIgniter.php(349): CodeIgniter\CodeIgniter->handleRequest(null, Object(Config\Cache), false)
 7 FCPATH\index.php(67): CodeIgniter\CodeIgniter->run()
CRITICAL - 2023-03-08 03:54:30 --> syntax error, unexpected token "...", expecting end of file
in APPPATH\Controllers\Cbook.php on line 11.
 1 SYSTEMPATH\Autoloader\Autoloader.php(260): CodeIgniter\Autoloader\Autoloader->includeFile('APPPATH\\Controllers\\Cbook.php')
 2 SYSTEMPATH\Autoloader\Autoloader.php(238): CodeIgniter\Autoloader\Autoloader->loadInNamespace('App\\Controllers\\cbook')
 3 [internal function]: CodeIgniter\Autoloader\Autoloader->loadClass('App\\Controllers\\cbook')
 4 SYSTEMPATH\CodeIgniter.php(875): class_exists('\\App\\Controllers\\cbook', true)
 5 SYSTEMPATH\CodeIgniter.php(467): CodeIgniter\CodeIgniter->startController()
 6 SYSTEMPATH\CodeIgniter.php(349): CodeIgniter\CodeIgniter->handleRequest(null, Object(Config\Cache), false)
 7 FCPATH\index.php(67): CodeIgniter\CodeIgniter->run()
CRITICAL - 2023-03-08 03:54:30 --> syntax error, unexpected token "...", expecting end of file
in APPPATH\Controllers\Cbook.php on line 11.
 1 SYSTEMPATH\Autoloader\Autoloader.php(260): CodeIgniter\Autoloader\Autoloader->includeFile('APPPATH\\Controllers\\Cbook.php')
 2 SYSTEMPATH\Autoloader\Autoloader.php(238): CodeIgniter\Autoloader\Autoloader->loadInNamespace('App\\Controllers\\cbook')
 3 [internal function]: CodeIgniter\Autoloader\Autoloader->loadClass('App\\Controllers\\cbook')
 4 SYSTEMPATH\CodeIgniter.php(875): class_exists('\\App\\Controllers\\cbook', true)
 5 SYSTEMPATH\CodeIgniter.php(467): CodeIgniter\CodeIgniter->startController()
 6 SYSTEMPATH\CodeIgniter.php(349): CodeIgniter\CodeIgniter->handleRequest(null, Object(Config\Cache), false)
 7 FCPATH\index.php(67): CodeIgniter\CodeIgniter->run()
CRITICAL - 2023-03-08 03:54:30 --> syntax error, unexpected token "...", expecting end of file
in APPPATH\Controllers\Cbook.php on line 11.
 1 SYSTEMPATH\Autoloader\Autoloader.php(260): CodeIgniter\Autoloader\Autoloader->includeFile('APPPATH\\Controllers\\Cbook.php')
 2 SYSTEMPATH\Autoloader\Autoloader.php(238): CodeIgniter\Autoloader\Autoloader->loadInNamespace('App\\Controllers\\cbook')
 3 [internal function]: CodeIgniter\Autoloader\Autoloader->loadClass('App\\Controllers\\cbook')
 4 SYSTEMPATH\CodeIgniter.php(875): class_exists('\\App\\Controllers\\cbook', true)
 5 SYSTEMPATH\CodeIgniter.php(467): CodeIgniter\CodeIgniter->startController()
 6 SYSTEMPATH\CodeIgniter.php(349): CodeIgniter\CodeIgniter->handleRequest(null, Object(Config\Cache), false)
 7 FCPATH\index.php(67): CodeIgniter\CodeIgniter->run()
CRITICAL - 2023-03-08 03:54:31 --> syntax error, unexpected token "...", expecting end of file
in APPPATH\Controllers\Cbook.php on line 11.
 1 SYSTEMPATH\Autoloader\Autoloader.php(260): CodeIgniter\Autoloader\Autoloader->includeFile('APPPATH\\Controllers\\Cbook.php')
 2 SYSTEMPATH\Autoloader\Autoloader.php(238): CodeIgniter\Autoloader\Autoloader->loadInNamespace('App\\Controllers\\cbook')
 3 [internal function]: CodeIgniter\Autoloader\Autoloader->loadClass('App\\Controllers\\cbook')
 4 SYSTEMPATH\CodeIgniter.php(875): class_exists('\\App\\Controllers\\cbook', true)
 5 SYSTEMPATH\CodeIgniter.php(467): CodeIgniter\CodeIgniter->startController()
 6 SYSTEMPATH\CodeIgniter.php(349): CodeIgniter\CodeIgniter->handleRequest(null, Object(Config\Cache), false)
 7 FCPATH\index.php(67): CodeIgniter\CodeIgniter->run()
CRITICAL - 2023-03-08 03:54:31 --> syntax error, unexpected token "...", expecting end of file
in APPPATH\Controllers\Cbook.php on line 11.
 1 SYSTEMPATH\Autoloader\Autoloader.php(260): CodeIgniter\Autoloader\Autoloader->includeFile('APPPATH\\Controllers\\Cbook.php')
 2 SYSTEMPATH\Autoloader\Autoloader.php(238): CodeIgniter\Autoloader\Autoloader->loadInNamespace('App\\Controllers\\cbook')
 3 [internal function]: CodeIgniter\Autoloader\Autoloader->loadClass('App\\Controllers\\cbook')
 4 SYSTEMPATH\CodeIgniter.php(875): class_exists('\\App\\Controllers\\cbook', true)
 5 SYSTEMPATH\CodeIgniter.php(467): CodeIgniter\CodeIgniter->startController()
 6 SYSTEMPATH\CodeIgniter.php(349): CodeIgniter\CodeIgniter->handleRequest(null, Object(Config\Cache), false)
 7 FCPATH\index.php(67): CodeIgniter\CodeIgniter->run()
CRITICAL - 2023-03-08 03:55:44 --> syntax error, unexpected variable "$name"
in APPPATH\Controllers\Cbook.php on line 75.
 1 SYSTEMPATH\Autoloader\Autoloader.php(260): CodeIgniter\Autoloader\Autoloader->includeFile('APPPATH\\Controllers\\Cbook.php')
 2 SYSTEMPATH\Autoloader\Autoloader.php(238): CodeIgniter\Autoloader\Autoloader->loadInNamespace('App\\Controllers\\cbook')
 3 [internal function]: CodeIgniter\Autoloader\Autoloader->loadClass('App\\Controllers\\cbook')
 4 SYSTEMPATH\CodeIgniter.php(875): class_exists('\\App\\Controllers\\cbook', true)
 5 SYSTEMPATH\CodeIgniter.php(467): CodeIgniter\CodeIgniter->startController()
 6 SYSTEMPATH\CodeIgniter.php(349): CodeIgniter\CodeIgniter->handleRequest(null, Object(Config\Cache), false)
 7 FCPATH\index.php(67): CodeIgniter\CodeIgniter->run()
CRITICAL - 2023-03-08 03:55:46 --> syntax error, unexpected variable "$name"
in APPPATH\Controllers\Cbook.php on line 75.
 1 SYSTEMPATH\Autoloader\Autoloader.php(260): CodeIgniter\Autoloader\Autoloader->includeFile('APPPATH\\Controllers\\Cbook.php')
 2 SYSTEMPATH\Autoloader\Autoloader.php(238): CodeIgniter\Autoloader\Autoloader->loadInNamespace('App\\Controllers\\cbook')
 3 [internal function]: CodeIgniter\Autoloader\Autoloader->loadClass('App\\Controllers\\cbook')
 4 SYSTEMPATH\CodeIgniter.php(875): class_exists('\\App\\Controllers\\cbook', true)
 5 SYSTEMPATH\CodeIgniter.php(467): CodeIgniter\CodeIgniter->startController()
 6 SYSTEMPATH\CodeIgniter.php(349): CodeIgniter\CodeIgniter->handleRequest(null, Object(Config\Cache), false)
 7 FCPATH\index.php(67): CodeIgniter\CodeIgniter->run()
CRITICAL - 2023-03-08 03:57:26 --> Undefined variable $date
in APPPATH\Controllers\Cbook.php on line 72.
 1 APPPATH\Controllers\Cbook.php(72): CodeIgniter\Debug\Exceptions->errorHandler(2, 'Undefined variable $date', 'APPPATH\\Controllers\\Cbook.php', 72)
 2 SYSTEMPATH\CodeIgniter.php(925): App\Controllers\Cbook->store()
 3 SYSTEMPATH\CodeIgniter.php(480): CodeIgniter\CodeIgniter->runController(Object(App\Controllers\Cbook))
 4 SYSTEMPATH\CodeIgniter.php(349): CodeIgniter\CodeIgniter->handleRequest(null, Object(Config\Cache), false)
 5 FCPATH\index.php(67): CodeIgniter\CodeIgniter->run()
