CRITICAL - 2023-03-07 00:52:18 --> Namespace declaration statement has to be the very first statement or after any declare call in the script
in APPPATH\Controllers\Cbook.php on line 5.
 1 [internal function]: CodeIgniter\Debug\Exceptions->shutdownHandler()
CRITICAL - 2023-03-07 00:53:36 --> Undefined variable $date
in APPPATH\Controllers\Cbook.php on line 67.
 1 APPPATH\Controllers\Cbook.php(67): CodeIgniter\Debug\Exceptions->errorHandler(2, 'Undefined variable $date', 'APPPATH\\Controllers\\Cbook.php', 67)
 2 SYSTEMPATH\CodeIgniter.php(925): App\Controllers\Cbook->store()
 3 SYSTEMPATH\CodeIgniter.php(480): CodeIgniter\CodeIgniter->runController(Object(App\Controllers\Cbook))
 4 SYSTEMPATH\CodeIgniter.php(349): CodeIgniter\CodeIgniter->handleRequest(null, Object(Config\Cache), false)
 5 FCPATH\index.php(67): CodeIgniter\CodeIgniter->run()
CRITICAL - 2023-03-07 00:56:33 --> Undefined variable $date
in APPPATH\Controllers\Cbook.php on line 67.
 1 APPPATH\Controllers\Cbook.php(67): CodeIgniter\Debug\Exceptions->errorHandler(2, 'Undefined variable $date', 'APPPATH\\Controllers\\Cbook.php', 67)
 2 SYSTEMPATH\CodeIgniter.php(925): App\Controllers\Cbook->store()
 3 SYSTEMPATH\CodeIgniter.php(480): CodeIgniter\CodeIgniter->runController(Object(App\Controllers\Cbook))
 4 SYSTEMPATH\CodeIgniter.php(349): CodeIgniter\CodeIgniter->handleRequest(null, Object(Config\Cache), false)
 5 FCPATH\index.php(67): CodeIgniter\CodeIgniter->run()
CRITICAL - 2023-03-07 02:54:25 --> Undefined variable $date
in APPPATH\Controllers\Cbook.php on line 67.
 1 APPPATH\Controllers\Cbook.php(67): CodeIgniter\Debug\Exceptions->errorHandler(2, 'Undefined variable $date', 'APPPATH\\Controllers\\Cbook.php', 67)
 2 SYSTEMPATH\CodeIgniter.php(925): App\Controllers\Cbook->store()
 3 SYSTEMPATH\CodeIgniter.php(480): CodeIgniter\CodeIgniter->runController(Object(App\Controllers\Cbook))
 4 SYSTEMPATH\CodeIgniter.php(349): CodeIgniter\CodeIgniter->handleRequest(null, Object(Config\Cache), false)
 5 FCPATH\index.php(67): CodeIgniter\CodeIgniter->run()
CRITICAL - 2023-03-07 02:54:51 --> Undefined property: App\Controllers\Cbook::$Book
in APPPATH\Controllers\Cbook.php on line 74.
 1 APPPATH\Controllers\Cbook.php(74): CodeIgniter\Debug\Exceptions->errorHandler(2, 'Undefined property: App\\Controllers\\Cbook::$Book', 'APPPATH\\Controllers\\Cbook.php', 74)
 2 SYSTEMPATH\CodeIgniter.php(925): App\Controllers\Cbook->store()
 3 SYSTEMPATH\CodeIgniter.php(480): CodeIgniter\CodeIgniter->runController(Object(App\Controllers\Cbook))
 4 SYSTEMPATH\CodeIgniter.php(349): CodeIgniter\CodeIgniter->handleRequest(null, Object(Config\Cache), false)
 5 FCPATH\index.php(67): CodeIgniter\CodeIgniter->run()
CRITICAL - 2023-03-07 02:55:54 --> Undefined property: App\Controllers\Cbook::$Book
in APPPATH\Controllers\Cbook.php on line 69.
 1 APPPATH\Controllers\Cbook.php(69): CodeIgniter\Debug\Exceptions->errorHandler(2, 'Undefined property: App\\Controllers\\Cbook::$Book', 'APPPATH\\Controllers\\Cbook.php', 69)
 2 SYSTEMPATH\CodeIgniter.php(925): App\Controllers\Cbook->store()
 3 SYSTEMPATH\CodeIgniter.php(480): CodeIgniter\CodeIgniter->runController(Object(App\Controllers\Cbook))
 4 SYSTEMPATH\CodeIgniter.php(349): CodeIgniter\CodeIgniter->handleRequest(null, Object(Config\Cache), false)
 5 FCPATH\index.php(67): CodeIgniter\CodeIgniter->run()
CRITICAL - 2023-03-07 02:56:34 --> Undefined variable $date
in APPPATH\Controllers\Cbook.php on line 67.
 1 APPPATH\Controllers\Cbook.php(67): CodeIgniter\Debug\Exceptions->errorHandler(2, 'Undefined variable $date', 'APPPATH\\Controllers\\Cbook.php', 67)
 2 SYSTEMPATH\CodeIgniter.php(925): App\Controllers\Cbook->store()
 3 SYSTEMPATH\CodeIgniter.php(480): CodeIgniter\CodeIgniter->runController(Object(App\Controllers\Cbook))
 4 SYSTEMPATH\CodeIgniter.php(349): CodeIgniter\CodeIgniter->handleRequest(null, Object(Config\Cache), false)
 5 FCPATH\index.php(67): CodeIgniter\CodeIgniter->run()
CRITICAL - 2023-03-07 03:00:05 --> Undefined variable $date
in APPPATH\Controllers\Cbook.php on line 67.
 1 APPPATH\Controllers\Cbook.php(67): CodeIgniter\Debug\Exceptions->errorHandler(2, 'Undefined variable $date', 'APPPATH\\Controllers\\Cbook.php', 67)
 2 SYSTEMPATH\CodeIgniter.php(925): App\Controllers\Cbook->store()
 3 SYSTEMPATH\CodeIgniter.php(480): CodeIgniter\CodeIgniter->runController(Object(App\Controllers\Cbook))
 4 SYSTEMPATH\CodeIgniter.php(349): CodeIgniter\CodeIgniter->handleRequest(null, Object(Config\Cache), false)
 5 FCPATH\index.php(67): CodeIgniter\CodeIgniter->run()
CRITICAL - 2023-03-07 03:02:52 --> Undefined property: App\Controllers\Cbook::$store
in APPPATH\Controllers\Cbook.php on line 67.
 1 APPPATH\Controllers\Cbook.php(67): CodeIgniter\Debug\Exceptions->errorHandler(2, 'Undefined property: App\\Controllers\\Cbook::$store', 'APPPATH\\Controllers\\Cbook.php', 67)
 2 SYSTEMPATH\CodeIgniter.php(925): App\Controllers\Cbook->store()
 3 SYSTEMPATH\CodeIgniter.php(480): CodeIgniter\CodeIgniter->runController(Object(App\Controllers\Cbook))
 4 SYSTEMPATH\CodeIgniter.php(349): CodeIgniter\CodeIgniter->handleRequest(null, Object(Config\Cache), false)
 5 FCPATH\index.php(67): CodeIgniter\CodeIgniter->run()
CRITICAL - 2023-03-07 03:14:30 --> Undefined property: App\Controllers\Cbook::$bookm
in APPPATH\Controllers\Cbook.php on line 70.
 1 APPPATH\Controllers\Cbook.php(70): CodeIgniter\Debug\Exceptions->errorHandler(2, 'Undefined property: App\\Controllers\\Cbook::$bookm', 'APPPATH\\Controllers\\Cbook.php', 70)
 2 SYSTEMPATH\CodeIgniter.php(925): App\Controllers\Cbook->store()
 3 SYSTEMPATH\CodeIgniter.php(480): CodeIgniter\CodeIgniter->runController(Object(App\Controllers\Cbook))
 4 SYSTEMPATH\CodeIgniter.php(349): CodeIgniter\CodeIgniter->handleRequest(null, Object(Config\Cache), false)
 5 FCPATH\index.php(67): CodeIgniter\CodeIgniter->run()
ERROR - 2023-03-07 03:35:02 --> mysqli_sql_exception: Column 'slot' cannot be null in C:\xampp\htdocs\booking\system\Database\MySQLi\Connection.php:292
Stack trace:
#0 C:\xampp\htdocs\booking\system\Database\MySQLi\Connection.php(292): mysqli->query('INSERT INTO `bo...', 0)
#1 C:\xampp\htdocs\booking\system\Database\BaseConnection.php(666): CodeIgniter\Database\MySQLi\Connection->execute('INSERT INTO `bo...')
#2 C:\xampp\htdocs\booking\system\Database\BaseConnection.php(593): CodeIgniter\Database\BaseConnection->simpleQuery('INSERT INTO `bo...')
#3 C:\xampp\htdocs\booking\system\Database\BaseBuilder.php(1916): CodeIgniter\Database\BaseConnection->query('INSERT INTO `bo...', Array, false)
#4 C:\xampp\htdocs\booking\system\Model.php(303): CodeIgniter\Database\BaseBuilder->insert()
#5 C:\xampp\htdocs\booking\system\BaseModel.php(750): CodeIgniter\Model->doInsert(Array)
#6 C:\xampp\htdocs\booking\system\Model.php(695): CodeIgniter\BaseModel->insert(Array, false)
#7 C:\xampp\htdocs\booking\system\BaseModel.php(660): CodeIgniter\Model->insert(Array, false)
#8 C:\xampp\htdocs\booking\app\Controllers\Book.php(52): CodeIgniter\BaseModel->save(Array)
#9 C:\xampp\htdocs\booking\system\CodeIgniter.php(925): App\Controllers\Book->store()
#10 C:\xampp\htdocs\booking\system\CodeIgniter.php(480): CodeIgniter\CodeIgniter->runController(Object(App\Controllers\Book))
#11 C:\xampp\htdocs\booking\system\CodeIgniter.php(349): CodeIgniter\CodeIgniter->handleRequest(NULL, Object(Config\Cache), false)
#12 C:\xampp\htdocs\booking\public\index.php(67): CodeIgniter\CodeIgniter->run()
#13 {main}
CRITICAL - 2023-03-07 03:36:15 --> Undefined property: App\Controllers\Cbook::$bookm
in APPPATH\Controllers\Cbook.php on line 70.
 1 APPPATH\Controllers\Cbook.php(70): CodeIgniter\Debug\Exceptions->errorHandler(2, 'Undefined property: App\\Controllers\\Cbook::$bookm', 'APPPATH\\Controllers\\Cbook.php', 70)
 2 SYSTEMPATH\CodeIgniter.php(925): App\Controllers\Cbook->store()
 3 SYSTEMPATH\CodeIgniter.php(480): CodeIgniter\CodeIgniter->runController(Object(App\Controllers\Cbook))
 4 SYSTEMPATH\CodeIgniter.php(349): CodeIgniter\CodeIgniter->handleRequest(null, Object(Config\Cache), false)
 5 FCPATH\index.php(67): CodeIgniter\CodeIgniter->run()
CRITICAL - 2023-03-07 03:36:32 --> Undefined variable $dt
in APPPATH\Controllers\Cbook.php on line 95.
 1 APPPATH\Controllers\Cbook.php(95): CodeIgniter\Debug\Exceptions->errorHandler(2, 'Undefined variable $dt', 'APPPATH\\Controllers\\Cbook.php', 95)
 2 SYSTEMPATH\CodeIgniter.php(925): App\Controllers\Cbook->store()
 3 SYSTEMPATH\CodeIgniter.php(480): CodeIgniter\CodeIgniter->runController(Object(App\Controllers\Cbook))
 4 SYSTEMPATH\CodeIgniter.php(349): CodeIgniter\CodeIgniter->handleRequest(null, Object(Config\Cache), false)
 5 FCPATH\index.php(67): CodeIgniter\CodeIgniter->run()
CRITICAL - 2023-03-07 04:16:13 --> syntax error, unexpected token "if"
in APPPATH\Controllers\Cbook.php on line 98.
 1 SYSTEMPATH\Autoloader\Autoloader.php(260): CodeIgniter\Autoloader\Autoloader->includeFile('APPPATH\\Controllers\\Cbook.php')
 2 SYSTEMPATH\Autoloader\Autoloader.php(238): CodeIgniter\Autoloader\Autoloader->loadInNamespace('App\\Controllers\\cbook')
 3 [internal function]: CodeIgniter\Autoloader\Autoloader->loadClass('App\\Controllers\\cbook')
 4 SYSTEMPATH\CodeIgniter.php(875): class_exists('\\App\\Controllers\\cbook', true)
 5 SYSTEMPATH\CodeIgniter.php(467): CodeIgniter\CodeIgniter->startController()
 6 SYSTEMPATH\CodeIgniter.php(349): CodeIgniter\CodeIgniter->handleRequest(null, Object(Config\Cache), false)
 7 FCPATH\index.php(67): CodeIgniter\CodeIgniter->run()
CRITICAL - 2023-03-07 04:18:52 --> syntax error, unexpected variable "$mail"
in APPPATH\Controllers\Cbook.php on line 99.
 1 SYSTEMPATH\Autoloader\Autoloader.php(260): CodeIgniter\Autoloader\Autoloader->includeFile('APPPATH\\Controllers\\Cbook.php')
 2 SYSTEMPATH\Autoloader\Autoloader.php(238): CodeIgniter\Autoloader\Autoloader->loadInNamespace('App\\Controllers\\cbook')
 3 [internal function]: CodeIgniter\Autoloader\Autoloader->loadClass('App\\Controllers\\cbook')
 4 SYSTEMPATH\CodeIgniter.php(875): class_exists('\\App\\Controllers\\cbook', true)
 5 SYSTEMPATH\CodeIgniter.php(467): CodeIgniter\CodeIgniter->startController()
 6 SYSTEMPATH\CodeIgniter.php(349): CodeIgniter\CodeIgniter->handleRequest(null, Object(Config\Cache), false)
 7 FCPATH\index.php(67): CodeIgniter\CodeIgniter->run()
CRITICAL - 2023-03-07 04:20:35 --> syntax error, unexpected variable "$mail"
in APPPATH\Controllers\Cbook.php on line 99.
 1 SYSTEMPATH\Autoloader\Autoloader.php(260): CodeIgniter\Autoloader\Autoloader->includeFile('APPPATH\\Controllers\\Cbook.php')
 2 SYSTEMPATH\Autoloader\Autoloader.php(238): CodeIgniter\Autoloader\Autoloader->loadInNamespace('App\\Controllers\\cbook')
 3 [internal function]: CodeIgniter\Autoloader\Autoloader->loadClass('App\\Controllers\\cbook')
 4 SYSTEMPATH\CodeIgniter.php(875): class_exists('\\App\\Controllers\\cbook', true)
 5 SYSTEMPATH\CodeIgniter.php(467): CodeIgniter\CodeIgniter->startController()
 6 SYSTEMPATH\CodeIgniter.php(349): CodeIgniter\CodeIgniter->handleRequest(null, Object(Config\Cache), false)
 7 FCPATH\index.php(67): CodeIgniter\CodeIgniter->run()
CRITICAL - 2023-03-07 04:23:25 --> syntax error, unexpected variable "$mail"
in APPPATH\Controllers\Cbook.php on line 99.
 1 SYSTEMPATH\Autoloader\Autoloader.php(260): CodeIgniter\Autoloader\Autoloader->includeFile('APPPATH\\Controllers\\Cbook.php')
 2 SYSTEMPATH\Autoloader\Autoloader.php(238): CodeIgniter\Autoloader\Autoloader->loadInNamespace('App\\Controllers\\cbook')
 3 [internal function]: CodeIgniter\Autoloader\Autoloader->loadClass('App\\Controllers\\cbook')
 4 SYSTEMPATH\CodeIgniter.php(875): class_exists('\\App\\Controllers\\cbook', true)
 5 SYSTEMPATH\CodeIgniter.php(467): CodeIgniter\CodeIgniter->startController()
 6 SYSTEMPATH\CodeIgniter.php(349): CodeIgniter\CodeIgniter->handleRequest(null, Object(Config\Cache), false)
 7 FCPATH\index.php(67): CodeIgniter\CodeIgniter->run()
CRITICAL - 2023-03-07 04:23:26 --> syntax error, unexpected variable "$mail"
in APPPATH\Controllers\Cbook.php on line 99.
 1 SYSTEMPATH\Autoloader\Autoloader.php(260): CodeIgniter\Autoloader\Autoloader->includeFile('APPPATH\\Controllers\\Cbook.php')
 2 SYSTEMPATH\Autoloader\Autoloader.php(238): CodeIgniter\Autoloader\Autoloader->loadInNamespace('App\\Controllers\\cbook')
 3 [internal function]: CodeIgniter\Autoloader\Autoloader->loadClass('App\\Controllers\\cbook')
 4 SYSTEMPATH\CodeIgniter.php(875): class_exists('\\App\\Controllers\\cbook', true)
 5 SYSTEMPATH\CodeIgniter.php(467): CodeIgniter\CodeIgniter->startController()
 6 SYSTEMPATH\CodeIgniter.php(349): CodeIgniter\CodeIgniter->handleRequest(null, Object(Config\Cache), false)
 7 FCPATH\index.php(67): CodeIgniter\CodeIgniter->run()
CRITICAL - 2023-03-07 04:23:27 --> syntax error, unexpected variable "$mail"
in APPPATH\Controllers\Cbook.php on line 99.
 1 SYSTEMPATH\Autoloader\Autoloader.php(260): CodeIgniter\Autoloader\Autoloader->includeFile('APPPATH\\Controllers\\Cbook.php')
 2 SYSTEMPATH\Autoloader\Autoloader.php(238): CodeIgniter\Autoloader\Autoloader->loadInNamespace('App\\Controllers\\cbook')
 3 [internal function]: CodeIgniter\Autoloader\Autoloader->loadClass('App\\Controllers\\cbook')
 4 SYSTEMPATH\CodeIgniter.php(875): class_exists('\\App\\Controllers\\cbook', true)
 5 SYSTEMPATH\CodeIgniter.php(467): CodeIgniter\CodeIgniter->startController()
 6 SYSTEMPATH\CodeIgniter.php(349): CodeIgniter\CodeIgniter->handleRequest(null, Object(Config\Cache), false)
 7 FCPATH\index.php(67): CodeIgniter\CodeIgniter->run()
CRITICAL - 2023-03-07 04:23:27 --> syntax error, unexpected variable "$mail"
in APPPATH\Controllers\Cbook.php on line 99.
 1 SYSTEMPATH\Autoloader\Autoloader.php(260): CodeIgniter\Autoloader\Autoloader->includeFile('APPPATH\\Controllers\\Cbook.php')
 2 SYSTEMPATH\Autoloader\Autoloader.php(238): CodeIgniter\Autoloader\Autoloader->loadInNamespace('App\\Controllers\\cbook')
 3 [internal function]: CodeIgniter\Autoloader\Autoloader->loadClass('App\\Controllers\\cbook')
 4 SYSTEMPATH\CodeIgniter.php(875): class_exists('\\App\\Controllers\\cbook', true)
 5 SYSTEMPATH\CodeIgniter.php(467): CodeIgniter\CodeIgniter->startController()
 6 SYSTEMPATH\CodeIgniter.php(349): CodeIgniter\CodeIgniter->handleRequest(null, Object(Config\Cache), false)
 7 FCPATH\index.php(67): CodeIgniter\CodeIgniter->run()
CRITICAL - 2023-03-07 04:23:27 --> syntax error, unexpected variable "$mail"
in APPPATH\Controllers\Cbook.php on line 99.
 1 SYSTEMPATH\Autoloader\Autoloader.php(260): CodeIgniter\Autoloader\Autoloader->includeFile('APPPATH\\Controllers\\Cbook.php')
 2 SYSTEMPATH\Autoloader\Autoloader.php(238): CodeIgniter\Autoloader\Autoloader->loadInNamespace('App\\Controllers\\cbook')
 3 [internal function]: CodeIgniter\Autoloader\Autoloader->loadClass('App\\Controllers\\cbook')
 4 SYSTEMPATH\CodeIgniter.php(875): class_exists('\\App\\Controllers\\cbook', true)
 5 SYSTEMPATH\CodeIgniter.php(467): CodeIgniter\CodeIgniter->startController()
 6 SYSTEMPATH\CodeIgniter.php(349): CodeIgniter\CodeIgniter->handleRequest(null, Object(Config\Cache), false)
 7 FCPATH\index.php(67): CodeIgniter\CodeIgniter->run()
CRITICAL - 2023-03-07 04:23:27 --> syntax error, unexpected variable "$mail"
in APPPATH\Controllers\Cbook.php on line 99.
 1 SYSTEMPATH\Autoloader\Autoloader.php(260): CodeIgniter\Autoloader\Autoloader->includeFile('APPPATH\\Controllers\\Cbook.php')
 2 SYSTEMPATH\Autoloader\Autoloader.php(238): CodeIgniter\Autoloader\Autoloader->loadInNamespace('App\\Controllers\\cbook')
 3 [internal function]: CodeIgniter\Autoloader\Autoloader->loadClass('App\\Controllers\\cbook')
 4 SYSTEMPATH\CodeIgniter.php(875): class_exists('\\App\\Controllers\\cbook', true)
 5 SYSTEMPATH\CodeIgniter.php(467): CodeIgniter\CodeIgniter->startController()
 6 SYSTEMPATH\CodeIgniter.php(349): CodeIgniter\CodeIgniter->handleRequest(null, Object(Config\Cache), false)
 7 FCPATH\index.php(67): CodeIgniter\CodeIgniter->run()
CRITICAL - 2023-03-07 04:23:28 --> syntax error, unexpected variable "$mail"
in APPPATH\Controllers\Cbook.php on line 99.
 1 SYSTEMPATH\Autoloader\Autoloader.php(260): CodeIgniter\Autoloader\Autoloader->includeFile('APPPATH\\Controllers\\Cbook.php')
 2 SYSTEMPATH\Autoloader\Autoloader.php(238): CodeIgniter\Autoloader\Autoloader->loadInNamespace('App\\Controllers\\cbook')
 3 [internal function]: CodeIgniter\Autoloader\Autoloader->loadClass('App\\Controllers\\cbook')
 4 SYSTEMPATH\CodeIgniter.php(875): class_exists('\\App\\Controllers\\cbook', true)
 5 SYSTEMPATH\CodeIgniter.php(467): CodeIgniter\CodeIgniter->startController()
 6 SYSTEMPATH\CodeIgniter.php(349): CodeIgniter\CodeIgniter->handleRequest(null, Object(Config\Cache), false)
 7 FCPATH\index.php(67): CodeIgniter\CodeIgniter->run()
CRITICAL - 2023-03-07 04:23:28 --> syntax error, unexpected variable "$mail"
in APPPATH\Controllers\Cbook.php on line 99.
 1 SYSTEMPATH\Autoloader\Autoloader.php(260): CodeIgniter\Autoloader\Autoloader->includeFile('APPPATH\\Controllers\\Cbook.php')
 2 SYSTEMPATH\Autoloader\Autoloader.php(238): CodeIgniter\Autoloader\Autoloader->loadInNamespace('App\\Controllers\\cbook')
 3 [internal function]: CodeIgniter\Autoloader\Autoloader->loadClass('App\\Controllers\\cbook')
 4 SYSTEMPATH\CodeIgniter.php(875): class_exists('\\App\\Controllers\\cbook', true)
 5 SYSTEMPATH\CodeIgniter.php(467): CodeIgniter\CodeIgniter->startController()
 6 SYSTEMPATH\CodeIgniter.php(349): CodeIgniter\CodeIgniter->handleRequest(null, Object(Config\Cache), false)
 7 FCPATH\index.php(67): CodeIgniter\CodeIgniter->run()
CRITICAL - 2023-03-07 04:23:28 --> syntax error, unexpected variable "$mail"
in APPPATH\Controllers\Cbook.php on line 99.
 1 SYSTEMPATH\Autoloader\Autoloader.php(260): CodeIgniter\Autoloader\Autoloader->includeFile('APPPATH\\Controllers\\Cbook.php')
 2 SYSTEMPATH\Autoloader\Autoloader.php(238): CodeIgniter\Autoloader\Autoloader->loadInNamespace('App\\Controllers\\cbook')
 3 [internal function]: CodeIgniter\Autoloader\Autoloader->loadClass('App\\Controllers\\cbook')
 4 SYSTEMPATH\CodeIgniter.php(875): class_exists('\\App\\Controllers\\cbook', true)
 5 SYSTEMPATH\CodeIgniter.php(467): CodeIgniter\CodeIgniter->startController()
 6 SYSTEMPATH\CodeIgniter.php(349): CodeIgniter\CodeIgniter->handleRequest(null, Object(Config\Cache), false)
 7 FCPATH\index.php(67): CodeIgniter\CodeIgniter->run()
CRITICAL - 2023-03-07 04:23:28 --> syntax error, unexpected variable "$mail"
in APPPATH\Controllers\Cbook.php on line 99.
 1 SYSTEMPATH\Autoloader\Autoloader.php(260): CodeIgniter\Autoloader\Autoloader->includeFile('APPPATH\\Controllers\\Cbook.php')
 2 SYSTEMPATH\Autoloader\Autoloader.php(238): CodeIgniter\Autoloader\Autoloader->loadInNamespace('App\\Controllers\\cbook')
 3 [internal function]: CodeIgniter\Autoloader\Autoloader->loadClass('App\\Controllers\\cbook')
 4 SYSTEMPATH\CodeIgniter.php(875): class_exists('\\App\\Controllers\\cbook', true)
 5 SYSTEMPATH\CodeIgniter.php(467): CodeIgniter\CodeIgniter->startController()
 6 SYSTEMPATH\CodeIgniter.php(349): CodeIgniter\CodeIgniter->handleRequest(null, Object(Config\Cache), false)
 7 FCPATH\index.php(67): CodeIgniter\CodeIgniter->run()
CRITICAL - 2023-03-07 04:23:29 --> syntax error, unexpected variable "$mail"
in APPPATH\Controllers\Cbook.php on line 99.
 1 SYSTEMPATH\Autoloader\Autoloader.php(260): CodeIgniter\Autoloader\Autoloader->includeFile('APPPATH\\Controllers\\Cbook.php')
 2 SYSTEMPATH\Autoloader\Autoloader.php(238): CodeIgniter\Autoloader\Autoloader->loadInNamespace('App\\Controllers\\cbook')
 3 [internal function]: CodeIgniter\Autoloader\Autoloader->loadClass('App\\Controllers\\cbook')
 4 SYSTEMPATH\CodeIgniter.php(875): class_exists('\\App\\Controllers\\cbook', true)
 5 SYSTEMPATH\CodeIgniter.php(467): CodeIgniter\CodeIgniter->startController()
 6 SYSTEMPATH\CodeIgniter.php(349): CodeIgniter\CodeIgniter->handleRequest(null, Object(Config\Cache), false)
 7 FCPATH\index.php(67): CodeIgniter\CodeIgniter->run()
CRITICAL - 2023-03-07 04:23:29 --> syntax error, unexpected variable "$mail"
in APPPATH\Controllers\Cbook.php on line 99.
 1 SYSTEMPATH\Autoloader\Autoloader.php(260): CodeIgniter\Autoloader\Autoloader->includeFile('APPPATH\\Controllers\\Cbook.php')
 2 SYSTEMPATH\Autoloader\Autoloader.php(238): CodeIgniter\Autoloader\Autoloader->loadInNamespace('App\\Controllers\\cbook')
 3 [internal function]: CodeIgniter\Autoloader\Autoloader->loadClass('App\\Controllers\\cbook')
 4 SYSTEMPATH\CodeIgniter.php(875): class_exists('\\App\\Controllers\\cbook', true)
 5 SYSTEMPATH\CodeIgniter.php(467): CodeIgniter\CodeIgniter->startController()
 6 SYSTEMPATH\CodeIgniter.php(349): CodeIgniter\CodeIgniter->handleRequest(null, Object(Config\Cache), false)
 7 FCPATH\index.php(67): CodeIgniter\CodeIgniter->run()
CRITICAL - 2023-03-07 04:23:30 --> syntax error, unexpected variable "$mail"
in APPPATH\Controllers\Cbook.php on line 99.
 1 SYSTEMPATH\Autoloader\Autoloader.php(260): CodeIgniter\Autoloader\Autoloader->includeFile('APPPATH\\Controllers\\Cbook.php')
 2 SYSTEMPATH\Autoloader\Autoloader.php(238): CodeIgniter\Autoloader\Autoloader->loadInNamespace('App\\Controllers\\cbook')
 3 [internal function]: CodeIgniter\Autoloader\Autoloader->loadClass('App\\Controllers\\cbook')
 4 SYSTEMPATH\CodeIgniter.php(875): class_exists('\\App\\Controllers\\cbook', true)
 5 SYSTEMPATH\CodeIgniter.php(467): CodeIgniter\CodeIgniter->startController()
 6 SYSTEMPATH\CodeIgniter.php(349): CodeIgniter\CodeIgniter->handleRequest(null, Object(Config\Cache), false)
 7 FCPATH\index.php(67): CodeIgniter\CodeIgniter->run()
CRITICAL - 2023-03-07 04:29:26 --> Undefined variable $data
in APPPATH\Controllers\Cbook.php on line 98.
 1 APPPATH\Controllers\Cbook.php(98): CodeIgniter\Debug\Exceptions->errorHandler(2, 'Undefined variable $data', 'APPPATH\\Controllers\\Cbook.php', 98)
 2 SYSTEMPATH\CodeIgniter.php(925): App\Controllers\Cbook->store()
 3 SYSTEMPATH\CodeIgniter.php(480): CodeIgniter\CodeIgniter->runController(Object(App\Controllers\Cbook))
 4 SYSTEMPATH\CodeIgniter.php(349): CodeIgniter\CodeIgniter->handleRequest(null, Object(Config\Cache), false)
 5 FCPATH\index.php(67): CodeIgniter\CodeIgniter->run()
CRITICAL - 2023-03-07 23:43:11 --> include(includes/Book.php): Failed to open stream: No such file or directory
in APPPATH\Controllers\Cbook.php on line 5.
 1 APPPATH\Controllers\Cbook.php(5): CodeIgniter\Debug\Exceptions->errorHandler(2, 'include(includes/Book.php): Failed to open stream: No such file or directory', 'APPPATH\\Controllers\\Cbook.php', 5)
 2 APPPATH\Controllers\Cbook.php(5): include()
 3 SYSTEMPATH\Autoloader\Autoloader.php(283): include_once('APPPATH\\Controllers\\Cbook.php')
 4 SYSTEMPATH\Autoloader\Autoloader.php(260): CodeIgniter\Autoloader\Autoloader->includeFile('APPPATH\\Controllers\\Cbook.php')
 5 SYSTEMPATH\Autoloader\Autoloader.php(238): CodeIgniter\Autoloader\Autoloader->loadInNamespace('App\\Controllers\\cbook')
 6 [internal function]: CodeIgniter\Autoloader\Autoloader->loadClass('App\\Controllers\\cbook')
 7 SYSTEMPATH\CodeIgniter.php(875): class_exists('\\App\\Controllers\\cbook', true)
 8 SYSTEMPATH\CodeIgniter.php(467): CodeIgniter\CodeIgniter->startController()
 9 SYSTEMPATH\CodeIgniter.php(349): CodeIgniter\CodeIgniter->handleRequest(null, Object(Config\Cache), false)
10 FCPATH\index.php(67): CodeIgniter\CodeIgniter->run()
CRITICAL - 2023-03-07 23:43:28 --> include(includes/Book.php): Failed to open stream: No such file or directory
in APPPATH\Controllers\Cbook.php on line 5.
 1 APPPATH\Controllers\Cbook.php(5): CodeIgniter\Debug\Exceptions->errorHandler(2, 'include(includes/Book.php): Failed to open stream: No such file or directory', 'APPPATH\\Controllers\\Cbook.php', 5)
 2 APPPATH\Controllers\Cbook.php(5): include()
 3 SYSTEMPATH\Autoloader\Autoloader.php(283): include_once('APPPATH\\Controllers\\Cbook.php')
 4 SYSTEMPATH\Autoloader\Autoloader.php(260): CodeIgniter\Autoloader\Autoloader->includeFile('APPPATH\\Controllers\\Cbook.php')
 5 SYSTEMPATH\Autoloader\Autoloader.php(238): CodeIgniter\Autoloader\Autoloader->loadInNamespace('App\\Controllers\\cbook')
 6 [internal function]: CodeIgniter\Autoloader\Autoloader->loadClass('App\\Controllers\\cbook')
 7 SYSTEMPATH\CodeIgniter.php(875): class_exists('\\App\\Controllers\\cbook', true)
 8 SYSTEMPATH\CodeIgniter.php(467): CodeIgniter\CodeIgniter->startController()
 9 SYSTEMPATH\CodeIgniter.php(349): CodeIgniter\CodeIgniter->handleRequest(null, Object(Config\Cache), false)
10 FCPATH\index.php(67): CodeIgniter\CodeIgniter->run()
CRITICAL - 2023-03-07 23:46:30 --> include(includes_Book.php): Failed to open stream: No such file or directory
in APPPATH\Controllers\Cbook.php on line 5.
 1 APPPATH\Controllers\Cbook.php(5): CodeIgniter\Debug\Exceptions->errorHandler(2, 'include(includes_Book.php): Failed to open stream: No such file or directory', 'APPPATH\\Controllers\\Cbook.php', 5)
 2 APPPATH\Controllers\Cbook.php(5): include()
 3 SYSTEMPATH\Autoloader\Autoloader.php(283): include_once('APPPATH\\Controllers\\Cbook.php')
 4 SYSTEMPATH\Autoloader\Autoloader.php(260): CodeIgniter\Autoloader\Autoloader->includeFile('APPPATH\\Controllers\\Cbook.php')
 5 SYSTEMPATH\Autoloader\Autoloader.php(238): CodeIgniter\Autoloader\Autoloader->loadInNamespace('App\\Controllers\\cbook')
 6 [internal function]: CodeIgniter\Autoloader\Autoloader->loadClass('App\\Controllers\\cbook')
 7 SYSTEMPATH\CodeIgniter.php(875): class_exists('\\App\\Controllers\\cbook', true)
 8 SYSTEMPATH\CodeIgniter.php(467): CodeIgniter\CodeIgniter->startController()
 9 SYSTEMPATH\CodeIgniter.php(349): CodeIgniter\CodeIgniter->handleRequest(null, Object(Config\Cache), false)
10 FCPATH\index.php(67): CodeIgniter\CodeIgniter->run()
CRITICAL - 2023-03-07 23:46:31 --> include(includes_Book.php): Failed to open stream: No such file or directory
in APPPATH\Controllers\Cbook.php on line 5.
 1 APPPATH\Controllers\Cbook.php(5): CodeIgniter\Debug\Exceptions->errorHandler(2, 'include(includes_Book.php): Failed to open stream: No such file or directory', 'APPPATH\\Controllers\\Cbook.php', 5)
 2 APPPATH\Controllers\Cbook.php(5): include()
 3 SYSTEMPATH\Autoloader\Autoloader.php(283): include_once('APPPATH\\Controllers\\Cbook.php')
 4 SYSTEMPATH\Autoloader\Autoloader.php(260): CodeIgniter\Autoloader\Autoloader->includeFile('APPPATH\\Controllers\\Cbook.php')
 5 SYSTEMPATH\Autoloader\Autoloader.php(238): CodeIgniter\Autoloader\Autoloader->loadInNamespace('App\\Controllers\\cbook')
 6 [internal function]: CodeIgniter\Autoloader\Autoloader->loadClass('App\\Controllers\\cbook')
 7 SYSTEMPATH\CodeIgniter.php(875): class_exists('\\App\\Controllers\\cbook', true)
 8 SYSTEMPATH\CodeIgniter.php(467): CodeIgniter\CodeIgniter->startController()
 9 SYSTEMPATH\CodeIgniter.php(349): CodeIgniter\CodeIgniter->handleRequest(null, Object(Config\Cache), false)
10 FCPATH\index.php(67): CodeIgniter\CodeIgniter->run()
CRITICAL - 2023-03-07 23:46:32 --> include(includes_Book.php): Failed to open stream: No such file or directory
in APPPATH\Controllers\Cbook.php on line 5.
 1 APPPATH\Controllers\Cbook.php(5): CodeIgniter\Debug\Exceptions->errorHandler(2, 'include(includes_Book.php): Failed to open stream: No such file or directory', 'APPPATH\\Controllers\\Cbook.php', 5)
 2 APPPATH\Controllers\Cbook.php(5): include()
 3 SYSTEMPATH\Autoloader\Autoloader.php(283): include_once('APPPATH\\Controllers\\Cbook.php')
 4 SYSTEMPATH\Autoloader\Autoloader.php(260): CodeIgniter\Autoloader\Autoloader->includeFile('APPPATH\\Controllers\\Cbook.php')
 5 SYSTEMPATH\Autoloader\Autoloader.php(238): CodeIgniter\Autoloader\Autoloader->loadInNamespace('App\\Controllers\\cbook')
 6 [internal function]: CodeIgniter\Autoloader\Autoloader->loadClass('App\\Controllers\\cbook')
 7 SYSTEMPATH\CodeIgniter.php(875): class_exists('\\App\\Controllers\\cbook', true)
 8 SYSTEMPATH\CodeIgniter.php(467): CodeIgniter\CodeIgniter->startController()
 9 SYSTEMPATH\CodeIgniter.php(349): CodeIgniter\CodeIgniter->handleRequest(null, Object(Config\Cache), false)
10 FCPATH\index.php(67): CodeIgniter\CodeIgniter->run()
CRITICAL - 2023-03-07 23:46:32 --> include(includes_Book.php): Failed to open stream: No such file or directory
in APPPATH\Controllers\Cbook.php on line 5.
 1 APPPATH\Controllers\Cbook.php(5): CodeIgniter\Debug\Exceptions->errorHandler(2, 'include(includes_Book.php): Failed to open stream: No such file or directory', 'APPPATH\\Controllers\\Cbook.php', 5)
 2 APPPATH\Controllers\Cbook.php(5): include()
 3 SYSTEMPATH\Autoloader\Autoloader.php(283): include_once('APPPATH\\Controllers\\Cbook.php')
 4 SYSTEMPATH\Autoloader\Autoloader.php(260): CodeIgniter\Autoloader\Autoloader->includeFile('APPPATH\\Controllers\\Cbook.php')
 5 SYSTEMPATH\Autoloader\Autoloader.php(238): CodeIgniter\Autoloader\Autoloader->loadInNamespace('App\\Controllers\\cbook')
 6 [internal function]: CodeIgniter\Autoloader\Autoloader->loadClass('App\\Controllers\\cbook')
 7 SYSTEMPATH\CodeIgniter.php(875): class_exists('\\App\\Controllers\\cbook', true)
 8 SYSTEMPATH\CodeIgniter.php(467): CodeIgniter\CodeIgniter->startController()
 9 SYSTEMPATH\CodeIgniter.php(349): CodeIgniter\CodeIgniter->handleRequest(null, Object(Config\Cache), false)
10 FCPATH\index.php(67): CodeIgniter\CodeIgniter->run()
CRITICAL - 2023-03-07 23:46:32 --> include(includes_Book.php): Failed to open stream: No such file or directory
in APPPATH\Controllers\Cbook.php on line 5.
 1 APPPATH\Controllers\Cbook.php(5): CodeIgniter\Debug\Exceptions->errorHandler(2, 'include(includes_Book.php): Failed to open stream: No such file or directory', 'APPPATH\\Controllers\\Cbook.php', 5)
 2 APPPATH\Controllers\Cbook.php(5): include()
 3 SYSTEMPATH\Autoloader\Autoloader.php(283): include_once('APPPATH\\Controllers\\Cbook.php')
 4 SYSTEMPATH\Autoloader\Autoloader.php(260): CodeIgniter\Autoloader\Autoloader->includeFile('APPPATH\\Controllers\\Cbook.php')
 5 SYSTEMPATH\Autoloader\Autoloader.php(238): CodeIgniter\Autoloader\Autoloader->loadInNamespace('App\\Controllers\\cbook')
 6 [internal function]: CodeIgniter\Autoloader\Autoloader->loadClass('App\\Controllers\\cbook')
 7 SYSTEMPATH\CodeIgniter.php(875): class_exists('\\App\\Controllers\\cbook', true)
 8 SYSTEMPATH\CodeIgniter.php(467): CodeIgniter\CodeIgniter->startController()
 9 SYSTEMPATH\CodeIgniter.php(349): CodeIgniter\CodeIgniter->handleRequest(null, Object(Config\Cache), false)
10 FCPATH\index.php(67): CodeIgniter\CodeIgniter->run()
CRITICAL - 2023-03-07 23:46:32 --> include(includes_Book.php): Failed to open stream: No such file or directory
in APPPATH\Controllers\Cbook.php on line 5.
 1 APPPATH\Controllers\Cbook.php(5): CodeIgniter\Debug\Exceptions->errorHandler(2, 'include(includes_Book.php): Failed to open stream: No such file or directory', 'APPPATH\\Controllers\\Cbook.php', 5)
 2 APPPATH\Controllers\Cbook.php(5): include()
 3 SYSTEMPATH\Autoloader\Autoloader.php(283): include_once('APPPATH\\Controllers\\Cbook.php')
 4 SYSTEMPATH\Autoloader\Autoloader.php(260): CodeIgniter\Autoloader\Autoloader->includeFile('APPPATH\\Controllers\\Cbook.php')
 5 SYSTEMPATH\Autoloader\Autoloader.php(238): CodeIgniter\Autoloader\Autoloader->loadInNamespace('App\\Controllers\\cbook')
 6 [internal function]: CodeIgniter\Autoloader\Autoloader->loadClass('App\\Controllers\\cbook')
 7 SYSTEMPATH\CodeIgniter.php(875): class_exists('\\App\\Controllers\\cbook', true)
 8 SYSTEMPATH\CodeIgniter.php(467): CodeIgniter\CodeIgniter->startController()
 9 SYSTEMPATH\CodeIgniter.php(349): CodeIgniter\CodeIgniter->handleRequest(null, Object(Config\Cache), false)
10 FCPATH\index.php(67): CodeIgniter\CodeIgniter->run()
CRITICAL - 2023-03-07 23:46:33 --> include(includes_Book.php): Failed to open stream: No such file or directory
in APPPATH\Controllers\Cbook.php on line 5.
 1 APPPATH\Controllers\Cbook.php(5): CodeIgniter\Debug\Exceptions->errorHandler(2, 'include(includes_Book.php): Failed to open stream: No such file or directory', 'APPPATH\\Controllers\\Cbook.php', 5)
 2 APPPATH\Controllers\Cbook.php(5): include()
 3 SYSTEMPATH\Autoloader\Autoloader.php(283): include_once('APPPATH\\Controllers\\Cbook.php')
 4 SYSTEMPATH\Autoloader\Autoloader.php(260): CodeIgniter\Autoloader\Autoloader->includeFile('APPPATH\\Controllers\\Cbook.php')
 5 SYSTEMPATH\Autoloader\Autoloader.php(238): CodeIgniter\Autoloader\Autoloader->loadInNamespace('App\\Controllers\\cbook')
 6 [internal function]: CodeIgniter\Autoloader\Autoloader->loadClass('App\\Controllers\\cbook')
 7 SYSTEMPATH\CodeIgniter.php(875): class_exists('\\App\\Controllers\\cbook', true)
 8 SYSTEMPATH\CodeIgniter.php(467): CodeIgniter\CodeIgniter->startController()
 9 SYSTEMPATH\CodeIgniter.php(349): CodeIgniter\CodeIgniter->handleRequest(null, Object(Config\Cache), false)
10 FCPATH\index.php(67): CodeIgniter\CodeIgniter->run()
CRITICAL - 2023-03-07 23:46:33 --> include(includes_Book.php): Failed to open stream: No such file or directory
in APPPATH\Controllers\Cbook.php on line 5.
 1 APPPATH\Controllers\Cbook.php(5): CodeIgniter\Debug\Exceptions->errorHandler(2, 'include(includes_Book.php): Failed to open stream: No such file or directory', 'APPPATH\\Controllers\\Cbook.php', 5)
 2 APPPATH\Controllers\Cbook.php(5): include()
 3 SYSTEMPATH\Autoloader\Autoloader.php(283): include_once('APPPATH\\Controllers\\Cbook.php')
 4 SYSTEMPATH\Autoloader\Autoloader.php(260): CodeIgniter\Autoloader\Autoloader->includeFile('APPPATH\\Controllers\\Cbook.php')
 5 SYSTEMPATH\Autoloader\Autoloader.php(238): CodeIgniter\Autoloader\Autoloader->loadInNamespace('App\\Controllers\\cbook')
 6 [internal function]: CodeIgniter\Autoloader\Autoloader->loadClass('App\\Controllers\\cbook')
 7 SYSTEMPATH\CodeIgniter.php(875): class_exists('\\App\\Controllers\\cbook', true)
 8 SYSTEMPATH\CodeIgniter.php(467): CodeIgniter\CodeIgniter->startController()
 9 SYSTEMPATH\CodeIgniter.php(349): CodeIgniter\CodeIgniter->handleRequest(null, Object(Config\Cache), false)
10 FCPATH\index.php(67): CodeIgniter\CodeIgniter->run()
CRITICAL - 2023-03-07 23:46:33 --> include(includes_Book.php): Failed to open stream: No such file or directory
in APPPATH\Controllers\Cbook.php on line 5.
 1 APPPATH\Controllers\Cbook.php(5): CodeIgniter\Debug\Exceptions->errorHandler(2, 'include(includes_Book.php): Failed to open stream: No such file or directory', 'APPPATH\\Controllers\\Cbook.php', 5)
 2 APPPATH\Controllers\Cbook.php(5): include()
 3 SYSTEMPATH\Autoloader\Autoloader.php(283): include_once('APPPATH\\Controllers\\Cbook.php')
 4 SYSTEMPATH\Autoloader\Autoloader.php(260): CodeIgniter\Autoloader\Autoloader->includeFile('APPPATH\\Controllers\\Cbook.php')
 5 SYSTEMPATH\Autoloader\Autoloader.php(238): CodeIgniter\Autoloader\Autoloader->loadInNamespace('App\\Controllers\\cbook')
 6 [internal function]: CodeIgniter\Autoloader\Autoloader->loadClass('App\\Controllers\\cbook')
 7 SYSTEMPATH\CodeIgniter.php(875): class_exists('\\App\\Controllers\\cbook', true)
 8 SYSTEMPATH\CodeIgniter.php(467): CodeIgniter\CodeIgniter->startController()
 9 SYSTEMPATH\CodeIgniter.php(349): CodeIgniter\CodeIgniter->handleRequest(null, Object(Config\Cache), false)
10 FCPATH\index.php(67): CodeIgniter\CodeIgniter->run()
CRITICAL - 2023-03-07 23:46:33 --> include(includes_Book.php): Failed to open stream: No such file or directory
in APPPATH\Controllers\Cbook.php on line 5.
 1 APPPATH\Controllers\Cbook.php(5): CodeIgniter\Debug\Exceptions->errorHandler(2, 'include(includes_Book.php): Failed to open stream: No such file or directory', 'APPPATH\\Controllers\\Cbook.php', 5)
 2 APPPATH\Controllers\Cbook.php(5): include()
 3 SYSTEMPATH\Autoloader\Autoloader.php(283): include_once('APPPATH\\Controllers\\Cbook.php')
 4 SYSTEMPATH\Autoloader\Autoloader.php(260): CodeIgniter\Autoloader\Autoloader->includeFile('APPPATH\\Controllers\\Cbook.php')
 5 SYSTEMPATH\Autoloader\Autoloader.php(238): CodeIgniter\Autoloader\Autoloader->loadInNamespace('App\\Controllers\\cbook')
 6 [internal function]: CodeIgniter\Autoloader\Autoloader->loadClass('App\\Controllers\\cbook')
 7 SYSTEMPATH\CodeIgniter.php(875): class_exists('\\App\\Controllers\\cbook', true)
 8 SYSTEMPATH\CodeIgniter.php(467): CodeIgniter\CodeIgniter->startController()
 9 SYSTEMPATH\CodeIgniter.php(349): CodeIgniter\CodeIgniter->handleRequest(null, Object(Config\Cache), false)
10 FCPATH\index.php(67): CodeIgniter\CodeIgniter->run()
CRITICAL - 2023-03-07 23:46:37 --> include(includes_Book.php): Failed to open stream: No such file or directory
in APPPATH\Controllers\Cbook.php on line 5.
 1 APPPATH\Controllers\Cbook.php(5): CodeIgniter\Debug\Exceptions->errorHandler(2, 'include(includes_Book.php): Failed to open stream: No such file or directory', 'APPPATH\\Controllers\\Cbook.php', 5)
 2 APPPATH\Controllers\Cbook.php(5): include()
 3 SYSTEMPATH\Autoloader\Autoloader.php(283): include_once('APPPATH\\Controllers\\Cbook.php')
 4 SYSTEMPATH\Autoloader\Autoloader.php(260): CodeIgniter\Autoloader\Autoloader->includeFile('APPPATH\\Controllers\\Cbook.php')
 5 SYSTEMPATH\Autoloader\Autoloader.php(238): CodeIgniter\Autoloader\Autoloader->loadInNamespace('App\\Controllers\\cbook')
 6 [internal function]: CodeIgniter\Autoloader\Autoloader->loadClass('App\\Controllers\\cbook')
 7 SYSTEMPATH\CodeIgniter.php(875): class_exists('\\App\\Controllers\\cbook', true)
 8 SYSTEMPATH\CodeIgniter.php(467): CodeIgniter\CodeIgniter->startController()
 9 SYSTEMPATH\CodeIgniter.php(349): CodeIgniter\CodeIgniter->handleRequest(null, Object(Config\Cache), false)
10 FCPATH\index.php(67): CodeIgniter\CodeIgniter->run()
CRITICAL - 2023-03-07 23:46:38 --> include(includes_Book.php): Failed to open stream: No such file or directory
in APPPATH\Controllers\Cbook.php on line 5.
 1 APPPATH\Controllers\Cbook.php(5): CodeIgniter\Debug\Exceptions->errorHandler(2, 'include(includes_Book.php): Failed to open stream: No such file or directory', 'APPPATH\\Controllers\\Cbook.php', 5)
 2 APPPATH\Controllers\Cbook.php(5): include()
 3 SYSTEMPATH\Autoloader\Autoloader.php(283): include_once('APPPATH\\Controllers\\Cbook.php')
 4 SYSTEMPATH\Autoloader\Autoloader.php(260): CodeIgniter\Autoloader\Autoloader->includeFile('APPPATH\\Controllers\\Cbook.php')
 5 SYSTEMPATH\Autoloader\Autoloader.php(238): CodeIgniter\Autoloader\Autoloader->loadInNamespace('App\\Controllers\\cbook')
 6 [internal function]: CodeIgniter\Autoloader\Autoloader->loadClass('App\\Controllers\\cbook')
 7 SYSTEMPATH\CodeIgniter.php(875): class_exists('\\App\\Controllers\\cbook', true)
 8 SYSTEMPATH\CodeIgniter.php(467): CodeIgniter\CodeIgniter->startController()
 9 SYSTEMPATH\CodeIgniter.php(349): CodeIgniter\CodeIgniter->handleRequest(null, Object(Config\Cache), false)
10 FCPATH\index.php(67): CodeIgniter\CodeIgniter->run()
CRITICAL - 2023-03-07 23:46:38 --> include(includes_Book.php): Failed to open stream: No such file or directory
in APPPATH\Controllers\Cbook.php on line 5.
 1 APPPATH\Controllers\Cbook.php(5): CodeIgniter\Debug\Exceptions->errorHandler(2, 'include(includes_Book.php): Failed to open stream: No such file or directory', 'APPPATH\\Controllers\\Cbook.php', 5)
 2 APPPATH\Controllers\Cbook.php(5): include()
 3 SYSTEMPATH\Autoloader\Autoloader.php(283): include_once('APPPATH\\Controllers\\Cbook.php')
 4 SYSTEMPATH\Autoloader\Autoloader.php(260): CodeIgniter\Autoloader\Autoloader->includeFile('APPPATH\\Controllers\\Cbook.php')
 5 SYSTEMPATH\Autoloader\Autoloader.php(238): CodeIgniter\Autoloader\Autoloader->loadInNamespace('App\\Controllers\\cbook')
 6 [internal function]: CodeIgniter\Autoloader\Autoloader->loadClass('App\\Controllers\\cbook')
 7 SYSTEMPATH\CodeIgniter.php(875): class_exists('\\App\\Controllers\\cbook', true)
 8 SYSTEMPATH\CodeIgniter.php(467): CodeIgniter\CodeIgniter->startController()
 9 SYSTEMPATH\CodeIgniter.php(349): CodeIgniter\CodeIgniter->handleRequest(null, Object(Config\Cache), false)
10 FCPATH\index.php(67): CodeIgniter\CodeIgniter->run()
CRITICAL - 2023-03-07 23:46:38 --> include(includes_Book.php): Failed to open stream: No such file or directory
in APPPATH\Controllers\Cbook.php on line 5.
 1 APPPATH\Controllers\Cbook.php(5): CodeIgniter\Debug\Exceptions->errorHandler(2, 'include(includes_Book.php): Failed to open stream: No such file or directory', 'APPPATH\\Controllers\\Cbook.php', 5)
 2 APPPATH\Controllers\Cbook.php(5): include()
 3 SYSTEMPATH\Autoloader\Autoloader.php(283): include_once('APPPATH\\Controllers\\Cbook.php')
 4 SYSTEMPATH\Autoloader\Autoloader.php(260): CodeIgniter\Autoloader\Autoloader->includeFile('APPPATH\\Controllers\\Cbook.php')
 5 SYSTEMPATH\Autoloader\Autoloader.php(238): CodeIgniter\Autoloader\Autoloader->loadInNamespace('App\\Controllers\\cbook')
 6 [internal function]: CodeIgniter\Autoloader\Autoloader->loadClass('App\\Controllers\\cbook')
 7 SYSTEMPATH\CodeIgniter.php(875): class_exists('\\App\\Controllers\\cbook', true)
 8 SYSTEMPATH\CodeIgniter.php(467): CodeIgniter\CodeIgniter->startController()
 9 SYSTEMPATH\CodeIgniter.php(349): CodeIgniter\CodeIgniter->handleRequest(null, Object(Config\Cache), false)
10 FCPATH\index.php(67): CodeIgniter\CodeIgniter->run()
CRITICAL - 2023-03-07 23:46:39 --> include(includes_Book.php): Failed to open stream: No such file or directory
in APPPATH\Controllers\Cbook.php on line 5.
 1 APPPATH\Controllers\Cbook.php(5): CodeIgniter\Debug\Exceptions->errorHandler(2, 'include(includes_Book.php): Failed to open stream: No such file or directory', 'APPPATH\\Controllers\\Cbook.php', 5)
 2 APPPATH\Controllers\Cbook.php(5): include()
 3 SYSTEMPATH\Autoloader\Autoloader.php(283): include_once('APPPATH\\Controllers\\Cbook.php')
 4 SYSTEMPATH\Autoloader\Autoloader.php(260): CodeIgniter\Autoloader\Autoloader->includeFile('APPPATH\\Controllers\\Cbook.php')
 5 SYSTEMPATH\Autoloader\Autoloader.php(238): CodeIgniter\Autoloader\Autoloader->loadInNamespace('App\\Controllers\\cbook')
 6 [internal function]: CodeIgniter\Autoloader\Autoloader->loadClass('App\\Controllers\\cbook')
 7 SYSTEMPATH\CodeIgniter.php(875): class_exists('\\App\\Controllers\\cbook', true)
 8 SYSTEMPATH\CodeIgniter.php(467): CodeIgniter\CodeIgniter->startController()
 9 SYSTEMPATH\CodeIgniter.php(349): CodeIgniter\CodeIgniter->handleRequest(null, Object(Config\Cache), false)
10 FCPATH\index.php(67): CodeIgniter\CodeIgniter->run()
CRITICAL - 2023-03-07 23:46:39 --> include(includes_Book.php): Failed to open stream: No such file or directory
in APPPATH\Controllers\Cbook.php on line 5.
 1 APPPATH\Controllers\Cbook.php(5): CodeIgniter\Debug\Exceptions->errorHandler(2, 'include(includes_Book.php): Failed to open stream: No such file or directory', 'APPPATH\\Controllers\\Cbook.php', 5)
 2 APPPATH\Controllers\Cbook.php(5): include()
 3 SYSTEMPATH\Autoloader\Autoloader.php(283): include_once('APPPATH\\Controllers\\Cbook.php')
 4 SYSTEMPATH\Autoloader\Autoloader.php(260): CodeIgniter\Autoloader\Autoloader->includeFile('APPPATH\\Controllers\\Cbook.php')
 5 SYSTEMPATH\Autoloader\Autoloader.php(238): CodeIgniter\Autoloader\Autoloader->loadInNamespace('App\\Controllers\\cbook')
 6 [internal function]: CodeIgniter\Autoloader\Autoloader->loadClass('App\\Controllers\\cbook')
 7 SYSTEMPATH\CodeIgniter.php(875): class_exists('\\App\\Controllers\\cbook', true)
 8 SYSTEMPATH\CodeIgniter.php(467): CodeIgniter\CodeIgniter->startController()
 9 SYSTEMPATH\CodeIgniter.php(349): CodeIgniter\CodeIgniter->handleRequest(null, Object(Config\Cache), false)
10 FCPATH\index.php(67): CodeIgniter\CodeIgniter->run()
CRITICAL - 2023-03-07 23:46:39 --> include(includes_Book.php): Failed to open stream: No such file or directory
in APPPATH\Controllers\Cbook.php on line 5.
 1 APPPATH\Controllers\Cbook.php(5): CodeIgniter\Debug\Exceptions->errorHandler(2, 'include(includes_Book.php): Failed to open stream: No such file or directory', 'APPPATH\\Controllers\\Cbook.php', 5)
 2 APPPATH\Controllers\Cbook.php(5): include()
 3 SYSTEMPATH\Autoloader\Autoloader.php(283): include_once('APPPATH\\Controllers\\Cbook.php')
 4 SYSTEMPATH\Autoloader\Autoloader.php(260): CodeIgniter\Autoloader\Autoloader->includeFile('APPPATH\\Controllers\\Cbook.php')
 5 SYSTEMPATH\Autoloader\Autoloader.php(238): CodeIgniter\Autoloader\Autoloader->loadInNamespace('App\\Controllers\\cbook')
 6 [internal function]: CodeIgniter\Autoloader\Autoloader->loadClass('App\\Controllers\\cbook')
 7 SYSTEMPATH\CodeIgniter.php(875): class_exists('\\App\\Controllers\\cbook', true)
 8 SYSTEMPATH\CodeIgniter.php(467): CodeIgniter\CodeIgniter->startController()
 9 SYSTEMPATH\CodeIgniter.php(349): CodeIgniter\CodeIgniter->handleRequest(null, Object(Config\Cache), false)
10 FCPATH\index.php(67): CodeIgniter\CodeIgniter->run()
CRITICAL - 2023-03-07 23:46:39 --> include(includes_Book.php): Failed to open stream: No such file or directory
in APPPATH\Controllers\Cbook.php on line 5.
 1 APPPATH\Controllers\Cbook.php(5): CodeIgniter\Debug\Exceptions->errorHandler(2, 'include(includes_Book.php): Failed to open stream: No such file or directory', 'APPPATH\\Controllers\\Cbook.php', 5)
 2 APPPATH\Controllers\Cbook.php(5): include()
 3 SYSTEMPATH\Autoloader\Autoloader.php(283): include_once('APPPATH\\Controllers\\Cbook.php')
 4 SYSTEMPATH\Autoloader\Autoloader.php(260): CodeIgniter\Autoloader\Autoloader->includeFile('APPPATH\\Controllers\\Cbook.php')
 5 SYSTEMPATH\Autoloader\Autoloader.php(238): CodeIgniter\Autoloader\Autoloader->loadInNamespace('App\\Controllers\\cbook')
 6 [internal function]: CodeIgniter\Autoloader\Autoloader->loadClass('App\\Controllers\\cbook')
 7 SYSTEMPATH\CodeIgniter.php(875): class_exists('\\App\\Controllers\\cbook', true)
 8 SYSTEMPATH\CodeIgniter.php(467): CodeIgniter\CodeIgniter->startController()
 9 SYSTEMPATH\CodeIgniter.php(349): CodeIgniter\CodeIgniter->handleRequest(null, Object(Config\Cache), false)
10 FCPATH\index.php(67): CodeIgniter\CodeIgniter->run()
CRITICAL - 2023-03-07 23:46:40 --> include(includes_Book.php): Failed to open stream: No such file or directory
in APPPATH\Controllers\Cbook.php on line 5.
 1 APPPATH\Controllers\Cbook.php(5): CodeIgniter\Debug\Exceptions->errorHandler(2, 'include(includes_Book.php): Failed to open stream: No such file or directory', 'APPPATH\\Controllers\\Cbook.php', 5)
 2 APPPATH\Controllers\Cbook.php(5): include()
 3 SYSTEMPATH\Autoloader\Autoloader.php(283): include_once('APPPATH\\Controllers\\Cbook.php')
 4 SYSTEMPATH\Autoloader\Autoloader.php(260): CodeIgniter\Autoloader\Autoloader->includeFile('APPPATH\\Controllers\\Cbook.php')
 5 SYSTEMPATH\Autoloader\Autoloader.php(238): CodeIgniter\Autoloader\Autoloader->loadInNamespace('App\\Controllers\\cbook')
 6 [internal function]: CodeIgniter\Autoloader\Autoloader->loadClass('App\\Controllers\\cbook')
 7 SYSTEMPATH\CodeIgniter.php(875): class_exists('\\App\\Controllers\\cbook', true)
 8 SYSTEMPATH\CodeIgniter.php(467): CodeIgniter\CodeIgniter->startController()
 9 SYSTEMPATH\CodeIgniter.php(349): CodeIgniter\CodeIgniter->handleRequest(null, Object(Config\Cache), false)
10 FCPATH\index.php(67): CodeIgniter\CodeIgniter->run()
CRITICAL - 2023-03-07 23:46:40 --> include(includes_Book.php): Failed to open stream: No such file or directory
in APPPATH\Controllers\Cbook.php on line 5.
 1 APPPATH\Controllers\Cbook.php(5): CodeIgniter\Debug\Exceptions->errorHandler(2, 'include(includes_Book.php): Failed to open stream: No such file or directory', 'APPPATH\\Controllers\\Cbook.php', 5)
 2 APPPATH\Controllers\Cbook.php(5): include()
 3 SYSTEMPATH\Autoloader\Autoloader.php(283): include_once('APPPATH\\Controllers\\Cbook.php')
 4 SYSTEMPATH\Autoloader\Autoloader.php(260): CodeIgniter\Autoloader\Autoloader->includeFile('APPPATH\\Controllers\\Cbook.php')
 5 SYSTEMPATH\Autoloader\Autoloader.php(238): CodeIgniter\Autoloader\Autoloader->loadInNamespace('App\\Controllers\\cbook')
 6 [internal function]: CodeIgniter\Autoloader\Autoloader->loadClass('App\\Controllers\\cbook')
 7 SYSTEMPATH\CodeIgniter.php(875): class_exists('\\App\\Controllers\\cbook', true)
 8 SYSTEMPATH\CodeIgniter.php(467): CodeIgniter\CodeIgniter->startController()
 9 SYSTEMPATH\CodeIgniter.php(349): CodeIgniter\CodeIgniter->handleRequest(null, Object(Config\Cache), false)
10 FCPATH\index.php(67): CodeIgniter\CodeIgniter->run()
CRITICAL - 2023-03-07 23:46:40 --> include(includes_Book.php): Failed to open stream: No such file or directory
in APPPATH\Controllers\Cbook.php on line 5.
 1 APPPATH\Controllers\Cbook.php(5): CodeIgniter\Debug\Exceptions->errorHandler(2, 'include(includes_Book.php): Failed to open stream: No such file or directory', 'APPPATH\\Controllers\\Cbook.php', 5)
 2 APPPATH\Controllers\Cbook.php(5): include()
 3 SYSTEMPATH\Autoloader\Autoloader.php(283): include_once('APPPATH\\Controllers\\Cbook.php')
 4 SYSTEMPATH\Autoloader\Autoloader.php(260): CodeIgniter\Autoloader\Autoloader->includeFile('APPPATH\\Controllers\\Cbook.php')
 5 SYSTEMPATH\Autoloader\Autoloader.php(238): CodeIgniter\Autoloader\Autoloader->loadInNamespace('App\\Controllers\\cbook')
 6 [internal function]: CodeIgniter\Autoloader\Autoloader->loadClass('App\\Controllers\\cbook')
 7 SYSTEMPATH\CodeIgniter.php(875): class_exists('\\App\\Controllers\\cbook', true)
 8 SYSTEMPATH\CodeIgniter.php(467): CodeIgniter\CodeIgniter->startController()
 9 SYSTEMPATH\CodeIgniter.php(349): CodeIgniter\CodeIgniter->handleRequest(null, Object(Config\Cache), false)
10 FCPATH\index.php(67): CodeIgniter\CodeIgniter->run()
CRITICAL - 2023-03-07 23:46:41 --> include(includes_Book.php): Failed to open stream: No such file or directory
in APPPATH\Controllers\Cbook.php on line 5.
 1 APPPATH\Controllers\Cbook.php(5): CodeIgniter\Debug\Exceptions->errorHandler(2, 'include(includes_Book.php): Failed to open stream: No such file or directory', 'APPPATH\\Controllers\\Cbook.php', 5)
 2 APPPATH\Controllers\Cbook.php(5): include()
 3 SYSTEMPATH\Autoloader\Autoloader.php(283): include_once('APPPATH\\Controllers\\Cbook.php')
 4 SYSTEMPATH\Autoloader\Autoloader.php(260): CodeIgniter\Autoloader\Autoloader->includeFile('APPPATH\\Controllers\\Cbook.php')
 5 SYSTEMPATH\Autoloader\Autoloader.php(238): CodeIgniter\Autoloader\Autoloader->loadInNamespace('App\\Controllers\\cbook')
 6 [internal function]: CodeIgniter\Autoloader\Autoloader->loadClass('App\\Controllers\\cbook')
 7 SYSTEMPATH\CodeIgniter.php(875): class_exists('\\App\\Controllers\\cbook', true)
 8 SYSTEMPATH\CodeIgniter.php(467): CodeIgniter\CodeIgniter->startController()
 9 SYSTEMPATH\CodeIgniter.php(349): CodeIgniter\CodeIgniter->handleRequest(null, Object(Config\Cache), false)
10 FCPATH\index.php(67): CodeIgniter\CodeIgniter->run()
CRITICAL - 2023-03-07 23:46:41 --> include(includes_Book.php): Failed to open stream: No such file or directory
in APPPATH\Controllers\Cbook.php on line 5.
 1 APPPATH\Controllers\Cbook.php(5): CodeIgniter\Debug\Exceptions->errorHandler(2, 'include(includes_Book.php): Failed to open stream: No such file or directory', 'APPPATH\\Controllers\\Cbook.php', 5)
 2 APPPATH\Controllers\Cbook.php(5): include()
 3 SYSTEMPATH\Autoloader\Autoloader.php(283): include_once('APPPATH\\Controllers\\Cbook.php')
 4 SYSTEMPATH\Autoloader\Autoloader.php(260): CodeIgniter\Autoloader\Autoloader->includeFile('APPPATH\\Controllers\\Cbook.php')
 5 SYSTEMPATH\Autoloader\Autoloader.php(238): CodeIgniter\Autoloader\Autoloader->loadInNamespace('App\\Controllers\\cbook')
 6 [internal function]: CodeIgniter\Autoloader\Autoloader->loadClass('App\\Controllers\\cbook')
 7 SYSTEMPATH\CodeIgniter.php(875): class_exists('\\App\\Controllers\\cbook', true)
 8 SYSTEMPATH\CodeIgniter.php(467): CodeIgniter\CodeIgniter->startController()
 9 SYSTEMPATH\CodeIgniter.php(349): CodeIgniter\CodeIgniter->handleRequest(null, Object(Config\Cache), false)
10 FCPATH\index.php(67): CodeIgniter\CodeIgniter->run()
CRITICAL - 2023-03-07 23:46:41 --> include(includes_Book.php): Failed to open stream: No such file or directory
in APPPATH\Controllers\Cbook.php on line 5.
 1 APPPATH\Controllers\Cbook.php(5): CodeIgniter\Debug\Exceptions->errorHandler(2, 'include(includes_Book.php): Failed to open stream: No such file or directory', 'APPPATH\\Controllers\\Cbook.php', 5)
 2 APPPATH\Controllers\Cbook.php(5): include()
 3 SYSTEMPATH\Autoloader\Autoloader.php(283): include_once('APPPATH\\Controllers\\Cbook.php')
 4 SYSTEMPATH\Autoloader\Autoloader.php(260): CodeIgniter\Autoloader\Autoloader->includeFile('APPPATH\\Controllers\\Cbook.php')
 5 SYSTEMPATH\Autoloader\Autoloader.php(238): CodeIgniter\Autoloader\Autoloader->loadInNamespace('App\\Controllers\\cbook')
 6 [internal function]: CodeIgniter\Autoloader\Autoloader->loadClass('App\\Controllers\\cbook')
 7 SYSTEMPATH\CodeIgniter.php(875): class_exists('\\App\\Controllers\\cbook', true)
 8 SYSTEMPATH\CodeIgniter.php(467): CodeIgniter\CodeIgniter->startController()
 9 SYSTEMPATH\CodeIgniter.php(349): CodeIgniter\CodeIgniter->handleRequest(null, Object(Config\Cache), false)
10 FCPATH\index.php(67): CodeIgniter\CodeIgniter->run()
CRITICAL - 2023-03-07 23:46:41 --> include(includes_Book.php): Failed to open stream: No such file or directory
in APPPATH\Controllers\Cbook.php on line 5.
 1 APPPATH\Controllers\Cbook.php(5): CodeIgniter\Debug\Exceptions->errorHandler(2, 'include(includes_Book.php): Failed to open stream: No such file or directory', 'APPPATH\\Controllers\\Cbook.php', 5)
 2 APPPATH\Controllers\Cbook.php(5): include()
 3 SYSTEMPATH\Autoloader\Autoloader.php(283): include_once('APPPATH\\Controllers\\Cbook.php')
 4 SYSTEMPATH\Autoloader\Autoloader.php(260): CodeIgniter\Autoloader\Autoloader->includeFile('APPPATH\\Controllers\\Cbook.php')
 5 SYSTEMPATH\Autoloader\Autoloader.php(238): CodeIgniter\Autoloader\Autoloader->loadInNamespace('App\\Controllers\\cbook')
 6 [internal function]: CodeIgniter\Autoloader\Autoloader->loadClass('App\\Controllers\\cbook')
 7 SYSTEMPATH\CodeIgniter.php(875): class_exists('\\App\\Controllers\\cbook', true)
 8 SYSTEMPATH\CodeIgniter.php(467): CodeIgniter\CodeIgniter->startController()
 9 SYSTEMPATH\CodeIgniter.php(349): CodeIgniter\CodeIgniter->handleRequest(null, Object(Config\Cache), false)
10 FCPATH\index.php(67): CodeIgniter\CodeIgniter->run()
CRITICAL - 2023-03-07 23:46:42 --> include(includes_Book.php): Failed to open stream: No such file or directory
in APPPATH\Controllers\Cbook.php on line 5.
 1 APPPATH\Controllers\Cbook.php(5): CodeIgniter\Debug\Exceptions->errorHandler(2, 'include(includes_Book.php): Failed to open stream: No such file or directory', 'APPPATH\\Controllers\\Cbook.php', 5)
 2 APPPATH\Controllers\Cbook.php(5): include()
 3 SYSTEMPATH\Autoloader\Autoloader.php(283): include_once('APPPATH\\Controllers\\Cbook.php')
 4 SYSTEMPATH\Autoloader\Autoloader.php(260): CodeIgniter\Autoloader\Autoloader->includeFile('APPPATH\\Controllers\\Cbook.php')
 5 SYSTEMPATH\Autoloader\Autoloader.php(238): CodeIgniter\Autoloader\Autoloader->loadInNamespace('App\\Controllers\\cbook')
 6 [internal function]: CodeIgniter\Autoloader\Autoloader->loadClass('App\\Controllers\\cbook')
 7 SYSTEMPATH\CodeIgniter.php(875): class_exists('\\App\\Controllers\\cbook', true)
 8 SYSTEMPATH\CodeIgniter.php(467): CodeIgniter\CodeIgniter->startController()
 9 SYSTEMPATH\CodeIgniter.php(349): CodeIgniter\CodeIgniter->handleRequest(null, Object(Config\Cache), false)
10 FCPATH\index.php(67): CodeIgniter\CodeIgniter->run()
CRITICAL - 2023-03-07 23:46:42 --> include(includes_Book.php): Failed to open stream: No such file or directory
in APPPATH\Controllers\Cbook.php on line 5.
 1 APPPATH\Controllers\Cbook.php(5): CodeIgniter\Debug\Exceptions->errorHandler(2, 'include(includes_Book.php): Failed to open stream: No such file or directory', 'APPPATH\\Controllers\\Cbook.php', 5)
 2 APPPATH\Controllers\Cbook.php(5): include()
 3 SYSTEMPATH\Autoloader\Autoloader.php(283): include_once('APPPATH\\Controllers\\Cbook.php')
 4 SYSTEMPATH\Autoloader\Autoloader.php(260): CodeIgniter\Autoloader\Autoloader->includeFile('APPPATH\\Controllers\\Cbook.php')
 5 SYSTEMPATH\Autoloader\Autoloader.php(238): CodeIgniter\Autoloader\Autoloader->loadInNamespace('App\\Controllers\\cbook')
 6 [internal function]: CodeIgniter\Autoloader\Autoloader->loadClass('App\\Controllers\\cbook')
 7 SYSTEMPATH\CodeIgniter.php(875): class_exists('\\App\\Controllers\\cbook', true)
 8 SYSTEMPATH\CodeIgniter.php(467): CodeIgniter\CodeIgniter->startController()
 9 SYSTEMPATH\CodeIgniter.php(349): CodeIgniter\CodeIgniter->handleRequest(null, Object(Config\Cache), false)
10 FCPATH\index.php(67): CodeIgniter\CodeIgniter->run()
CRITICAL - 2023-03-07 23:46:42 --> include(includes_Book.php): Failed to open stream: No such file or directory
in APPPATH\Controllers\Cbook.php on line 5.
 1 APPPATH\Controllers\Cbook.php(5): CodeIgniter\Debug\Exceptions->errorHandler(2, 'include(includes_Book.php): Failed to open stream: No such file or directory', 'APPPATH\\Controllers\\Cbook.php', 5)
 2 APPPATH\Controllers\Cbook.php(5): include()
 3 SYSTEMPATH\Autoloader\Autoloader.php(283): include_once('APPPATH\\Controllers\\Cbook.php')
 4 SYSTEMPATH\Autoloader\Autoloader.php(260): CodeIgniter\Autoloader\Autoloader->includeFile('APPPATH\\Controllers\\Cbook.php')
 5 SYSTEMPATH\Autoloader\Autoloader.php(238): CodeIgniter\Autoloader\Autoloader->loadInNamespace('App\\Controllers\\cbook')
 6 [internal function]: CodeIgniter\Autoloader\Autoloader->loadClass('App\\Controllers\\cbook')
 7 SYSTEMPATH\CodeIgniter.php(875): class_exists('\\App\\Controllers\\cbook', true)
 8 SYSTEMPATH\CodeIgniter.php(467): CodeIgniter\CodeIgniter->startController()
 9 SYSTEMPATH\CodeIgniter.php(349): CodeIgniter\CodeIgniter->handleRequest(null, Object(Config\Cache), false)
10 FCPATH\index.php(67): CodeIgniter\CodeIgniter->run()
CRITICAL - 2023-03-07 23:46:43 --> include(includes_Book.php): Failed to open stream: No such file or directory
in APPPATH\Controllers\Cbook.php on line 5.
 1 APPPATH\Controllers\Cbook.php(5): CodeIgniter\Debug\Exceptions->errorHandler(2, 'include(includes_Book.php): Failed to open stream: No such file or directory', 'APPPATH\\Controllers\\Cbook.php', 5)
 2 APPPATH\Controllers\Cbook.php(5): include()
 3 SYSTEMPATH\Autoloader\Autoloader.php(283): include_once('APPPATH\\Controllers\\Cbook.php')
 4 SYSTEMPATH\Autoloader\Autoloader.php(260): CodeIgniter\Autoloader\Autoloader->includeFile('APPPATH\\Controllers\\Cbook.php')
 5 SYSTEMPATH\Autoloader\Autoloader.php(238): CodeIgniter\Autoloader\Autoloader->loadInNamespace('App\\Controllers\\cbook')
 6 [internal function]: CodeIgniter\Autoloader\Autoloader->loadClass('App\\Controllers\\cbook')
 7 SYSTEMPATH\CodeIgniter.php(875): class_exists('\\App\\Controllers\\cbook', true)
 8 SYSTEMPATH\CodeIgniter.php(467): CodeIgniter\CodeIgniter->startController()
 9 SYSTEMPATH\CodeIgniter.php(349): CodeIgniter\CodeIgniter->handleRequest(null, Object(Config\Cache), false)
10 FCPATH\index.php(67): CodeIgniter\CodeIgniter->run()
CRITICAL - 2023-03-07 23:46:43 --> include(includes_Book.php): Failed to open stream: No such file or directory
in APPPATH\Controllers\Cbook.php on line 5.
 1 APPPATH\Controllers\Cbook.php(5): CodeIgniter\Debug\Exceptions->errorHandler(2, 'include(includes_Book.php): Failed to open stream: No such file or directory', 'APPPATH\\Controllers\\Cbook.php', 5)
 2 APPPATH\Controllers\Cbook.php(5): include()
 3 SYSTEMPATH\Autoloader\Autoloader.php(283): include_once('APPPATH\\Controllers\\Cbook.php')
 4 SYSTEMPATH\Autoloader\Autoloader.php(260): CodeIgniter\Autoloader\Autoloader->includeFile('APPPATH\\Controllers\\Cbook.php')
 5 SYSTEMPATH\Autoloader\Autoloader.php(238): CodeIgniter\Autoloader\Autoloader->loadInNamespace('App\\Controllers\\cbook')
 6 [internal function]: CodeIgniter\Autoloader\Autoloader->loadClass('App\\Controllers\\cbook')
 7 SYSTEMPATH\CodeIgniter.php(875): class_exists('\\App\\Controllers\\cbook', true)
 8 SYSTEMPATH\CodeIgniter.php(467): CodeIgniter\CodeIgniter->startController()
 9 SYSTEMPATH\CodeIgniter.php(349): CodeIgniter\CodeIgniter->handleRequest(null, Object(Config\Cache), false)
10 FCPATH\index.php(67): CodeIgniter\CodeIgniter->run()
CRITICAL - 2023-03-07 23:46:43 --> include(includes_Book.php): Failed to open stream: No such file or directory
in APPPATH\Controllers\Cbook.php on line 5.
 1 APPPATH\Controllers\Cbook.php(5): CodeIgniter\Debug\Exceptions->errorHandler(2, 'include(includes_Book.php): Failed to open stream: No such file or directory', 'APPPATH\\Controllers\\Cbook.php', 5)
 2 APPPATH\Controllers\Cbook.php(5): include()
 3 SYSTEMPATH\Autoloader\Autoloader.php(283): include_once('APPPATH\\Controllers\\Cbook.php')
 4 SYSTEMPATH\Autoloader\Autoloader.php(260): CodeIgniter\Autoloader\Autoloader->includeFile('APPPATH\\Controllers\\Cbook.php')
 5 SYSTEMPATH\Autoloader\Autoloader.php(238): CodeIgniter\Autoloader\Autoloader->loadInNamespace('App\\Controllers\\cbook')
 6 [internal function]: CodeIgniter\Autoloader\Autoloader->loadClass('App\\Controllers\\cbook')
 7 SYSTEMPATH\CodeIgniter.php(875): class_exists('\\App\\Controllers\\cbook', true)
 8 SYSTEMPATH\CodeIgniter.php(467): CodeIgniter\CodeIgniter->startController()
 9 SYSTEMPATH\CodeIgniter.php(349): CodeIgniter\CodeIgniter->handleRequest(null, Object(Config\Cache), false)
10 FCPATH\index.php(67): CodeIgniter\CodeIgniter->run()
CRITICAL - 2023-03-07 23:50:09 --> include(/Book.php): Failed to open stream: No such file or directory
in APPPATH\Controllers\Cbook.php on line 5.
 1 APPPATH\Controllers\Cbook.php(5): CodeIgniter\Debug\Exceptions->errorHandler(2, 'include(/Book.php): Failed to open stream: No such file or directory', 'APPPATH\\Controllers\\Cbook.php', 5)
 2 APPPATH\Controllers\Cbook.php(5): include()
 3 SYSTEMPATH\Autoloader\Autoloader.php(283): include_once('APPPATH\\Controllers\\Cbook.php')
 4 SYSTEMPATH\Autoloader\Autoloader.php(260): CodeIgniter\Autoloader\Autoloader->includeFile('APPPATH\\Controllers\\Cbook.php')
 5 SYSTEMPATH\Autoloader\Autoloader.php(238): CodeIgniter\Autoloader\Autoloader->loadInNamespace('App\\Controllers\\cbook')
 6 [internal function]: CodeIgniter\Autoloader\Autoloader->loadClass('App\\Controllers\\cbook')
 7 SYSTEMPATH\CodeIgniter.php(875): class_exists('\\App\\Controllers\\cbook', true)
 8 SYSTEMPATH\CodeIgniter.php(467): CodeIgniter\CodeIgniter->startController()
 9 SYSTEMPATH\CodeIgniter.php(349): CodeIgniter\CodeIgniter->handleRequest(null, Object(Config\Cache), false)
10 FCPATH\index.php(67): CodeIgniter\CodeIgniter->run()
CRITICAL - 2023-03-07 23:50:11 --> include(/Book.php): Failed to open stream: No such file or directory
in APPPATH\Controllers\Cbook.php on line 5.
 1 APPPATH\Controllers\Cbook.php(5): CodeIgniter\Debug\Exceptions->errorHandler(2, 'include(/Book.php): Failed to open stream: No such file or directory', 'APPPATH\\Controllers\\Cbook.php', 5)
 2 APPPATH\Controllers\Cbook.php(5): include()
 3 SYSTEMPATH\Autoloader\Autoloader.php(283): include_once('APPPATH\\Controllers\\Cbook.php')
 4 SYSTEMPATH\Autoloader\Autoloader.php(260): CodeIgniter\Autoloader\Autoloader->includeFile('APPPATH\\Controllers\\Cbook.php')
 5 SYSTEMPATH\Autoloader\Autoloader.php(238): CodeIgniter\Autoloader\Autoloader->loadInNamespace('App\\Controllers\\cbook')
 6 [internal function]: CodeIgniter\Autoloader\Autoloader->loadClass('App\\Controllers\\cbook')
 7 SYSTEMPATH\CodeIgniter.php(875): class_exists('\\App\\Controllers\\cbook', true)
 8 SYSTEMPATH\CodeIgniter.php(467): CodeIgniter\CodeIgniter->startController()
 9 SYSTEMPATH\CodeIgniter.php(349): CodeIgniter\CodeIgniter->handleRequest(null, Object(Config\Cache), false)
10 FCPATH\index.php(67): CodeIgniter\CodeIgniter->run()
CRITICAL - 2023-03-07 23:50:11 --> include(/Book.php): Failed to open stream: No such file or directory
in APPPATH\Controllers\Cbook.php on line 5.
 1 APPPATH\Controllers\Cbook.php(5): CodeIgniter\Debug\Exceptions->errorHandler(2, 'include(/Book.php): Failed to open stream: No such file or directory', 'APPPATH\\Controllers\\Cbook.php', 5)
 2 APPPATH\Controllers\Cbook.php(5): include()
 3 SYSTEMPATH\Autoloader\Autoloader.php(283): include_once('APPPATH\\Controllers\\Cbook.php')
 4 SYSTEMPATH\Autoloader\Autoloader.php(260): CodeIgniter\Autoloader\Autoloader->includeFile('APPPATH\\Controllers\\Cbook.php')
 5 SYSTEMPATH\Autoloader\Autoloader.php(238): CodeIgniter\Autoloader\Autoloader->loadInNamespace('App\\Controllers\\cbook')
 6 [internal function]: CodeIgniter\Autoloader\Autoloader->loadClass('App\\Controllers\\cbook')
 7 SYSTEMPATH\CodeIgniter.php(875): class_exists('\\App\\Controllers\\cbook', true)
 8 SYSTEMPATH\CodeIgniter.php(467): CodeIgniter\CodeIgniter->startController()
 9 SYSTEMPATH\CodeIgniter.php(349): CodeIgniter\CodeIgniter->handleRequest(null, Object(Config\Cache), false)
10 FCPATH\index.php(67): CodeIgniter\CodeIgniter->run()
CRITICAL - 2023-03-07 23:50:12 --> include(/Book.php): Failed to open stream: No such file or directory
in APPPATH\Controllers\Cbook.php on line 5.
 1 APPPATH\Controllers\Cbook.php(5): CodeIgniter\Debug\Exceptions->errorHandler(2, 'include(/Book.php): Failed to open stream: No such file or directory', 'APPPATH\\Controllers\\Cbook.php', 5)
 2 APPPATH\Controllers\Cbook.php(5): include()
 3 SYSTEMPATH\Autoloader\Autoloader.php(283): include_once('APPPATH\\Controllers\\Cbook.php')
 4 SYSTEMPATH\Autoloader\Autoloader.php(260): CodeIgniter\Autoloader\Autoloader->includeFile('APPPATH\\Controllers\\Cbook.php')
 5 SYSTEMPATH\Autoloader\Autoloader.php(238): CodeIgniter\Autoloader\Autoloader->loadInNamespace('App\\Controllers\\cbook')
 6 [internal function]: CodeIgniter\Autoloader\Autoloader->loadClass('App\\Controllers\\cbook')
 7 SYSTEMPATH\CodeIgniter.php(875): class_exists('\\App\\Controllers\\cbook', true)
 8 SYSTEMPATH\CodeIgniter.php(467): CodeIgniter\CodeIgniter->startController()
 9 SYSTEMPATH\CodeIgniter.php(349): CodeIgniter\CodeIgniter->handleRequest(null, Object(Config\Cache), false)
10 FCPATH\index.php(67): CodeIgniter\CodeIgniter->run()
CRITICAL - 2023-03-07 23:51:07 --> include(/Book.php): Failed to open stream: No such file or directory
in APPPATH\Controllers\Cbook.php on line 5.
 1 APPPATH\Controllers\Cbook.php(5): CodeIgniter\Debug\Exceptions->errorHandler(2, 'include(/Book.php): Failed to open stream: No such file or directory', 'APPPATH\\Controllers\\Cbook.php', 5)
 2 APPPATH\Controllers\Cbook.php(5): include()
 3 SYSTEMPATH\Autoloader\Autoloader.php(283): include_once('APPPATH\\Controllers\\Cbook.php')
 4 SYSTEMPATH\Autoloader\Autoloader.php(260): CodeIgniter\Autoloader\Autoloader->includeFile('APPPATH\\Controllers\\Cbook.php')
 5 SYSTEMPATH\Autoloader\Autoloader.php(238): CodeIgniter\Autoloader\Autoloader->loadInNamespace('App\\Controllers\\cbook')
 6 [internal function]: CodeIgniter\Autoloader\Autoloader->loadClass('App\\Controllers\\cbook')
 7 SYSTEMPATH\CodeIgniter.php(875): class_exists('\\App\\Controllers\\cbook', true)
 8 SYSTEMPATH\CodeIgniter.php(467): CodeIgniter\CodeIgniter->startController()
 9 SYSTEMPATH\CodeIgniter.php(349): CodeIgniter\CodeIgniter->handleRequest(null, Object(Config\Cache), false)
10 FCPATH\index.php(67): CodeIgniter\CodeIgniter->run()
CRITICAL - 2023-03-07 23:51:08 --> include(/Book.php): Failed to open stream: No such file or directory
in APPPATH\Controllers\Cbook.php on line 5.
 1 APPPATH\Controllers\Cbook.php(5): CodeIgniter\Debug\Exceptions->errorHandler(2, 'include(/Book.php): Failed to open stream: No such file or directory', 'APPPATH\\Controllers\\Cbook.php', 5)
 2 APPPATH\Controllers\Cbook.php(5): include()
 3 SYSTEMPATH\Autoloader\Autoloader.php(283): include_once('APPPATH\\Controllers\\Cbook.php')
 4 SYSTEMPATH\Autoloader\Autoloader.php(260): CodeIgniter\Autoloader\Autoloader->includeFile('APPPATH\\Controllers\\Cbook.php')
 5 SYSTEMPATH\Autoloader\Autoloader.php(238): CodeIgniter\Autoloader\Autoloader->loadInNamespace('App\\Controllers\\cbook')
 6 [internal function]: CodeIgniter\Autoloader\Autoloader->loadClass('App\\Controllers\\cbook')
 7 SYSTEMPATH\CodeIgniter.php(875): class_exists('\\App\\Controllers\\cbook', true)
 8 SYSTEMPATH\CodeIgniter.php(467): CodeIgniter\CodeIgniter->startController()
 9 SYSTEMPATH\CodeIgniter.php(349): CodeIgniter\CodeIgniter->handleRequest(null, Object(Config\Cache), false)
10 FCPATH\index.php(67): CodeIgniter\CodeIgniter->run()
CRITICAL - 2023-03-07 23:51:09 --> include(/Book.php): Failed to open stream: No such file or directory
in APPPATH\Controllers\Cbook.php on line 5.
 1 APPPATH\Controllers\Cbook.php(5): CodeIgniter\Debug\Exceptions->errorHandler(2, 'include(/Book.php): Failed to open stream: No such file or directory', 'APPPATH\\Controllers\\Cbook.php', 5)
 2 APPPATH\Controllers\Cbook.php(5): include()
 3 SYSTEMPATH\Autoloader\Autoloader.php(283): include_once('APPPATH\\Controllers\\Cbook.php')
 4 SYSTEMPATH\Autoloader\Autoloader.php(260): CodeIgniter\Autoloader\Autoloader->includeFile('APPPATH\\Controllers\\Cbook.php')
 5 SYSTEMPATH\Autoloader\Autoloader.php(238): CodeIgniter\Autoloader\Autoloader->loadInNamespace('App\\Controllers\\cbook')
 6 [internal function]: CodeIgniter\Autoloader\Autoloader->loadClass('App\\Controllers\\cbook')
 7 SYSTEMPATH\CodeIgniter.php(875): class_exists('\\App\\Controllers\\cbook', true)
 8 SYSTEMPATH\CodeIgniter.php(467): CodeIgniter\CodeIgniter->startController()
 9 SYSTEMPATH\CodeIgniter.php(349): CodeIgniter\CodeIgniter->handleRequest(null, Object(Config\Cache), false)
10 FCPATH\index.php(67): CodeIgniter\CodeIgniter->run()
CRITICAL - 2023-03-07 23:51:59 --> syntax error, unexpected token "."
in APPPATH\Controllers\Cbook.php on line 5.
 1 SYSTEMPATH\Autoloader\Autoloader.php(260): CodeIgniter\Autoloader\Autoloader->includeFile('APPPATH\\Controllers\\Cbook.php')
 2 SYSTEMPATH\Autoloader\Autoloader.php(238): CodeIgniter\Autoloader\Autoloader->loadInNamespace('App\\Controllers\\cbook')
 3 [internal function]: CodeIgniter\Autoloader\Autoloader->loadClass('App\\Controllers\\cbook')
 4 SYSTEMPATH\CodeIgniter.php(875): class_exists('\\App\\Controllers\\cbook', true)
 5 SYSTEMPATH\CodeIgniter.php(467): CodeIgniter\CodeIgniter->startController()
 6 SYSTEMPATH\CodeIgniter.php(349): CodeIgniter\CodeIgniter->handleRequest(null, Object(Config\Cache), false)
 7 FCPATH\index.php(67): CodeIgniter\CodeIgniter->run()
CRITICAL - 2023-03-07 23:54:22 --> syntax error, unexpected token "/"
in APPPATH\Controllers\Cbook.php on line 5.
 1 SYSTEMPATH\Autoloader\Autoloader.php(260): CodeIgniter\Autoloader\Autoloader->includeFile('APPPATH\\Controllers\\Cbook.php')
 2 SYSTEMPATH\Autoloader\Autoloader.php(238): CodeIgniter\Autoloader\Autoloader->loadInNamespace('App\\Controllers\\cbook')
 3 [internal function]: CodeIgniter\Autoloader\Autoloader->loadClass('App\\Controllers\\cbook')
 4 SYSTEMPATH\CodeIgniter.php(875): class_exists('\\App\\Controllers\\cbook', true)
 5 SYSTEMPATH\CodeIgniter.php(467): CodeIgniter\CodeIgniter->startController()
 6 SYSTEMPATH\CodeIgniter.php(349): CodeIgniter\CodeIgniter->handleRequest(null, Object(Config\Cache), false)
 7 FCPATH\index.php(67): CodeIgniter\CodeIgniter->run()
CRITICAL - 2023-03-07 23:54:23 --> syntax error, unexpected token "/"
in APPPATH\Controllers\Cbook.php on line 5.
 1 SYSTEMPATH\Autoloader\Autoloader.php(260): CodeIgniter\Autoloader\Autoloader->includeFile('APPPATH\\Controllers\\Cbook.php')
 2 SYSTEMPATH\Autoloader\Autoloader.php(238): CodeIgniter\Autoloader\Autoloader->loadInNamespace('App\\Controllers\\cbook')
 3 [internal function]: CodeIgniter\Autoloader\Autoloader->loadClass('App\\Controllers\\cbook')
 4 SYSTEMPATH\CodeIgniter.php(875): class_exists('\\App\\Controllers\\cbook', true)
 5 SYSTEMPATH\CodeIgniter.php(467): CodeIgniter\CodeIgniter->startController()
 6 SYSTEMPATH\CodeIgniter.php(349): CodeIgniter\CodeIgniter->handleRequest(null, Object(Config\Cache), false)
 7 FCPATH\index.php(67): CodeIgniter\CodeIgniter->run()
CRITICAL - 2023-03-07 23:54:38 --> Undefined constant "App\Controllers\Book"
in APPPATH\Controllers\Cbook.php on line 5.
 1 SYSTEMPATH\Autoloader\Autoloader.php(283): include_once()
 2 SYSTEMPATH\Autoloader\Autoloader.php(260): CodeIgniter\Autoloader\Autoloader->includeFile('APPPATH\\Controllers\\Cbook.php')
 3 SYSTEMPATH\Autoloader\Autoloader.php(238): CodeIgniter\Autoloader\Autoloader->loadInNamespace('App\\Controllers\\cbook')
 4 [internal function]: CodeIgniter\Autoloader\Autoloader->loadClass('App\\Controllers\\cbook')
 5 SYSTEMPATH\CodeIgniter.php(875): class_exists('\\App\\Controllers\\cbook', true)
 6 SYSTEMPATH\CodeIgniter.php(467): CodeIgniter\CodeIgniter->startController()
 7 SYSTEMPATH\CodeIgniter.php(349): CodeIgniter\CodeIgniter->handleRequest(null, Object(Config\Cache), false)
 8 FCPATH\index.php(67): CodeIgniter\CodeIgniter->run()
