CRITICAL - 2023-03-24 00:51:36 --> syntax error, unexpected token "public", expecting end of file
in APPPATH\Controllers\Viewmore.php on line 16.
 1 SYSTEMPATH\Autoloader\Autoloader.php(260): CodeIgniter\Autoloader\Autoloader->includeFile('APPPATH\\Controllers\\Viewmore.php')
 2 SYSTEMPATH\Autoloader\Autoloader.php(238): CodeIgniter\Autoloader\Autoloader->loadInNamespace('App\\Controllers\\Viewmore')
 3 [internal function]: CodeIgniter\Autoloader\Autoloader->loadClass('App\\Controllers\\Viewmore')
 4 SYSTEMPATH\CodeIgniter.php(875): class_exists('\\App\\Controllers\\Viewmore', true)
 5 SYSTEMPATH\CodeIgniter.php(467): CodeIgniter\CodeIgniter->startController()
 6 SYSTEMPATH\CodeIgniter.php(349): CodeIgniter\CodeIgniter->handleRequest(null, Object(Config\Cache), false)
 7 FCPATH\index.php(67): CodeIgniter\CodeIgniter->run()
CRITICAL - 2023-03-24 00:52:32 --> syntax error, unexpected token "public", expecting end of file
in APPPATH\Controllers\Viewmore.php on line 16.
 1 SYSTEMPATH\Autoloader\Autoloader.php(260): CodeIgniter\Autoloader\Autoloader->includeFile('APPPATH\\Controllers\\Viewmore.php')
 2 SYSTEMPATH\Autoloader\Autoloader.php(238): CodeIgniter\Autoloader\Autoloader->loadInNamespace('App\\Controllers\\Viewmore')
 3 [internal function]: CodeIgniter\Autoloader\Autoloader->loadClass('App\\Controllers\\Viewmore')
 4 SYSTEMPATH\CodeIgniter.php(875): class_exists('\\App\\Controllers\\Viewmore', true)
 5 SYSTEMPATH\CodeIgniter.php(467): CodeIgniter\CodeIgniter->startController()
 6 SYSTEMPATH\CodeIgniter.php(349): CodeIgniter\CodeIgniter->handleRequest(null, Object(Config\Cache), false)
 7 FCPATH\index.php(67): CodeIgniter\CodeIgniter->run()
CRITICAL - 2023-03-24 00:52:33 --> syntax error, unexpected token "public", expecting end of file
in APPPATH\Controllers\Viewmore.php on line 16.
 1 SYSTEMPATH\Autoloader\Autoloader.php(260): CodeIgniter\Autoloader\Autoloader->includeFile('APPPATH\\Controllers\\Viewmore.php')
 2 SYSTEMPATH\Autoloader\Autoloader.php(238): CodeIgniter\Autoloader\Autoloader->loadInNamespace('App\\Controllers\\Viewmore')
 3 [internal function]: CodeIgniter\Autoloader\Autoloader->loadClass('App\\Controllers\\Viewmore')
 4 SYSTEMPATH\CodeIgniter.php(875): class_exists('\\App\\Controllers\\Viewmore', true)
 5 SYSTEMPATH\CodeIgniter.php(467): CodeIgniter\CodeIgniter->startController()
 6 SYSTEMPATH\CodeIgniter.php(349): CodeIgniter\CodeIgniter->handleRequest(null, Object(Config\Cache), false)
 7 FCPATH\index.php(67): CodeIgniter\CodeIgniter->run()
CRITICAL - 2023-03-24 00:52:33 --> syntax error, unexpected token "public", expecting end of file
in APPPATH\Controllers\Viewmore.php on line 16.
 1 SYSTEMPATH\Autoloader\Autoloader.php(260): CodeIgniter\Autoloader\Autoloader->includeFile('APPPATH\\Controllers\\Viewmore.php')
 2 SYSTEMPATH\Autoloader\Autoloader.php(238): CodeIgniter\Autoloader\Autoloader->loadInNamespace('App\\Controllers\\Viewmore')
 3 [internal function]: CodeIgniter\Autoloader\Autoloader->loadClass('App\\Controllers\\Viewmore')
 4 SYSTEMPATH\CodeIgniter.php(875): class_exists('\\App\\Controllers\\Viewmore', true)
 5 SYSTEMPATH\CodeIgniter.php(467): CodeIgniter\CodeIgniter->startController()
 6 SYSTEMPATH\CodeIgniter.php(349): CodeIgniter\CodeIgniter->handleRequest(null, Object(Config\Cache), false)
 7 FCPATH\index.php(67): CodeIgniter\CodeIgniter->run()
CRITICAL - 2023-03-24 00:52:33 --> syntax error, unexpected token "public", expecting end of file
in APPPATH\Controllers\Viewmore.php on line 16.
 1 SYSTEMPATH\Autoloader\Autoloader.php(260): CodeIgniter\Autoloader\Autoloader->includeFile('APPPATH\\Controllers\\Viewmore.php')
 2 SYSTEMPATH\Autoloader\Autoloader.php(238): CodeIgniter\Autoloader\Autoloader->loadInNamespace('App\\Controllers\\Viewmore')
 3 [internal function]: CodeIgniter\Autoloader\Autoloader->loadClass('App\\Controllers\\Viewmore')
 4 SYSTEMPATH\CodeIgniter.php(875): class_exists('\\App\\Controllers\\Viewmore', true)
 5 SYSTEMPATH\CodeIgniter.php(467): CodeIgniter\CodeIgniter->startController()
 6 SYSTEMPATH\CodeIgniter.php(349): CodeIgniter\CodeIgniter->handleRequest(null, Object(Config\Cache), false)
 7 FCPATH\index.php(67): CodeIgniter\CodeIgniter->run()
CRITICAL - 2023-03-24 00:52:33 --> syntax error, unexpected token "public", expecting end of file
in APPPATH\Controllers\Viewmore.php on line 16.
 1 SYSTEMPATH\Autoloader\Autoloader.php(260): CodeIgniter\Autoloader\Autoloader->includeFile('APPPATH\\Controllers\\Viewmore.php')
 2 SYSTEMPATH\Autoloader\Autoloader.php(238): CodeIgniter\Autoloader\Autoloader->loadInNamespace('App\\Controllers\\Viewmore')
 3 [internal function]: CodeIgniter\Autoloader\Autoloader->loadClass('App\\Controllers\\Viewmore')
 4 SYSTEMPATH\CodeIgniter.php(875): class_exists('\\App\\Controllers\\Viewmore', true)
 5 SYSTEMPATH\CodeIgniter.php(467): CodeIgniter\CodeIgniter->startController()
 6 SYSTEMPATH\CodeIgniter.php(349): CodeIgniter\CodeIgniter->handleRequest(null, Object(Config\Cache), false)
 7 FCPATH\index.php(67): CodeIgniter\CodeIgniter->run()
CRITICAL - 2023-03-24 01:11:42 --> syntax error, unexpected token "=>"
in APPPATH\Controllers\Book.php on line 38.
 1 SYSTEMPATH\Autoloader\Autoloader.php(260): CodeIgniter\Autoloader\Autoloader->includeFile('APPPATH\\Controllers\\Book.php')
 2 SYSTEMPATH\Autoloader\Autoloader.php(238): CodeIgniter\Autoloader\Autoloader->loadInNamespace('App\\Controllers\\Book')
 3 [internal function]: CodeIgniter\Autoloader\Autoloader->loadClass('App\\Controllers\\Book')
 4 SYSTEMPATH\CodeIgniter.php(875): class_exists('\\App\\Controllers\\Book', true)
 5 SYSTEMPATH\CodeIgniter.php(467): CodeIgniter\CodeIgniter->startController()
 6 SYSTEMPATH\CodeIgniter.php(349): CodeIgniter\CodeIgniter->handleRequest(null, Object(Config\Cache), false)
 7 FCPATH\index.php(67): CodeIgniter\CodeIgniter->run()
CRITICAL - 2023-03-24 01:13:34 --> Undefined variable $slot
in APPPATH\Controllers\Book.php on line 40.
 1 APPPATH\Controllers\Book.php(40): CodeIgniter\Debug\Exceptions->errorHandler(2, 'Undefined variable $slot', 'APPPATH\\Controllers\\Book.php', 40)
 2 SYSTEMPATH\CodeIgniter.php(925): App\Controllers\Book->store()
 3 SYSTEMPATH\CodeIgniter.php(480): CodeIgniter\CodeIgniter->runController(Object(App\Controllers\Book))
 4 SYSTEMPATH\CodeIgniter.php(349): CodeIgniter\CodeIgniter->handleRequest(null, Object(Config\Cache), false)
 5 FCPATH\index.php(67): CodeIgniter\CodeIgniter->run()
CRITICAL - 2023-03-24 01:13:58 --> Undefined variable $data
in APPPATH\Controllers\Book.php on line 42.
 1 APPPATH\Controllers\Book.php(42): CodeIgniter\Debug\Exceptions->errorHandler(2, 'Undefined variable $data', 'APPPATH\\Controllers\\Book.php', 42)
 2 SYSTEMPATH\CodeIgniter.php(925): App\Controllers\Book->store()
 3 SYSTEMPATH\CodeIgniter.php(480): CodeIgniter\CodeIgniter->runController(Object(App\Controllers\Book))
 4 SYSTEMPATH\CodeIgniter.php(349): CodeIgniter\CodeIgniter->handleRequest(null, Object(Config\Cache), false)
 5 FCPATH\index.php(67): CodeIgniter\CodeIgniter->run()
CRITICAL - 2023-03-24 01:14:40 --> syntax error, unexpected variable "$Bookm", expecting "function" or "const"
in APPPATH\Controllers\Cbook.php on line 15.
 1 SYSTEMPATH\Autoloader\Autoloader.php(260): CodeIgniter\Autoloader\Autoloader->includeFile('APPPATH\\Controllers\\Cbook.php')
 2 SYSTEMPATH\Autoloader\Autoloader.php(238): CodeIgniter\Autoloader\Autoloader->loadInNamespace('App\\Controllers\\cbook')
 3 [internal function]: CodeIgniter\Autoloader\Autoloader->loadClass('App\\Controllers\\cbook')
 4 SYSTEMPATH\CodeIgniter.php(875): class_exists('\\App\\Controllers\\cbook', true)
 5 SYSTEMPATH\CodeIgniter.php(467): CodeIgniter\CodeIgniter->startController()
 6 SYSTEMPATH\CodeIgniter.php(349): CodeIgniter\CodeIgniter->handleRequest(null, Object(Config\Cache), false)
 7 FCPATH\index.php(67): CodeIgniter\CodeIgniter->run()
CRITICAL - 2023-03-24 01:15:31 --> syntax error, unexpected variable "$bookm", expecting "function" or "const"
in APPPATH\Controllers\Cbook.php on line 15.
 1 SYSTEMPATH\Autoloader\Autoloader.php(260): CodeIgniter\Autoloader\Autoloader->includeFile('APPPATH\\Controllers\\Cbook.php')
 2 SYSTEMPATH\Autoloader\Autoloader.php(238): CodeIgniter\Autoloader\Autoloader->loadInNamespace('App\\Controllers\\cbook')
 3 [internal function]: CodeIgniter\Autoloader\Autoloader->loadClass('App\\Controllers\\cbook')
 4 SYSTEMPATH\CodeIgniter.php(875): class_exists('\\App\\Controllers\\cbook', true)
 5 SYSTEMPATH\CodeIgniter.php(467): CodeIgniter\CodeIgniter->startController()
 6 SYSTEMPATH\CodeIgniter.php(349): CodeIgniter\CodeIgniter->handleRequest(null, Object(Config\Cache), false)
 7 FCPATH\index.php(67): CodeIgniter\CodeIgniter->run()
CRITICAL - 2023-03-24 01:15:33 --> syntax error, unexpected variable "$bookm", expecting "function" or "const"
in APPPATH\Controllers\Cbook.php on line 15.
 1 SYSTEMPATH\Autoloader\Autoloader.php(260): CodeIgniter\Autoloader\Autoloader->includeFile('APPPATH\\Controllers\\Cbook.php')
 2 SYSTEMPATH\Autoloader\Autoloader.php(238): CodeIgniter\Autoloader\Autoloader->loadInNamespace('App\\Controllers\\cbook')
 3 [internal function]: CodeIgniter\Autoloader\Autoloader->loadClass('App\\Controllers\\cbook')
 4 SYSTEMPATH\CodeIgniter.php(875): class_exists('\\App\\Controllers\\cbook', true)
 5 SYSTEMPATH\CodeIgniter.php(467): CodeIgniter\CodeIgniter->startController()
 6 SYSTEMPATH\CodeIgniter.php(349): CodeIgniter\CodeIgniter->handleRequest(null, Object(Config\Cache), false)
 7 FCPATH\index.php(67): CodeIgniter\CodeIgniter->run()
CRITICAL - 2023-03-24 01:15:34 --> syntax error, unexpected variable "$bookm", expecting "function" or "const"
in APPPATH\Controllers\Cbook.php on line 15.
 1 SYSTEMPATH\Autoloader\Autoloader.php(260): CodeIgniter\Autoloader\Autoloader->includeFile('APPPATH\\Controllers\\Cbook.php')
 2 SYSTEMPATH\Autoloader\Autoloader.php(238): CodeIgniter\Autoloader\Autoloader->loadInNamespace('App\\Controllers\\cbook')
 3 [internal function]: CodeIgniter\Autoloader\Autoloader->loadClass('App\\Controllers\\cbook')
 4 SYSTEMPATH\CodeIgniter.php(875): class_exists('\\App\\Controllers\\cbook', true)
 5 SYSTEMPATH\CodeIgniter.php(467): CodeIgniter\CodeIgniter->startController()
 6 SYSTEMPATH\CodeIgniter.php(349): CodeIgniter\CodeIgniter->handleRequest(null, Object(Config\Cache), false)
 7 FCPATH\index.php(67): CodeIgniter\CodeIgniter->run()
CRITICAL - 2023-03-24 01:15:47 --> syntax error, unexpected variable "$bookm", expecting "function" or "const"
in APPPATH\Controllers\Cbook.php on line 15.
 1 SYSTEMPATH\Autoloader\Autoloader.php(260): CodeIgniter\Autoloader\Autoloader->includeFile('APPPATH\\Controllers\\Cbook.php')
 2 SYSTEMPATH\Autoloader\Autoloader.php(238): CodeIgniter\Autoloader\Autoloader->loadInNamespace('App\\Controllers\\cbook')
 3 [internal function]: CodeIgniter\Autoloader\Autoloader->loadClass('App\\Controllers\\cbook')
 4 SYSTEMPATH\CodeIgniter.php(875): class_exists('\\App\\Controllers\\cbook', true)
 5 SYSTEMPATH\CodeIgniter.php(467): CodeIgniter\CodeIgniter->startController()
 6 SYSTEMPATH\CodeIgniter.php(349): CodeIgniter\CodeIgniter->handleRequest(null, Object(Config\Cache), false)
 7 FCPATH\index.php(67): CodeIgniter\CodeIgniter->run()
CRITICAL - 2023-03-24 01:16:06 --> syntax error, unexpected variable "$bookm", expecting "function" or "const"
in APPPATH\Controllers\Cbook.php on line 15.
 1 SYSTEMPATH\Autoloader\Autoloader.php(260): CodeIgniter\Autoloader\Autoloader->includeFile('APPPATH\\Controllers\\Cbook.php')
 2 SYSTEMPATH\Autoloader\Autoloader.php(238): CodeIgniter\Autoloader\Autoloader->loadInNamespace('App\\Controllers\\cbook')
 3 [internal function]: CodeIgniter\Autoloader\Autoloader->loadClass('App\\Controllers\\cbook')
 4 SYSTEMPATH\CodeIgniter.php(875): class_exists('\\App\\Controllers\\cbook', true)
 5 SYSTEMPATH\CodeIgniter.php(467): CodeIgniter\CodeIgniter->startController()
 6 SYSTEMPATH\CodeIgniter.php(349): CodeIgniter\CodeIgniter->handleRequest(null, Object(Config\Cache), false)
 7 FCPATH\index.php(67): CodeIgniter\CodeIgniter->run()
CRITICAL - 2023-03-24 01:16:07 --> syntax error, unexpected variable "$bookm", expecting "function" or "const"
in APPPATH\Controllers\Cbook.php on line 15.
 1 SYSTEMPATH\Autoloader\Autoloader.php(260): CodeIgniter\Autoloader\Autoloader->includeFile('APPPATH\\Controllers\\Cbook.php')
 2 SYSTEMPATH\Autoloader\Autoloader.php(238): CodeIgniter\Autoloader\Autoloader->loadInNamespace('App\\Controllers\\cbook')
 3 [internal function]: CodeIgniter\Autoloader\Autoloader->loadClass('App\\Controllers\\cbook')
 4 SYSTEMPATH\CodeIgniter.php(875): class_exists('\\App\\Controllers\\cbook', true)
 5 SYSTEMPATH\CodeIgniter.php(467): CodeIgniter\CodeIgniter->startController()
 6 SYSTEMPATH\CodeIgniter.php(349): CodeIgniter\CodeIgniter->handleRequest(null, Object(Config\Cache), false)
 7 FCPATH\index.php(67): CodeIgniter\CodeIgniter->run()
CRITICAL - 2023-03-24 01:16:08 --> syntax error, unexpected variable "$bookm", expecting "function" or "const"
in APPPATH\Controllers\Cbook.php on line 15.
 1 SYSTEMPATH\Autoloader\Autoloader.php(260): CodeIgniter\Autoloader\Autoloader->includeFile('APPPATH\\Controllers\\Cbook.php')
 2 SYSTEMPATH\Autoloader\Autoloader.php(238): CodeIgniter\Autoloader\Autoloader->loadInNamespace('App\\Controllers\\cbook')
 3 [internal function]: CodeIgniter\Autoloader\Autoloader->loadClass('App\\Controllers\\cbook')
 4 SYSTEMPATH\CodeIgniter.php(875): class_exists('\\App\\Controllers\\cbook', true)
 5 SYSTEMPATH\CodeIgniter.php(467): CodeIgniter\CodeIgniter->startController()
 6 SYSTEMPATH\CodeIgniter.php(349): CodeIgniter\CodeIgniter->handleRequest(null, Object(Config\Cache), false)
 7 FCPATH\index.php(67): CodeIgniter\CodeIgniter->run()
CRITICAL - 2023-03-24 01:16:08 --> syntax error, unexpected variable "$bookm", expecting "function" or "const"
in APPPATH\Controllers\Cbook.php on line 15.
 1 SYSTEMPATH\Autoloader\Autoloader.php(260): CodeIgniter\Autoloader\Autoloader->includeFile('APPPATH\\Controllers\\Cbook.php')
 2 SYSTEMPATH\Autoloader\Autoloader.php(238): CodeIgniter\Autoloader\Autoloader->loadInNamespace('App\\Controllers\\cbook')
 3 [internal function]: CodeIgniter\Autoloader\Autoloader->loadClass('App\\Controllers\\cbook')
 4 SYSTEMPATH\CodeIgniter.php(875): class_exists('\\App\\Controllers\\cbook', true)
 5 SYSTEMPATH\CodeIgniter.php(467): CodeIgniter\CodeIgniter->startController()
 6 SYSTEMPATH\CodeIgniter.php(349): CodeIgniter\CodeIgniter->handleRequest(null, Object(Config\Cache), false)
 7 FCPATH\index.php(67): CodeIgniter\CodeIgniter->run()
CRITICAL - 2023-03-24 01:16:08 --> syntax error, unexpected variable "$bookm", expecting "function" or "const"
in APPPATH\Controllers\Cbook.php on line 15.
 1 SYSTEMPATH\Autoloader\Autoloader.php(260): CodeIgniter\Autoloader\Autoloader->includeFile('APPPATH\\Controllers\\Cbook.php')
 2 SYSTEMPATH\Autoloader\Autoloader.php(238): CodeIgniter\Autoloader\Autoloader->loadInNamespace('App\\Controllers\\cbook')
 3 [internal function]: CodeIgniter\Autoloader\Autoloader->loadClass('App\\Controllers\\cbook')
 4 SYSTEMPATH\CodeIgniter.php(875): class_exists('\\App\\Controllers\\cbook', true)
 5 SYSTEMPATH\CodeIgniter.php(467): CodeIgniter\CodeIgniter->startController()
 6 SYSTEMPATH\CodeIgniter.php(349): CodeIgniter\CodeIgniter->handleRequest(null, Object(Config\Cache), false)
 7 FCPATH\index.php(67): CodeIgniter\CodeIgniter->run()
CRITICAL - 2023-03-24 01:16:09 --> syntax error, unexpected variable "$bookm", expecting "function" or "const"
in APPPATH\Controllers\Cbook.php on line 15.
 1 SYSTEMPATH\Autoloader\Autoloader.php(260): CodeIgniter\Autoloader\Autoloader->includeFile('APPPATH\\Controllers\\Cbook.php')
 2 SYSTEMPATH\Autoloader\Autoloader.php(238): CodeIgniter\Autoloader\Autoloader->loadInNamespace('App\\Controllers\\cbook')
 3 [internal function]: CodeIgniter\Autoloader\Autoloader->loadClass('App\\Controllers\\cbook')
 4 SYSTEMPATH\CodeIgniter.php(875): class_exists('\\App\\Controllers\\cbook', true)
 5 SYSTEMPATH\CodeIgniter.php(467): CodeIgniter\CodeIgniter->startController()
 6 SYSTEMPATH\CodeIgniter.php(349): CodeIgniter\CodeIgniter->handleRequest(null, Object(Config\Cache), false)
 7 FCPATH\index.php(67): CodeIgniter\CodeIgniter->run()
CRITICAL - 2023-03-24 01:16:09 --> syntax error, unexpected variable "$bookm", expecting "function" or "const"
in APPPATH\Controllers\Cbook.php on line 15.
 1 SYSTEMPATH\Autoloader\Autoloader.php(260): CodeIgniter\Autoloader\Autoloader->includeFile('APPPATH\\Controllers\\Cbook.php')
 2 SYSTEMPATH\Autoloader\Autoloader.php(238): CodeIgniter\Autoloader\Autoloader->loadInNamespace('App\\Controllers\\cbook')
 3 [internal function]: CodeIgniter\Autoloader\Autoloader->loadClass('App\\Controllers\\cbook')
 4 SYSTEMPATH\CodeIgniter.php(875): class_exists('\\App\\Controllers\\cbook', true)
 5 SYSTEMPATH\CodeIgniter.php(467): CodeIgniter\CodeIgniter->startController()
 6 SYSTEMPATH\CodeIgniter.php(349): CodeIgniter\CodeIgniter->handleRequest(null, Object(Config\Cache), false)
 7 FCPATH\index.php(67): CodeIgniter\CodeIgniter->run()
CRITICAL - 2023-03-24 01:16:09 --> syntax error, unexpected variable "$bookm", expecting "function" or "const"
in APPPATH\Controllers\Cbook.php on line 15.
 1 SYSTEMPATH\Autoloader\Autoloader.php(260): CodeIgniter\Autoloader\Autoloader->includeFile('APPPATH\\Controllers\\Cbook.php')
 2 SYSTEMPATH\Autoloader\Autoloader.php(238): CodeIgniter\Autoloader\Autoloader->loadInNamespace('App\\Controllers\\cbook')
 3 [internal function]: CodeIgniter\Autoloader\Autoloader->loadClass('App\\Controllers\\cbook')
 4 SYSTEMPATH\CodeIgniter.php(875): class_exists('\\App\\Controllers\\cbook', true)
 5 SYSTEMPATH\CodeIgniter.php(467): CodeIgniter\CodeIgniter->startController()
 6 SYSTEMPATH\CodeIgniter.php(349): CodeIgniter\CodeIgniter->handleRequest(null, Object(Config\Cache), false)
 7 FCPATH\index.php(67): CodeIgniter\CodeIgniter->run()
CRITICAL - 2023-03-24 01:16:22 --> syntax error, unexpected variable "$bookm", expecting "function" or "const"
in APPPATH\Controllers\Cbook.php on line 15.
 1 SYSTEMPATH\Autoloader\Autoloader.php(260): CodeIgniter\Autoloader\Autoloader->includeFile('APPPATH\\Controllers\\Cbook.php')
 2 SYSTEMPATH\Autoloader\Autoloader.php(238): CodeIgniter\Autoloader\Autoloader->loadInNamespace('App\\Controllers\\cbook')
 3 [internal function]: CodeIgniter\Autoloader\Autoloader->loadClass('App\\Controllers\\cbook')
 4 SYSTEMPATH\CodeIgniter.php(875): class_exists('\\App\\Controllers\\cbook', true)
 5 SYSTEMPATH\CodeIgniter.php(467): CodeIgniter\CodeIgniter->startController()
 6 SYSTEMPATH\CodeIgniter.php(349): CodeIgniter\CodeIgniter->handleRequest(null, Object(Config\Cache), false)
 7 FCPATH\index.php(67): CodeIgniter\CodeIgniter->run()
CRITICAL - 2023-03-24 01:21:13 --> syntax error, unexpected variable "$bookappointments", expecting "function" or "const"
in APPPATH\Controllers\Cbook.php on line 16.
 1 SYSTEMPATH\Autoloader\Autoloader.php(260): CodeIgniter\Autoloader\Autoloader->includeFile('APPPATH\\Controllers\\Cbook.php')
 2 SYSTEMPATH\Autoloader\Autoloader.php(238): CodeIgniter\Autoloader\Autoloader->loadInNamespace('App\\Controllers\\cbook')
 3 [internal function]: CodeIgniter\Autoloader\Autoloader->loadClass('App\\Controllers\\cbook')
 4 SYSTEMPATH\CodeIgniter.php(875): class_exists('\\App\\Controllers\\cbook', true)
 5 SYSTEMPATH\CodeIgniter.php(467): CodeIgniter\CodeIgniter->startController()
 6 SYSTEMPATH\CodeIgniter.php(349): CodeIgniter\CodeIgniter->handleRequest(null, Object(Config\Cache), false)
 7 FCPATH\index.php(67): CodeIgniter\CodeIgniter->run()
CRITICAL - 2023-03-24 01:21:14 --> syntax error, unexpected variable "$bookappointments", expecting "function" or "const"
in APPPATH\Controllers\Cbook.php on line 16.
 1 SYSTEMPATH\Autoloader\Autoloader.php(260): CodeIgniter\Autoloader\Autoloader->includeFile('APPPATH\\Controllers\\Cbook.php')
 2 SYSTEMPATH\Autoloader\Autoloader.php(238): CodeIgniter\Autoloader\Autoloader->loadInNamespace('App\\Controllers\\cbook')
 3 [internal function]: CodeIgniter\Autoloader\Autoloader->loadClass('App\\Controllers\\cbook')
 4 SYSTEMPATH\CodeIgniter.php(875): class_exists('\\App\\Controllers\\cbook', true)
 5 SYSTEMPATH\CodeIgniter.php(467): CodeIgniter\CodeIgniter->startController()
 6 SYSTEMPATH\CodeIgniter.php(349): CodeIgniter\CodeIgniter->handleRequest(null, Object(Config\Cache), false)
 7 FCPATH\index.php(67): CodeIgniter\CodeIgniter->run()
CRITICAL - 2023-03-24 01:24:51 --> Undefined variable $court
in APPPATH\Controllers\Cbook.php on line 114.
 1 APPPATH\Controllers\Cbook.php(114): CodeIgniter\Debug\Exceptions->errorHandler(2, 'Undefined variable $court', 'APPPATH\\Controllers\\Cbook.php', 114)
 2 SYSTEMPATH\CodeIgniter.php(925): App\Controllers\Cbook->store()
 3 SYSTEMPATH\CodeIgniter.php(480): CodeIgniter\CodeIgniter->runController(Object(App\Controllers\Cbook))
 4 SYSTEMPATH\CodeIgniter.php(349): CodeIgniter\CodeIgniter->handleRequest(null, Object(Config\Cache), false)
 5 FCPATH\index.php(67): CodeIgniter\CodeIgniter->run()
CRITICAL - 2023-03-24 01:26:08 --> Undefined variable $date
in APPPATH\Controllers\Cbook.php on line 114.
 1 APPPATH\Controllers\Cbook.php(114): CodeIgniter\Debug\Exceptions->errorHandler(2, 'Undefined variable $date', 'APPPATH\\Controllers\\Cbook.php', 114)
 2 SYSTEMPATH\CodeIgniter.php(925): App\Controllers\Cbook->store()
 3 SYSTEMPATH\CodeIgniter.php(480): CodeIgniter\CodeIgniter->runController(Object(App\Controllers\Cbook))
 4 SYSTEMPATH\CodeIgniter.php(349): CodeIgniter\CodeIgniter->handleRequest(null, Object(Config\Cache), false)
 5 FCPATH\index.php(67): CodeIgniter\CodeIgniter->run()
CRITICAL - 2023-03-24 03:27:49 --> Undefined variable $court
in APPPATH\Controllers\Cbook.php on line 114.
 1 APPPATH\Controllers\Cbook.php(114): CodeIgniter\Debug\Exceptions->errorHandler(2, 'Undefined variable $court', 'APPPATH\\Controllers\\Cbook.php', 114)
 2 SYSTEMPATH\CodeIgniter.php(925): App\Controllers\Cbook->store()
 3 SYSTEMPATH\CodeIgniter.php(480): CodeIgniter\CodeIgniter->runController(Object(App\Controllers\Cbook))
 4 SYSTEMPATH\CodeIgniter.php(349): CodeIgniter\CodeIgniter->handleRequest(null, Object(Config\Cache), false)
 5 FCPATH\index.php(67): CodeIgniter\CodeIgniter->run()
CRITICAL - 2023-03-24 04:10:23 --> Undefined variable $court
in APPPATH\Controllers\Cbook.php on line 108.
 1 APPPATH\Controllers\Cbook.php(108): CodeIgniter\Debug\Exceptions->errorHandler(2, 'Undefined variable $court', 'APPPATH\\Controllers\\Cbook.php', 108)
 2 SYSTEMPATH\CodeIgniter.php(925): App\Controllers\Cbook->store()
 3 SYSTEMPATH\CodeIgniter.php(480): CodeIgniter\CodeIgniter->runController(Object(App\Controllers\Cbook))
 4 SYSTEMPATH\CodeIgniter.php(349): CodeIgniter\CodeIgniter->handleRequest(null, Object(Config\Cache), false)
 5 FCPATH\index.php(67): CodeIgniter\CodeIgniter->run()
CRITICAL - 2023-03-24 04:42:52 --> syntax error, unexpected token "<"
in APPPATH\Controllers\Cbook.php on line 113.
 1 SYSTEMPATH\Autoloader\Autoloader.php(260): CodeIgniter\Autoloader\Autoloader->includeFile('APPPATH\\Controllers\\Cbook.php')
 2 SYSTEMPATH\Autoloader\Autoloader.php(238): CodeIgniter\Autoloader\Autoloader->loadInNamespace('App\\Controllers\\cbook')
 3 [internal function]: CodeIgniter\Autoloader\Autoloader->loadClass('App\\Controllers\\cbook')
 4 SYSTEMPATH\CodeIgniter.php(875): class_exists('\\App\\Controllers\\cbook', true)
 5 SYSTEMPATH\CodeIgniter.php(467): CodeIgniter\CodeIgniter->startController()
 6 SYSTEMPATH\CodeIgniter.php(349): CodeIgniter\CodeIgniter->handleRequest(null, Object(Config\Cache), false)
 7 FCPATH\index.php(67): CodeIgniter\CodeIgniter->run()
CRITICAL - 2023-03-24 04:42:54 --> syntax error, unexpected token "<"
in APPPATH\Controllers\Cbook.php on line 113.
 1 SYSTEMPATH\Autoloader\Autoloader.php(260): CodeIgniter\Autoloader\Autoloader->includeFile('APPPATH\\Controllers\\Cbook.php')
 2 SYSTEMPATH\Autoloader\Autoloader.php(238): CodeIgniter\Autoloader\Autoloader->loadInNamespace('App\\Controllers\\cbook')
 3 [internal function]: CodeIgniter\Autoloader\Autoloader->loadClass('App\\Controllers\\cbook')
 4 SYSTEMPATH\CodeIgniter.php(875): class_exists('\\App\\Controllers\\cbook', true)
 5 SYSTEMPATH\CodeIgniter.php(467): CodeIgniter\CodeIgniter->startController()
 6 SYSTEMPATH\CodeIgniter.php(349): CodeIgniter\CodeIgniter->handleRequest(null, Object(Config\Cache), false)
 7 FCPATH\index.php(67): CodeIgniter\CodeIgniter->run()
CRITICAL - 2023-03-24 04:42:55 --> syntax error, unexpected token "<"
in APPPATH\Controllers\Cbook.php on line 113.
 1 SYSTEMPATH\Autoloader\Autoloader.php(260): CodeIgniter\Autoloader\Autoloader->includeFile('APPPATH\\Controllers\\Cbook.php')
 2 SYSTEMPATH\Autoloader\Autoloader.php(238): CodeIgniter\Autoloader\Autoloader->loadInNamespace('App\\Controllers\\cbook')
 3 [internal function]: CodeIgniter\Autoloader\Autoloader->loadClass('App\\Controllers\\cbook')
 4 SYSTEMPATH\CodeIgniter.php(875): class_exists('\\App\\Controllers\\cbook', true)
 5 SYSTEMPATH\CodeIgniter.php(467): CodeIgniter\CodeIgniter->startController()
 6 SYSTEMPATH\CodeIgniter.php(349): CodeIgniter\CodeIgniter->handleRequest(null, Object(Config\Cache), false)
 7 FCPATH\index.php(67): CodeIgniter\CodeIgniter->run()
CRITICAL - 2023-03-24 04:42:56 --> syntax error, unexpected token "<"
in APPPATH\Controllers\Cbook.php on line 113.
 1 SYSTEMPATH\Autoloader\Autoloader.php(260): CodeIgniter\Autoloader\Autoloader->includeFile('APPPATH\\Controllers\\Cbook.php')
 2 SYSTEMPATH\Autoloader\Autoloader.php(238): CodeIgniter\Autoloader\Autoloader->loadInNamespace('App\\Controllers\\cbook')
 3 [internal function]: CodeIgniter\Autoloader\Autoloader->loadClass('App\\Controllers\\cbook')
 4 SYSTEMPATH\CodeIgniter.php(875): class_exists('\\App\\Controllers\\cbook', true)
 5 SYSTEMPATH\CodeIgniter.php(467): CodeIgniter\CodeIgniter->startController()
 6 SYSTEMPATH\CodeIgniter.php(349): CodeIgniter\CodeIgniter->handleRequest(null, Object(Config\Cache), false)
 7 FCPATH\index.php(67): CodeIgniter\CodeIgniter->run()
CRITICAL - 2023-03-24 04:42:56 --> syntax error, unexpected token "<"
in APPPATH\Controllers\Cbook.php on line 113.
 1 SYSTEMPATH\Autoloader\Autoloader.php(260): CodeIgniter\Autoloader\Autoloader->includeFile('APPPATH\\Controllers\\Cbook.php')
 2 SYSTEMPATH\Autoloader\Autoloader.php(238): CodeIgniter\Autoloader\Autoloader->loadInNamespace('App\\Controllers\\cbook')
 3 [internal function]: CodeIgniter\Autoloader\Autoloader->loadClass('App\\Controllers\\cbook')
 4 SYSTEMPATH\CodeIgniter.php(875): class_exists('\\App\\Controllers\\cbook', true)
 5 SYSTEMPATH\CodeIgniter.php(467): CodeIgniter\CodeIgniter->startController()
 6 SYSTEMPATH\CodeIgniter.php(349): CodeIgniter\CodeIgniter->handleRequest(null, Object(Config\Cache), false)
 7 FCPATH\index.php(67): CodeIgniter\CodeIgniter->run()
CRITICAL - 2023-03-24 04:44:53 --> Undefined variable $court
in APPPATH\Controllers\Cbook.php on line 112.
 1 APPPATH\Controllers\Cbook.php(112): CodeIgniter\Debug\Exceptions->errorHandler(2, 'Undefined variable $court', 'APPPATH\\Controllers\\Cbook.php', 112)
 2 SYSTEMPATH\CodeIgniter.php(925): App\Controllers\Cbook->store()
 3 SYSTEMPATH\CodeIgniter.php(480): CodeIgniter\CodeIgniter->runController(Object(App\Controllers\Cbook))
 4 SYSTEMPATH\CodeIgniter.php(349): CodeIgniter\CodeIgniter->handleRequest(null, Object(Config\Cache), false)
 5 FCPATH\index.php(67): CodeIgniter\CodeIgniter->run()
CRITICAL - 2023-03-24 05:03:22 --> Undefined variable $court
in APPPATH\Views\cbook.php on line 232.
 1 APPPATH\Views\cbook.php(232): CodeIgniter\Debug\Exceptions->errorHandler(2, 'Undefined variable $court', 'APPPATH\\Views\\cbook.php', 232)
 2 SYSTEMPATH\View\View.php(213): include('APPPATH\\Views\\cbook.php')
 3 SYSTEMPATH\View\View.php(216): CodeIgniter\View\View->CodeIgniter\View\{closure}()
 4 SYSTEMPATH\Common.php(1135): CodeIgniter\View\View->render('cbook', [], true)
 5 APPPATH\Controllers\Cbook.php(25): view('cbook')
 6 SYSTEMPATH\CodeIgniter.php(925): App\Controllers\Cbook->cbook()
 7 SYSTEMPATH\CodeIgniter.php(480): CodeIgniter\CodeIgniter->runController(Object(App\Controllers\Cbook))
 8 SYSTEMPATH\CodeIgniter.php(349): CodeIgniter\CodeIgniter->handleRequest(null, Object(Config\Cache), false)
 9 FCPATH\index.php(67): CodeIgniter\CodeIgniter->run()
CRITICAL - 2023-03-24 05:03:26 --> Undefined variable $court
in APPPATH\Views\cbook.php on line 232.
 1 APPPATH\Views\cbook.php(232): CodeIgniter\Debug\Exceptions->errorHandler(2, 'Undefined variable $court', 'APPPATH\\Views\\cbook.php', 232)
 2 SYSTEMPATH\View\View.php(213): include('APPPATH\\Views\\cbook.php')
 3 SYSTEMPATH\View\View.php(216): CodeIgniter\View\View->CodeIgniter\View\{closure}()
 4 SYSTEMPATH\Common.php(1135): CodeIgniter\View\View->render('cbook', [], true)
 5 APPPATH\Controllers\Cbook.php(25): view('cbook')
 6 SYSTEMPATH\CodeIgniter.php(925): App\Controllers\Cbook->cbook()
 7 SYSTEMPATH\CodeIgniter.php(480): CodeIgniter\CodeIgniter->runController(Object(App\Controllers\Cbook))
 8 SYSTEMPATH\CodeIgniter.php(349): CodeIgniter\CodeIgniter->handleRequest(null, Object(Config\Cache), false)
 9 FCPATH\index.php(67): CodeIgniter\CodeIgniter->run()
CRITICAL - 2023-03-24 05:03:27 --> Undefined variable $court
in APPPATH\Views\cbook.php on line 232.
 1 APPPATH\Views\cbook.php(232): CodeIgniter\Debug\Exceptions->errorHandler(2, 'Undefined variable $court', 'APPPATH\\Views\\cbook.php', 232)
 2 SYSTEMPATH\View\View.php(213): include('APPPATH\\Views\\cbook.php')
 3 SYSTEMPATH\View\View.php(216): CodeIgniter\View\View->CodeIgniter\View\{closure}()
 4 SYSTEMPATH\Common.php(1135): CodeIgniter\View\View->render('cbook', [], true)
 5 APPPATH\Controllers\Cbook.php(25): view('cbook')
 6 SYSTEMPATH\CodeIgniter.php(925): App\Controllers\Cbook->cbook()
 7 SYSTEMPATH\CodeIgniter.php(480): CodeIgniter\CodeIgniter->runController(Object(App\Controllers\Cbook))
 8 SYSTEMPATH\CodeIgniter.php(349): CodeIgniter\CodeIgniter->handleRequest(null, Object(Config\Cache), false)
 9 FCPATH\index.php(67): CodeIgniter\CodeIgniter->run()
CRITICAL - 2023-03-24 05:03:28 --> Undefined variable $court
in APPPATH\Views\cbook.php on line 232.
 1 APPPATH\Views\cbook.php(232): CodeIgniter\Debug\Exceptions->errorHandler(2, 'Undefined variable $court', 'APPPATH\\Views\\cbook.php', 232)
 2 SYSTEMPATH\View\View.php(213): include('APPPATH\\Views\\cbook.php')
 3 SYSTEMPATH\View\View.php(216): CodeIgniter\View\View->CodeIgniter\View\{closure}()
 4 SYSTEMPATH\Common.php(1135): CodeIgniter\View\View->render('cbook', [], true)
 5 APPPATH\Controllers\Cbook.php(25): view('cbook')
 6 SYSTEMPATH\CodeIgniter.php(925): App\Controllers\Cbook->cbook()
 7 SYSTEMPATH\CodeIgniter.php(480): CodeIgniter\CodeIgniter->runController(Object(App\Controllers\Cbook))
 8 SYSTEMPATH\CodeIgniter.php(349): CodeIgniter\CodeIgniter->handleRequest(null, Object(Config\Cache), false)
 9 FCPATH\index.php(67): CodeIgniter\CodeIgniter->run()
CRITICAL - 2023-03-24 05:04:32 --> Undefined variable $court
in APPPATH\Controllers\Cbook.php on line 37.
 1 APPPATH\Controllers\Cbook.php(37): CodeIgniter\Debug\Exceptions->errorHandler(2, 'Undefined variable $court', 'APPPATH\\Controllers\\Cbook.php', 37)
 2 SYSTEMPATH\CodeIgniter.php(925): App\Controllers\Cbook->store()
 3 SYSTEMPATH\CodeIgniter.php(480): CodeIgniter\CodeIgniter->runController(Object(App\Controllers\Cbook))
 4 SYSTEMPATH\CodeIgniter.php(349): CodeIgniter\CodeIgniter->handleRequest(null, Object(Config\Cache), false)
 5 FCPATH\index.php(67): CodeIgniter\CodeIgniter->run()
CRITICAL - 2023-03-24 05:06:05 --> Undefined variable $court
in APPPATH\Controllers\Cbook.php on line 37.
 1 APPPATH\Controllers\Cbook.php(37): CodeIgniter\Debug\Exceptions->errorHandler(2, 'Undefined variable $court', 'APPPATH\\Controllers\\Cbook.php', 37)
 2 SYSTEMPATH\CodeIgniter.php(925): App\Controllers\Cbook->store()
 3 SYSTEMPATH\CodeIgniter.php(480): CodeIgniter\CodeIgniter->runController(Object(App\Controllers\Cbook))
 4 SYSTEMPATH\CodeIgniter.php(349): CodeIgniter\CodeIgniter->handleRequest(null, Object(Config\Cache), false)
 5 FCPATH\index.php(67): CodeIgniter\CodeIgniter->run()
CRITICAL - 2023-03-24 05:06:33 --> Undefined variable $court
in APPPATH\Controllers\Cbook.php on line 37.
 1 APPPATH\Controllers\Cbook.php(37): CodeIgniter\Debug\Exceptions->errorHandler(2, 'Undefined variable $court', 'APPPATH\\Controllers\\Cbook.php', 37)
 2 SYSTEMPATH\CodeIgniter.php(925): App\Controllers\Cbook->store()
 3 SYSTEMPATH\CodeIgniter.php(480): CodeIgniter\CodeIgniter->runController(Object(App\Controllers\Cbook))
 4 SYSTEMPATH\CodeIgniter.php(349): CodeIgniter\CodeIgniter->handleRequest(null, Object(Config\Cache), false)
 5 FCPATH\index.php(67): CodeIgniter\CodeIgniter->run()
CRITICAL - 2023-03-24 05:08:30 --> Undefined variable $court
in APPPATH\Controllers\Cbook.php on line 37.
 1 APPPATH\Controllers\Cbook.php(37): CodeIgniter\Debug\Exceptions->errorHandler(2, 'Undefined variable $court', 'APPPATH\\Controllers\\Cbook.php', 37)
 2 SYSTEMPATH\CodeIgniter.php(925): App\Controllers\Cbook->store()
 3 SYSTEMPATH\CodeIgniter.php(480): CodeIgniter\CodeIgniter->runController(Object(App\Controllers\Cbook))
 4 SYSTEMPATH\CodeIgniter.php(349): CodeIgniter\CodeIgniter->handleRequest(null, Object(Config\Cache), false)
 5 FCPATH\index.php(67): CodeIgniter\CodeIgniter->run()
CRITICAL - 2023-03-24 05:09:52 --> Undefined variable $court
in APPPATH\Controllers\Cbook.php on line 112.
 1 APPPATH\Controllers\Cbook.php(112): CodeIgniter\Debug\Exceptions->errorHandler(2, 'Undefined variable $court', 'APPPATH\\Controllers\\Cbook.php', 112)
 2 SYSTEMPATH\CodeIgniter.php(925): App\Controllers\Cbook->store()
 3 SYSTEMPATH\CodeIgniter.php(480): CodeIgniter\CodeIgniter->runController(Object(App\Controllers\Cbook))
 4 SYSTEMPATH\CodeIgniter.php(349): CodeIgniter\CodeIgniter->handleRequest(null, Object(Config\Cache), false)
 5 FCPATH\index.php(67): CodeIgniter\CodeIgniter->run()
ERROR - 2023-03-24 05:55:50 --> mysqli_sql_exception: Column 'slot' cannot be null in C:\xampp\htdocs\booking\system\Database\MySQLi\Connection.php:292
Stack trace:
#0 C:\xampp\htdocs\booking\system\Database\MySQLi\Connection.php(292): mysqli->query('INSERT INTO `bo...', 0)
#1 C:\xampp\htdocs\booking\system\Database\BaseConnection.php(666): CodeIgniter\Database\MySQLi\Connection->execute('INSERT INTO `bo...')
#2 C:\xampp\htdocs\booking\system\Database\BaseConnection.php(593): CodeIgniter\Database\BaseConnection->simpleQuery('INSERT INTO `bo...')
#3 C:\xampp\htdocs\booking\system\Database\BaseBuilder.php(1916): CodeIgniter\Database\BaseConnection->query('INSERT INTO `bo...', Array, false)
#4 C:\xampp\htdocs\booking\system\Model.php(303): CodeIgniter\Database\BaseBuilder->insert()
#5 C:\xampp\htdocs\booking\system\BaseModel.php(750): CodeIgniter\Model->doInsert(Array)
#6 C:\xampp\htdocs\booking\system\Model.php(695): CodeIgniter\BaseModel->insert(Array, false)
#7 C:\xampp\htdocs\booking\system\BaseModel.php(660): CodeIgniter\Model->insert(Array, false)
#8 C:\xampp\htdocs\booking\app\Controllers\Book.php(44): CodeIgniter\BaseModel->save(Array)
#9 C:\xampp\htdocs\booking\system\CodeIgniter.php(925): App\Controllers\Book->store()
#10 C:\xampp\htdocs\booking\system\CodeIgniter.php(480): CodeIgniter\CodeIgniter->runController(Object(App\Controllers\Book))
#11 C:\xampp\htdocs\booking\system\CodeIgniter.php(349): CodeIgniter\CodeIgniter->handleRequest(NULL, Object(Config\Cache), false)
#12 C:\xampp\htdocs\booking\public\index.php(67): CodeIgniter\CodeIgniter->run()
#13 {main}
