CRITICAL - 2023-02-08 05:59:02 --> valid_name is not a valid rule.
in SYSTEMPATH\Validation\Validation.php on line 323.
 1 SYSTEMPATH\Validation\Validation.php(323): CodeIgniter\Validation\Exceptions\ValidationException::forRuleNotFound('valid_name')
 2 SYSTEMPATH\Validation\Validation.php(175): CodeIgniter\Validation\Validation->processRules('name', 'name', 'john', [...], [...])
 3 SYSTEMPATH\Controller.php(140): CodeIgniter\Validation\Validation->run()
 4 APPPATH\Controllers\Contacts.php(20): CodeIgniter\Controller->validate([...])
 5 SYSTEMPATH\CodeIgniter.php(925): App\Controllers\Contacts->message()
 6 SYSTEMPATH\CodeIgniter.php(480): CodeIgniter\CodeIgniter->runController(Object(App\Controllers\Contacts))
 7 SYSTEMPATH\CodeIgniter.php(349): CodeIgniter\CodeIgniter->handleRequest(null, Object(Config\Cache), false)
 8 FCPATH\index.php(67): CodeIgniter\CodeIgniter->run()
ERROR - 2023-02-08 06:05:05 --> Error connecting to the database: mysqli_sql_exception: Access denied for user ''@'localhost' (using password: NO) in C:\xampp\htdocs\booking\system\Database\MySQLi\Connection.php:170
Stack trace:
#0 C:\xampp\htdocs\booking\system\Database\MySQLi\Connection.php(170): mysqli->real_connect('localhost', '', Object(SensitiveParameterValue), '', 3306, '', 0)
#1 C:\xampp\htdocs\booking\system\Database\BaseConnection.php(382): CodeIgniter\Database\MySQLi\Connection->connect(false)
#2 C:\xampp\htdocs\booking\system\Database\BaseConnection.php(561): CodeIgniter\Database\BaseConnection->initialize()
#3 C:\xampp\htdocs\booking\system\Database\BaseBuilder.php(1916): CodeIgniter\Database\BaseConnection->query('INSERT INTO `co...', Array, false)
#4 C:\xampp\htdocs\booking\system\Model.php(303): CodeIgniter\Database\BaseBuilder->insert()
#5 C:\xampp\htdocs\booking\system\BaseModel.php(750): CodeIgniter\Model->doInsert(Array)
#6 C:\xampp\htdocs\booking\system\Model.php(695): CodeIgniter\BaseModel->insert(Array, true)
#7 C:\xampp\htdocs\booking\app\Controllers\Contacts.php(63): CodeIgniter\Model->insert(Array)
#8 C:\xampp\htdocs\booking\system\CodeIgniter.php(925): App\Controllers\Contacts->message()
#9 C:\xampp\htdocs\booking\system\CodeIgniter.php(480): CodeIgniter\CodeIgniter->runController(Object(App\Controllers\Contacts))
#10 C:\xampp\htdocs\booking\system\CodeIgniter.php(349): CodeIgniter\CodeIgniter->handleRequest(NULL, Object(Config\Cache), false)
#11 C:\xampp\htdocs\booking\public\index.php(67): CodeIgniter\CodeIgniter->run()
#12 {main}

Next CodeIgniter\Database\Exceptions\DatabaseException: Access denied for user ''@'localhost' (using password: NO) in C:\xampp\htdocs\booking\system\Database\MySQLi\Connection.php:215
Stack trace:
#0 C:\xampp\htdocs\booking\system\Database\BaseConnection.php(382): CodeIgniter\Database\MySQLi\Connection->connect(false)
#1 C:\xampp\htdocs\booking\system\Database\BaseConnection.php(561): CodeIgniter\Database\BaseConnection->initialize()
#2 C:\xampp\htdocs\booking\system\Database\BaseBuilder.php(1916): CodeIgniter\Database\BaseConnection->query('INSERT INTO `co...', Array, false)
#3 C:\xampp\htdocs\booking\system\Model.php(303): CodeIgniter\Database\BaseBuilder->insert()
#4 C:\xampp\htdocs\booking\system\BaseModel.php(750): CodeIgniter\Model->doInsert(Array)
#5 C:\xampp\htdocs\booking\system\Model.php(695): CodeIgniter\BaseModel->insert(Array, true)
#6 C:\xampp\htdocs\booking\app\Controllers\Contacts.php(63): CodeIgniter\Model->insert(Array)
#7 C:\xampp\htdocs\booking\system\CodeIgniter.php(925): App\Controllers\Contacts->message()
#8 C:\xampp\htdocs\booking\system\CodeIgniter.php(480): CodeIgniter\CodeIgniter->runController(Object(App\Controllers\Contacts))
#9 C:\xampp\htdocs\booking\system\CodeIgniter.php(349): CodeIgniter\CodeIgniter->handleRequest(NULL, Object(Config\Cache), false)
#10 C:\xampp\htdocs\booking\public\index.php(67): CodeIgniter\CodeIgniter->run()
#11 {main}
CRITICAL - 2023-02-08 06:05:05 --> Unable to connect to the database.
Main connection [MySQLi]: Access denied for user ''@'localhost' (using password: NO)
in SYSTEMPATH\Database\BaseConnection.php on line 418.
 1 SYSTEMPATH\Database\BaseConnection.php(561): CodeIgniter\Database\BaseConnection->initialize()
 2 SYSTEMPATH\Database\BaseBuilder.php(1916): CodeIgniter\Database\BaseConnection->query('INSERT INTO `contact` (`name`, `email`, `message`) VALUES (:name:, :email:, :message:)', [...], false)
 3 SYSTEMPATH\Model.php(303): CodeIgniter\Database\BaseBuilder->insert()
 4 SYSTEMPATH\BaseModel.php(750): CodeIgniter\Model->doInsert([...])
 5 SYSTEMPATH\Model.php(695): CodeIgniter\BaseModel->insert([...], true)
 6 APPPATH\Controllers\Contacts.php(63): CodeIgniter\Model->insert([...])
 7 SYSTEMPATH\CodeIgniter.php(925): App\Controllers\Contacts->message()
 8 SYSTEMPATH\CodeIgniter.php(480): CodeIgniter\CodeIgniter->runController(Object(App\Controllers\Contacts))
 9 SYSTEMPATH\CodeIgniter.php(349): CodeIgniter\CodeIgniter->handleRequest(null, Object(Config\Cache), false)
10 FCPATH\index.php(67): CodeIgniter\CodeIgniter->run()
