ERROR - 2023-04-26 01:08:27 --> Email: sendWithSmtp throwed ErrorException: fsockopen(): php_network_getaddresses: getaddrinfo failed: No such host is known.  in C:\xampp\htdocs\booking\system\Email\Email.php:1864
Stack trace:
#0 [internal function]: CodeIgniter\Debug\Exceptions->errorHandler(2, 'fsockopen(): ph...', 'C:\\xampp\\htdocs...', 1864)
#1 C:\xampp\htdocs\booking\system\Email\Email.php(1864): fsockopen('smtp.gmail.com', 587, NULL, NULL, 60)
#2 C:\xampp\htdocs\booking\system\Email\Email.php(1778): CodeIgniter\Email\Email->SMTPConnect()
#3 C:\xampp\htdocs\booking\system\Email\Email.php(1663): CodeIgniter\Email\Email->sendWithSmtp()
#4 C:\xampp\htdocs\booking\system\Email\Email.php(1561): CodeIgniter\Email\Email->spoolEmail()
#5 C:\xampp\htdocs\booking\app\Controllers\Cbook.php(107): CodeIgniter\Email\Email->send()
#6 C:\xampp\htdocs\booking\system\CodeIgniter.php(925): App\Controllers\Cbook->store()
#7 C:\xampp\htdocs\booking\system\CodeIgniter.php(480): CodeIgniter\CodeIgniter->runController(Object(App\Controllers\Cbook))
#8 C:\xampp\htdocs\booking\system\CodeIgniter.php(349): CodeIgniter\CodeIgniter->handleRequest(NULL, Object(Config\Cache), false)
#9 C:\xampp\htdocs\booking\public\index.php(67): CodeIgniter\CodeIgniter->run()
#10 {main}
ERROR - 2023-04-26 01:08:27 --> Email: Unable to send email using SMTP. Your server might not be configured to send mail using this method.
ERROR - 2023-04-26 01:08:27 --> 
ERROR - 2023-04-26 01:14:46 --> mysqli_sql_exception: Column 'slot' cannot be null in C:\xampp\htdocs\booking\system\Database\MySQLi\Connection.php:292
Stack trace:
#0 C:\xampp\htdocs\booking\system\Database\MySQLi\Connection.php(292): mysqli->query('INSERT INTO `bo...', 0)
#1 C:\xampp\htdocs\booking\system\Database\BaseConnection.php(666): CodeIgniter\Database\MySQLi\Connection->execute('INSERT INTO `bo...')
#2 C:\xampp\htdocs\booking\system\Database\BaseConnection.php(593): CodeIgniter\Database\BaseConnection->simpleQuery('INSERT INTO `bo...')
#3 C:\xampp\htdocs\booking\system\Database\BaseBuilder.php(1916): CodeIgniter\Database\BaseConnection->query('INSERT INTO `bo...', Array, false)
#4 C:\xampp\htdocs\booking\system\Model.php(303): CodeIgniter\Database\BaseBuilder->insert()
#5 C:\xampp\htdocs\booking\system\BaseModel.php(750): CodeIgniter\Model->doInsert(Array)
#6 C:\xampp\htdocs\booking\system\Model.php(695): CodeIgniter\BaseModel->insert(Array, false)
#7 C:\xampp\htdocs\booking\system\BaseModel.php(660): CodeIgniter\Model->insert(Array, false)
#8 C:\xampp\htdocs\booking\app\Controllers\Book.php(44): CodeIgniter\BaseModel->save(Array)
#9 C:\xampp\htdocs\booking\system\CodeIgniter.php(925): App\Controllers\Book->store()
#10 C:\xampp\htdocs\booking\system\CodeIgniter.php(480): CodeIgniter\CodeIgniter->runController(Object(App\Controllers\Book))
#11 C:\xampp\htdocs\booking\system\CodeIgniter.php(349): CodeIgniter\CodeIgniter->handleRequest(NULL, Object(Config\Cache), false)
#12 C:\xampp\htdocs\booking\public\index.php(67): CodeIgniter\CodeIgniter->run()
#13 {main}
