CRITICAL - 2023-02-19 21:00:38 --> Invalid file: user/login.php
in SYSTEMPATH\Exceptions\FrameworkException.php on line 33.
 1 SYSTEMPATH\View\View.php(201): CodeIgniter\Exceptions\FrameworkException::forInvalidFile('user/login.php')
 2 SYSTEMPATH\Common.php(1135): CodeIgniter\View\View->render('user/login', [], true)
 3 APPPATH\Controllers\Login.php(13): view('user/login')
 4 SYSTEMPATH\CodeIgniter.php(925): App\Controllers\login->index()
 5 SYSTEMPATH\CodeIgniter.php(480): CodeIgniter\CodeIgniter->runController(Object(App\Controllers\login))
 6 SYSTEMPATH\CodeIgniter.php(349): CodeIgniter\CodeIgniter->handleRequest(null, Object(Config\Cache), false)
 7 FCPATH\index.php(67): CodeIgniter\CodeIgniter->run()
CRITICAL - 2023-02-19 21:01:32 --> Invalid file: common/gallery.php
in SYSTEMPATH\Exceptions\FrameworkException.php on line 33.
 1 SYSTEMPATH\View\View.php(201): CodeIgniter\Exceptions\FrameworkException::forInvalidFile('common/gallery.php')
 2 SYSTEMPATH\Common.php(1135): CodeIgniter\View\View->render('common/gallery', [], true)
 3 APPPATH\Controllers\Login.php(15): view('common/gallery')
 4 SYSTEMPATH\CodeIgniter.php(925): App\Controllers\login->index()
 5 SYSTEMPATH\CodeIgniter.php(480): CodeIgniter\CodeIgniter->runController(Object(App\Controllers\login))
 6 SYSTEMPATH\CodeIgniter.php(349): CodeIgniter\CodeIgniter->handleRequest(null, Object(Config\Cache), false)
 7 FCPATH\index.php(67): CodeIgniter\CodeIgniter->run()
CRITICAL - 2023-02-19 21:03:24 --> Invalid file: common/gallery.php
in SYSTEMPATH\Exceptions\FrameworkException.php on line 33.
 1 SYSTEMPATH\View\View.php(201): CodeIgniter\Exceptions\FrameworkException::forInvalidFile('common/gallery.php')
 2 SYSTEMPATH\Common.php(1135): CodeIgniter\View\View->render('common/gallery', [], true)
 3 APPPATH\Controllers\Login.php(15): view('common/gallery')
 4 SYSTEMPATH\CodeIgniter.php(925): App\Controllers\login->index()
 5 SYSTEMPATH\CodeIgniter.php(480): CodeIgniter\CodeIgniter->runController(Object(App\Controllers\login))
 6 SYSTEMPATH\CodeIgniter.php(349): CodeIgniter\CodeIgniter->handleRequest(null, Object(Config\Cache), false)
 7 FCPATH\index.php(67): CodeIgniter\CodeIgniter->run()
CRITICAL - 2023-02-19 21:06:38 --> Invalid file: user/register.php
in SYSTEMPATH\Exceptions\FrameworkException.php on line 33.
 1 SYSTEMPATH\View\View.php(201): CodeIgniter\Exceptions\FrameworkException::forInvalidFile('user/register.php')
 2 SYSTEMPATH\Common.php(1135): CodeIgniter\View\View->render('user/register', [], true)
 3 APPPATH\Controllers\Register.php(14): view('user/register')
 4 SYSTEMPATH\CodeIgniter.php(925): App\Controllers\register->index()
 5 SYSTEMPATH\CodeIgniter.php(480): CodeIgniter\CodeIgniter->runController(Object(App\Controllers\register))
 6 SYSTEMPATH\CodeIgniter.php(349): CodeIgniter\CodeIgniter->handleRequest(null, Object(Config\Cache), false)
 7 FCPATH\index.php(67): CodeIgniter\CodeIgniter->run()
CRITICAL - 2023-02-19 21:12:23 --> Invalid file: common/gallery.php
in SYSTEMPATH\Exceptions\FrameworkException.php on line 33.
 1 SYSTEMPATH\View\View.php(201): CodeIgniter\Exceptions\FrameworkException::forInvalidFile('common/gallery.php')
 2 SYSTEMPATH\Common.php(1135): CodeIgniter\View\View->render('common/gallery', [], true)
 3 APPPATH\Controllers\Login.php(15): view('common/gallery')
 4 SYSTEMPATH\CodeIgniter.php(925): App\Controllers\login->index()
 5 SYSTEMPATH\CodeIgniter.php(480): CodeIgniter\CodeIgniter->runController(Object(App\Controllers\login))
 6 SYSTEMPATH\CodeIgniter.php(349): CodeIgniter\CodeIgniter->handleRequest(null, Object(Config\Cache), false)
 7 FCPATH\index.php(67): CodeIgniter\CodeIgniter->run()
CRITICAL - 2023-02-19 21:13:05 --> Invalid file: common/gallery.php
in SYSTEMPATH\Exceptions\FrameworkException.php on line 33.
 1 SYSTEMPATH\View\View.php(201): CodeIgniter\Exceptions\FrameworkException::forInvalidFile('common/gallery.php')
 2 SYSTEMPATH\Common.php(1135): CodeIgniter\View\View->render('common/gallery', [], true)
 3 APPPATH\Controllers\Login.php(15): view('common/gallery')
 4 SYSTEMPATH\CodeIgniter.php(925): App\Controllers\login->index()
 5 SYSTEMPATH\CodeIgniter.php(480): CodeIgniter\CodeIgniter->runController(Object(App\Controllers\login))
 6 SYSTEMPATH\CodeIgniter.php(349): CodeIgniter\CodeIgniter->handleRequest(null, Object(Config\Cache), false)
 7 FCPATH\index.php(67): CodeIgniter\CodeIgniter->run()
CRITICAL - 2023-02-19 21:13:08 --> Invalid file: common/gallery.php
in SYSTEMPATH\Exceptions\FrameworkException.php on line 33.
 1 SYSTEMPATH\View\View.php(201): CodeIgniter\Exceptions\FrameworkException::forInvalidFile('common/gallery.php')
 2 SYSTEMPATH\Common.php(1135): CodeIgniter\View\View->render('common/gallery', [], true)
 3 APPPATH\Controllers\Login.php(15): view('common/gallery')
 4 SYSTEMPATH\CodeIgniter.php(925): App\Controllers\login->index()
 5 SYSTEMPATH\CodeIgniter.php(480): CodeIgniter\CodeIgniter->runController(Object(App\Controllers\login))
 6 SYSTEMPATH\CodeIgniter.php(349): CodeIgniter\CodeIgniter->handleRequest(null, Object(Config\Cache), false)
 7 FCPATH\index.php(67): CodeIgniter\CodeIgniter->run()
CRITICAL - 2023-02-19 21:13:10 --> Invalid file: common/gallery.php
in SYSTEMPATH\Exceptions\FrameworkException.php on line 33.
 1 SYSTEMPATH\View\View.php(201): CodeIgniter\Exceptions\FrameworkException::forInvalidFile('common/gallery.php')
 2 SYSTEMPATH\Common.php(1135): CodeIgniter\View\View->render('common/gallery', [], true)
 3 APPPATH\Controllers\Login.php(15): view('common/gallery')
 4 SYSTEMPATH\CodeIgniter.php(925): App\Controllers\login->index()
 5 SYSTEMPATH\CodeIgniter.php(480): CodeIgniter\CodeIgniter->runController(Object(App\Controllers\login))
 6 SYSTEMPATH\CodeIgniter.php(349): CodeIgniter\CodeIgniter->handleRequest(null, Object(Config\Cache), false)
 7 FCPATH\index.php(67): CodeIgniter\CodeIgniter->run()
CRITICAL - 2023-02-19 21:13:12 --> Invalid file: common/gallery.php
in SYSTEMPATH\Exceptions\FrameworkException.php on line 33.
 1 SYSTEMPATH\View\View.php(201): CodeIgniter\Exceptions\FrameworkException::forInvalidFile('common/gallery.php')
 2 SYSTEMPATH\Common.php(1135): CodeIgniter\View\View->render('common/gallery', [], true)
 3 APPPATH\Controllers\Login.php(15): view('common/gallery')
 4 SYSTEMPATH\CodeIgniter.php(925): App\Controllers\login->index()
 5 SYSTEMPATH\CodeIgniter.php(480): CodeIgniter\CodeIgniter->runController(Object(App\Controllers\login))
 6 SYSTEMPATH\CodeIgniter.php(349): CodeIgniter\CodeIgniter->handleRequest(null, Object(Config\Cache), false)
 7 FCPATH\index.php(67): CodeIgniter\CodeIgniter->run()
