ERROR - 2023-03-06 09:52:37 --> Email: sendWithMail throwed ErrorException: mail(): Failed to connect to mailserver at &quot;localhost&quot; port 25, verify your &quot;SMTP&quot; and &quot;smtp_port&quot; setting in php.ini or use ini_set() in C:\xampp\htdocs\booking\system\Email\Email.php:1731
Stack trace:
#0 [internal function]: CodeIgniter\Debug\Exceptions->errorHandler(2, 'mail(): Failed ...', 'C:\\xampp\\htdocs...', 1731)
#1 C:\xampp\htdocs\booking\system\Email\Email.php(1731): mail('shweetharthy18@...', '=?UTF-8?Q?Booki...', 'Dear nivetha ku...', 'Date: Mon, 6 Ma...', '-f shweetharthy...')
#2 C:\xampp\htdocs\booking\system\Email\Email.php(1663): CodeIgniter\Email\Email->sendWithMail()
#3 C:\xampp\htdocs\booking\system\Email\Email.php(1561): CodeIgniter\Email\Email->spoolEmail()
#4 C:\xampp\htdocs\booking\app\Controllers\Cbook.php(91): CodeIgniter\Email\Email->send()
#5 C:\xampp\htdocs\booking\system\CodeIgniter.php(925): App\Controllers\Cbook->store()
#6 C:\xampp\htdocs\booking\system\CodeIgniter.php(480): CodeIgniter\CodeIgniter->runController(Object(App\Controllers\Cbook))
#7 C:\xampp\htdocs\booking\system\CodeIgniter.php(349): CodeIgniter\CodeIgniter->handleRequest(NULL, Object(Config\Cache), false)
#8 C:\xampp\htdocs\booking\public\index.php(67): CodeIgniter\CodeIgniter->run()
#9 {main}
ERROR - 2023-03-06 09:52:37 --> Email: Unable to send email using PHP mail(). Your server might not be configured to send mail using this method.
ERROR - 2023-03-06 09:52:37 --> 
CRITICAL - 2023-03-06 10:05:20 --> syntax error, unexpected single-quoted string "smpt.gmail.com", expecting "," or ";"
in APPPATH\Config\Email.php on line 50.
 1 SYSTEMPATH\Autoloader\Autoloader.php(260): CodeIgniter\Autoloader\Autoloader->includeFile('APPPATH\\Config\\Email.php')
 2 SYSTEMPATH\Autoloader\Autoloader.php(238): CodeIgniter\Autoloader\Autoloader->loadInNamespace('Config\\Email')
 3 [internal function]: CodeIgniter\Autoloader\Autoloader->loadClass('Config\\Email')
 4 SYSTEMPATH\Config\Factories.php(155): class_exists('Config\\Email')
 5 SYSTEMPATH\Config\Factories.php(125): CodeIgniter\Config\Factories::locateClass([...], 'Email')
 6 SYSTEMPATH\Common.php(204): CodeIgniter\Config\Factories::__callStatic('config', [])
 7 SYSTEMPATH\Config\Services.php(218): config('Email')
 8 SYSTEMPATH\Config\BaseService.php(253): CodeIgniter\Config\Services::email(null, false)
 9 SYSTEMPATH\Config\BaseService.php(194): CodeIgniter\Config\BaseService::__callStatic('email', [...])
10 SYSTEMPATH\Config\Services.php(214): CodeIgniter\Config\BaseService::getSharedInstance('email', null)
11 SYSTEMPATH\Config\BaseService.php(253): CodeIgniter\Config\Services::email()
12 APPPATH\Controllers\Cbook.php(85): CodeIgniter\Config\BaseService::__callStatic('email', [])
13 SYSTEMPATH\CodeIgniter.php(925): App\Controllers\Cbook->store()
14 SYSTEMPATH\CodeIgniter.php(480): CodeIgniter\CodeIgniter->runController(Object(App\Controllers\Cbook))
15 SYSTEMPATH\CodeIgniter.php(349): CodeIgniter\CodeIgniter->handleRequest(null, Object(Config\Cache), false)
16 FCPATH\index.php(67): CodeIgniter\CodeIgniter->run()
CRITICAL - 2023-03-06 10:06:26 --> syntax error, unexpected single-quoted string "smtp.gmail.com", expecting "," or ";"
in APPPATH\Config\Email.php on line 50.
 1 SYSTEMPATH\Autoloader\Autoloader.php(260): CodeIgniter\Autoloader\Autoloader->includeFile('APPPATH\\Config\\Email.php')
 2 SYSTEMPATH\Autoloader\Autoloader.php(238): CodeIgniter\Autoloader\Autoloader->loadInNamespace('Config\\Email')
 3 [internal function]: CodeIgniter\Autoloader\Autoloader->loadClass('Config\\Email')
 4 SYSTEMPATH\Config\Factories.php(155): class_exists('Config\\Email')
 5 SYSTEMPATH\Config\Factories.php(125): CodeIgniter\Config\Factories::locateClass([...], 'Email')
 6 SYSTEMPATH\Common.php(204): CodeIgniter\Config\Factories::__callStatic('config', [])
 7 SYSTEMPATH\Config\Services.php(218): config('Email')
 8 SYSTEMPATH\Config\BaseService.php(253): CodeIgniter\Config\Services::email(null, false)
 9 SYSTEMPATH\Config\BaseService.php(194): CodeIgniter\Config\BaseService::__callStatic('email', [...])
10 SYSTEMPATH\Config\Services.php(214): CodeIgniter\Config\BaseService::getSharedInstance('email', null)
11 SYSTEMPATH\Config\BaseService.php(253): CodeIgniter\Config\Services::email()
12 APPPATH\Controllers\Cbook.php(85): CodeIgniter\Config\BaseService::__callStatic('email', [])
13 SYSTEMPATH\CodeIgniter.php(925): App\Controllers\Cbook->store()
14 SYSTEMPATH\CodeIgniter.php(480): CodeIgniter\CodeIgniter->runController(Object(App\Controllers\Cbook))
15 SYSTEMPATH\CodeIgniter.php(349): CodeIgniter\CodeIgniter->handleRequest(null, Object(Config\Cache), false)
16 FCPATH\index.php(67): CodeIgniter\CodeIgniter->run()
CRITICAL - 2023-03-06 10:07:24 --> syntax error, unexpected single-quoted string "smtp.gmail.com", expecting "," or ";"
in APPPATH\Config\Email.php on line 50.
 1 SYSTEMPATH\Autoloader\Autoloader.php(260): CodeIgniter\Autoloader\Autoloader->includeFile('APPPATH\\Config\\Email.php')
 2 SYSTEMPATH\Autoloader\Autoloader.php(238): CodeIgniter\Autoloader\Autoloader->loadInNamespace('Config\\Email')
 3 [internal function]: CodeIgniter\Autoloader\Autoloader->loadClass('Config\\Email')
 4 SYSTEMPATH\Config\Factories.php(155): class_exists('Config\\Email')
 5 SYSTEMPATH\Config\Factories.php(125): CodeIgniter\Config\Factories::locateClass([...], 'Email')
 6 SYSTEMPATH\Common.php(204): CodeIgniter\Config\Factories::__callStatic('config', [])
 7 SYSTEMPATH\Config\Services.php(218): config('Email')
 8 SYSTEMPATH\Config\BaseService.php(253): CodeIgniter\Config\Services::email(null, false)
 9 SYSTEMPATH\Config\BaseService.php(194): CodeIgniter\Config\BaseService::__callStatic('email', [...])
10 SYSTEMPATH\Config\Services.php(214): CodeIgniter\Config\BaseService::getSharedInstance('email', null)
11 SYSTEMPATH\Config\BaseService.php(253): CodeIgniter\Config\Services::email()
12 APPPATH\Controllers\Cbook.php(85): CodeIgniter\Config\BaseService::__callStatic('email', [])
13 SYSTEMPATH\CodeIgniter.php(925): App\Controllers\Cbook->store()
14 SYSTEMPATH\CodeIgniter.php(480): CodeIgniter\CodeIgniter->runController(Object(App\Controllers\Cbook))
15 SYSTEMPATH\CodeIgniter.php(349): CodeIgniter\CodeIgniter->handleRequest(null, Object(Config\Cache), false)
16 FCPATH\index.php(67): CodeIgniter\CodeIgniter->run()
